INFO	src.utils.logger |:|	logger initialized with file: /home/lagom-qaoa/outputs/logs/2025-07-29_03-48-08_gnn_rl_trainer_TransformerConv_p2.log
INFO	__main__ |:|	Training set has 202 instances
INFO	__main__ |:|	Test set has 258 instances
INFO	__main__ |:|	Initializing GNN-based training with:
INFO	__main__ |:|	  GNN type: TransformerConv
INFO	__main__ |:|	  GNN hidden dim: 256
INFO	__main__ |:|	  GNN layers: 3
INFO	__main__ |:|	  p: 2, n_epochs: 500, eps_per_epoch: 128, T: 128
INFO	__main__ |:|	  Destination directory: outputs/2025-07-29_03-48-08_gnn_rl_model_TransformerConv_p2
INFO	__main__ |:|	Starting GNN-based training...
INFO	__main__ |:|	Training GNN-based agent with TransformerConv architecture
INFO	__main__ |:|	Placing computation in DEVICE: cuda:1
INFO	__main__ |:|	Creating GNN-PPO agent with state_dim: 20, action_dim: 4
INFO	__main__ |:|	[Epoch 0] Training on graph 0
INFO	__main__ |:|	[Epoch 0] Training on graph 10
INFO	__main__ |:|	[Epoch 0] Training on graph 20
INFO	__main__ |:|	[Epoch 0] Training on graph 30
INFO	__main__ |:|	[Epoch 0] Training on graph 40
INFO	__main__ |:|	[Epoch 0] Training on graph 50
INFO	__main__ |:|	[Epoch 0] Training on graph 60
INFO	__main__ |:|	[Epoch 0] Training on graph 0
INFO	__main__ |:|	[Epoch 0] Training on graph 10
INFO	__main__ |:|	[Epoch 0] Training on graph 20
INFO	__main__ |:|	[Epoch 0] Training on graph 30
INFO	__main__ |:|	[Epoch 0] Training on graph 40
INFO	__main__ |:|	[Epoch 0] Training on graph 50
INFO	__main__ |:|	[Epoch 0] took 3.39 minutes.
INFO	__main__ |:|	Evaluating on test set with 70 graphs...
INFO	__main__ |:|	[Epoch 0] Test evaluation took 4.56 minutes.
INFO	__main__ |:|	[Epoch 0] New best model saved!
INFO	__main__ |:|	[Epoch 0] Train reward: 0.0189, Test reward: -0.0066 ± 0.1403
INFO	__main__ |:|	[Epoch 1] Training on graph 0
INFO	__main__ |:|	[Epoch 1] Training on graph 10
INFO	__main__ |:|	[Epoch 1] Training on graph 20
INFO	__main__ |:|	[Epoch 1] Training on graph 30
INFO	__main__ |:|	[Epoch 1] Training on graph 40
INFO	__main__ |:|	[Epoch 1] Training on graph 50
INFO	__main__ |:|	[Epoch 1] Training on graph 60
INFO	__main__ |:|	[Epoch 1] Training on graph 0
INFO	__main__ |:|	[Epoch 1] Training on graph 10
INFO	__main__ |:|	[Epoch 1] Training on graph 20
INFO	__main__ |:|	[Epoch 1] Training on graph 30
INFO	__main__ |:|	[Epoch 1] Training on graph 40
INFO	__main__ |:|	[Epoch 1] Training on graph 50
INFO	__main__ |:|	[Epoch 1] took 3.32 minutes.
INFO	__main__ |:|	[Epoch 1] Train reward: -0.0024
INFO	__main__ |:|	[Epoch 2] Training on graph 0
INFO	__main__ |:|	[Epoch 2] Training on graph 10
INFO	__main__ |:|	[Epoch 2] Training on graph 20
INFO	__main__ |:|	[Epoch 2] Training on graph 30
INFO	__main__ |:|	[Epoch 2] Training on graph 40
INFO	__main__ |:|	[Epoch 2] Training on graph 50
INFO	__main__ |:|	[Epoch 2] Training on graph 60
INFO	__main__ |:|	[Epoch 2] Training on graph 0
INFO	__main__ |:|	[Epoch 2] Training on graph 10
INFO	__main__ |:|	[Epoch 2] Training on graph 20
INFO	__main__ |:|	[Epoch 2] Training on graph 30
INFO	__main__ |:|	[Epoch 2] Training on graph 40
INFO	__main__ |:|	[Epoch 2] Training on graph 50
INFO	__main__ |:|	[Epoch 2] took 3.29 minutes.
INFO	__main__ |:|	[Epoch 2] Train reward: -0.0163
INFO	__main__ |:|	[Epoch 3] Training on graph 0
INFO	__main__ |:|	[Epoch 3] Training on graph 10
INFO	__main__ |:|	[Epoch 3] Training on graph 20
INFO	__main__ |:|	[Epoch 3] Training on graph 30
INFO	__main__ |:|	[Epoch 3] Training on graph 40
INFO	__main__ |:|	[Epoch 3] Training on graph 50
INFO	__main__ |:|	[Epoch 3] Training on graph 60
INFO	__main__ |:|	[Epoch 3] Training on graph 0
INFO	__main__ |:|	[Epoch 3] Training on graph 10
INFO	__main__ |:|	[Epoch 3] Training on graph 20
INFO	__main__ |:|	[Epoch 3] Training on graph 30
INFO	__main__ |:|	[Epoch 3] Training on graph 40
INFO	__main__ |:|	[Epoch 3] Training on graph 50
INFO	__main__ |:|	[Epoch 3] took 3.30 minutes.
INFO	__main__ |:|	[Epoch 3] Train reward: -0.0012
INFO	__main__ |:|	[Epoch 4] Training on graph 0
INFO	__main__ |:|	[Epoch 4] Training on graph 10
INFO	__main__ |:|	[Epoch 4] Training on graph 20
INFO	__main__ |:|	[Epoch 4] Training on graph 30
INFO	__main__ |:|	[Epoch 4] Training on graph 40
INFO	__main__ |:|	[Epoch 4] Training on graph 50
INFO	__main__ |:|	[Epoch 4] Training on graph 60
INFO	__main__ |:|	[Epoch 4] Training on graph 0
INFO	__main__ |:|	[Epoch 4] Training on graph 10
INFO	__main__ |:|	[Epoch 4] Training on graph 20
INFO	__main__ |:|	[Epoch 4] Training on graph 30
INFO	__main__ |:|	[Epoch 4] Training on graph 40
INFO	__main__ |:|	[Epoch 4] Training on graph 50
INFO	__main__ |:|	[Epoch 4] took 3.26 minutes.
INFO	__main__ |:|	[Epoch 4] Train reward: 0.0081
INFO	__main__ |:|	[Epoch 5] Training on graph 0
INFO	__main__ |:|	[Epoch 5] Training on graph 10
INFO	__main__ |:|	[Epoch 5] Training on graph 20
INFO	__main__ |:|	[Epoch 5] Training on graph 30
INFO	__main__ |:|	[Epoch 5] Training on graph 40
INFO	__main__ |:|	[Epoch 5] Training on graph 50
INFO	__main__ |:|	[Epoch 5] Training on graph 60
INFO	__main__ |:|	[Epoch 5] Training on graph 0
INFO	__main__ |:|	[Epoch 5] Training on graph 10
INFO	__main__ |:|	[Epoch 5] Training on graph 20
INFO	__main__ |:|	[Epoch 5] Training on graph 30
INFO	__main__ |:|	[Epoch 5] Training on graph 40
INFO	__main__ |:|	[Epoch 5] Training on graph 50
INFO	__main__ |:|	[Epoch 5] took 3.18 minutes.
INFO	__main__ |:|	Evaluating on test set with 70 graphs...
INFO	__main__ |:|	[Epoch 5] Test evaluation took 3.94 minutes.
INFO	__main__ |:|	[Epoch 5] Train reward: 0.0022, Test reward: -0.0371 ± 0.1712
INFO	__main__ |:|	[Epoch 6] Training on graph 0
INFO	__main__ |:|	[Epoch 6] Training on graph 10
INFO	__main__ |:|	[Epoch 6] Training on graph 20
INFO	__main__ |:|	[Epoch 6] Training on graph 30
INFO	__main__ |:|	[Epoch 6] Training on graph 40
INFO	__main__ |:|	[Epoch 6] Training on graph 50
INFO	__main__ |:|	[Epoch 6] Training on graph 60
INFO	__main__ |:|	[Epoch 6] Training on graph 0
INFO	__main__ |:|	[Epoch 6] Training on graph 10
INFO	__main__ |:|	[Epoch 6] Training on graph 20
INFO	__main__ |:|	[Epoch 6] Training on graph 30
INFO	__main__ |:|	[Epoch 6] Training on graph 40
INFO	__main__ |:|	[Epoch 6] Training on graph 50
INFO	__main__ |:|	[Epoch 6] took 3.32 minutes.
INFO	__main__ |:|	[Epoch 6] Train reward: 0.0011
INFO	__main__ |:|	[Epoch 7] Training on graph 0
INFO	__main__ |:|	[Epoch 7] Training on graph 10
INFO	__main__ |:|	[Epoch 7] Training on graph 20
INFO	__main__ |:|	[Epoch 7] Training on graph 30
INFO	__main__ |:|	[Epoch 7] Training on graph 40
INFO	__main__ |:|	[Epoch 7] Training on graph 50
INFO	__main__ |:|	[Epoch 7] Training on graph 60
INFO	__main__ |:|	[Epoch 7] Training on graph 0
INFO	__main__ |:|	[Epoch 7] Training on graph 10
INFO	__main__ |:|	[Epoch 7] Training on graph 20
INFO	__main__ |:|	[Epoch 7] Training on graph 30
INFO	__main__ |:|	[Epoch 7] Training on graph 40
INFO	__main__ |:|	[Epoch 7] Training on graph 50
INFO	__main__ |:|	[Epoch 7] took 3.24 minutes.
INFO	__main__ |:|	[Epoch 7] Train reward: 0.0022
INFO	__main__ |:|	[Epoch 8] Training on graph 0
INFO	__main__ |:|	[Epoch 8] Training on graph 10
INFO	__main__ |:|	[Epoch 8] Training on graph 20
INFO	__main__ |:|	[Epoch 8] Training on graph 30
INFO	__main__ |:|	[Epoch 8] Training on graph 40
INFO	__main__ |:|	[Epoch 8] Training on graph 50
INFO	__main__ |:|	[Epoch 8] Training on graph 60
INFO	__main__ |:|	[Epoch 8] Training on graph 0
INFO	__main__ |:|	[Epoch 8] Training on graph 10
INFO	__main__ |:|	[Epoch 8] Training on graph 20
INFO	__main__ |:|	[Epoch 8] Training on graph 30
INFO	__main__ |:|	[Epoch 8] Training on graph 40
INFO	__main__ |:|	[Epoch 8] Training on graph 50
INFO	__main__ |:|	[Epoch 8] took 3.29 minutes.
INFO	__main__ |:|	[Epoch 8] Train reward: 0.0109
INFO	__main__ |:|	[Epoch 9] Training on graph 0
INFO	__main__ |:|	[Epoch 9] Training on graph 10
INFO	__main__ |:|	[Epoch 9] Training on graph 20
INFO	__main__ |:|	[Epoch 9] Training on graph 30
INFO	__main__ |:|	[Epoch 9] Training on graph 40
INFO	__main__ |:|	[Epoch 9] Training on graph 50
INFO	__main__ |:|	[Epoch 9] Training on graph 60
INFO	__main__ |:|	[Epoch 9] Training on graph 0
INFO	__main__ |:|	[Epoch 9] Training on graph 10
INFO	__main__ |:|	[Epoch 9] Training on graph 20
INFO	__main__ |:|	[Epoch 9] Training on graph 30
INFO	__main__ |:|	[Epoch 9] Training on graph 40
INFO	__main__ |:|	[Epoch 9] Training on graph 50
INFO	__main__ |:|	[Epoch 9] took 3.34 minutes.
INFO	__main__ |:|	[Epoch 9] Train reward: 0.0083
INFO	__main__ |:|	[Epoch 10] Training on graph 0
INFO	__main__ |:|	[Epoch 10] Training on graph 10
INFO	__main__ |:|	[Epoch 10] Training on graph 20
INFO	__main__ |:|	[Epoch 10] Training on graph 30
INFO	__main__ |:|	[Epoch 10] Training on graph 40
INFO	__main__ |:|	[Epoch 10] Training on graph 50
INFO	__main__ |:|	[Epoch 10] Training on graph 60
INFO	__main__ |:|	[Epoch 10] Training on graph 0
INFO	__main__ |:|	[Epoch 10] Training on graph 10
INFO	__main__ |:|	[Epoch 10] Training on graph 20
INFO	__main__ |:|	[Epoch 10] Training on graph 30
INFO	__main__ |:|	[Epoch 10] Training on graph 40
INFO	__main__ |:|	[Epoch 10] Training on graph 50
INFO	__main__ |:|	[Epoch 10] took 3.14 minutes.
INFO	__main__ |:|	Evaluating on test set with 70 graphs...
INFO	__main__ |:|	[Epoch 10] Test evaluation took 3.22 minutes.
INFO	__main__ |:|	[Epoch 10] Train reward: -0.0186, Test reward: -0.0331 ± 0.1594
INFO	__main__ |:|	[Epoch 11] Training on graph 0
INFO	__main__ |:|	[Epoch 11] Training on graph 10
INFO	__main__ |:|	[Epoch 11] Training on graph 20
INFO	__main__ |:|	[Epoch 11] Training on graph 30
INFO	__main__ |:|	[Epoch 11] Training on graph 40
INFO	__main__ |:|	[Epoch 11] Training on graph 50
INFO	__main__ |:|	[Epoch 11] Training on graph 60
INFO	__main__ |:|	[Epoch 11] Training on graph 0
INFO	__main__ |:|	[Epoch 11] Training on graph 10
INFO	__main__ |:|	[Epoch 11] Training on graph 20
INFO	__main__ |:|	[Epoch 11] Training on graph 30
INFO	__main__ |:|	[Epoch 11] Training on graph 40
INFO	__main__ |:|	[Epoch 11] Training on graph 50
INFO	__main__ |:|	[Epoch 11] took 3.32 minutes.
INFO	__main__ |:|	[Epoch 11] Train reward: -0.0008
INFO	__main__ |:|	[Epoch 12] Training on graph 0
INFO	__main__ |:|	[Epoch 12] Training on graph 10
INFO	__main__ |:|	[Epoch 12] Training on graph 20
INFO	__main__ |:|	[Epoch 12] Training on graph 30
INFO	__main__ |:|	[Epoch 12] Training on graph 40
INFO	__main__ |:|	[Epoch 12] Training on graph 50
INFO	__main__ |:|	[Epoch 12] Training on graph 60
INFO	__main__ |:|	[Epoch 12] Training on graph 0
INFO	__main__ |:|	[Epoch 12] Training on graph 10
INFO	__main__ |:|	[Epoch 12] Training on graph 20
INFO	__main__ |:|	[Epoch 12] Training on graph 30
INFO	__main__ |:|	[Epoch 12] Training on graph 40
INFO	__main__ |:|	[Epoch 12] Training on graph 50
INFO	__main__ |:|	[Epoch 12] took 3.30 minutes.
INFO	__main__ |:|	[Epoch 12] Train reward: 0.0007
INFO	__main__ |:|	[Epoch 13] Training on graph 0
INFO	__main__ |:|	[Epoch 13] Training on graph 10
INFO	__main__ |:|	[Epoch 13] Training on graph 20
INFO	__main__ |:|	[Epoch 13] Training on graph 30
INFO	__main__ |:|	[Epoch 13] Training on graph 40
INFO	__main__ |:|	[Epoch 13] Training on graph 50
INFO	__main__ |:|	[Epoch 13] Training on graph 60
INFO	__main__ |:|	[Epoch 13] Training on graph 0
INFO	__main__ |:|	[Epoch 13] Training on graph 10
INFO	__main__ |:|	[Epoch 13] Training on graph 20
INFO	__main__ |:|	[Epoch 13] Training on graph 30
INFO	__main__ |:|	[Epoch 13] Training on graph 40
INFO	__main__ |:|	[Epoch 13] Training on graph 50
INFO	__main__ |:|	[Epoch 13] took 3.30 minutes.
INFO	__main__ |:|	[Epoch 13] Train reward: -0.0017
INFO	__main__ |:|	[Epoch 14] Training on graph 0
INFO	__main__ |:|	[Epoch 14] Training on graph 10
INFO	__main__ |:|	[Epoch 14] Training on graph 20
INFO	__main__ |:|	[Epoch 14] Training on graph 30
INFO	__main__ |:|	[Epoch 14] Training on graph 40
INFO	__main__ |:|	[Epoch 14] Training on graph 50
INFO	__main__ |:|	[Epoch 14] Training on graph 60
INFO	__main__ |:|	[Epoch 14] Training on graph 0
INFO	__main__ |:|	[Epoch 14] Training on graph 10
INFO	__main__ |:|	[Epoch 14] Training on graph 20
INFO	__main__ |:|	[Epoch 14] Training on graph 30
INFO	__main__ |:|	[Epoch 14] Training on graph 40
INFO	__main__ |:|	[Epoch 14] Training on graph 50
INFO	__main__ |:|	[Epoch 14] took 3.29 minutes.
INFO	__main__ |:|	[Epoch 14] Train reward: 0.0063
INFO	__main__ |:|	[Epoch 15] Training on graph 0
INFO	__main__ |:|	[Epoch 15] Training on graph 10
INFO	__main__ |:|	[Epoch 15] Training on graph 20
INFO	__main__ |:|	[Epoch 15] Training on graph 30
INFO	__main__ |:|	[Epoch 15] Training on graph 40
INFO	__main__ |:|	[Epoch 15] Training on graph 50
INFO	__main__ |:|	[Epoch 15] Training on graph 60
INFO	__main__ |:|	[Epoch 15] Training on graph 0
INFO	__main__ |:|	[Epoch 15] Training on graph 10
INFO	__main__ |:|	[Epoch 15] Training on graph 20
INFO	__main__ |:|	[Epoch 15] Training on graph 30
INFO	__main__ |:|	[Epoch 15] Training on graph 40
INFO	__main__ |:|	[Epoch 15] Training on graph 50
INFO	__main__ |:|	[Epoch 15] took 3.09 minutes.
INFO	__main__ |:|	Evaluating on test set with 70 graphs...
INFO	__main__ |:|	[Epoch 15] Test evaluation took 5.17 minutes.
INFO	__main__ |:|	[Epoch 15] Train reward: -0.0188, Test reward: -0.0215 ± 0.1391
INFO	__main__ |:|	[Epoch 16] Training on graph 0
INFO	__main__ |:|	[Epoch 16] Training on graph 10
INFO	__main__ |:|	[Epoch 16] Training on graph 20
INFO	__main__ |:|	[Epoch 16] Training on graph 30
INFO	__main__ |:|	[Epoch 16] Training on graph 40
INFO	__main__ |:|	[Epoch 16] Training on graph 50
INFO	__main__ |:|	[Epoch 16] Training on graph 60
INFO	__main__ |:|	[Epoch 16] Training on graph 0
INFO	__main__ |:|	[Epoch 16] Training on graph 10
INFO	__main__ |:|	[Epoch 16] Training on graph 20
INFO	__main__ |:|	[Epoch 16] Training on graph 30
INFO	__main__ |:|	[Epoch 16] Training on graph 40
INFO	__main__ |:|	[Epoch 16] Training on graph 50
INFO	__main__ |:|	[Epoch 16] took 3.30 minutes.
INFO	__main__ |:|	[Epoch 16] Train reward: 0.0382
INFO	__main__ |:|	[Epoch 17] Training on graph 0
INFO	__main__ |:|	[Epoch 17] Training on graph 10
INFO	__main__ |:|	[Epoch 17] Training on graph 20
INFO	__main__ |:|	[Epoch 17] Training on graph 30
INFO	__main__ |:|	[Epoch 17] Training on graph 40
INFO	__main__ |:|	[Epoch 17] Training on graph 50
INFO	__main__ |:|	[Epoch 17] Training on graph 60
INFO	__main__ |:|	[Epoch 17] Training on graph 0
INFO	__main__ |:|	[Epoch 17] Training on graph 10
INFO	__main__ |:|	[Epoch 17] Training on graph 20
INFO	__main__ |:|	[Epoch 17] Training on graph 30
INFO	__main__ |:|	[Epoch 17] Training on graph 40
INFO	__main__ |:|	[Epoch 17] Training on graph 50
INFO	__main__ |:|	[Epoch 17] took 3.34 minutes.
INFO	__main__ |:|	[Epoch 17] Train reward: -0.0172
INFO	__main__ |:|	[Epoch 18] Training on graph 0
INFO	__main__ |:|	[Epoch 18] Training on graph 10
INFO	__main__ |:|	[Epoch 18] Training on graph 20
INFO	__main__ |:|	[Epoch 18] Training on graph 30
INFO	__main__ |:|	[Epoch 18] Training on graph 40
INFO	__main__ |:|	[Epoch 18] Training on graph 50
INFO	__main__ |:|	[Epoch 18] Training on graph 60
INFO	__main__ |:|	[Epoch 18] Training on graph 0
INFO	__main__ |:|	[Epoch 18] Training on graph 10
INFO	__main__ |:|	[Epoch 18] Training on graph 20
INFO	__main__ |:|	[Epoch 18] Training on graph 30
INFO	__main__ |:|	[Epoch 18] Training on graph 40
INFO	__main__ |:|	[Epoch 18] Training on graph 50
INFO	__main__ |:|	[Epoch 18] took 3.30 minutes.
INFO	__main__ |:|	[Epoch 18] Train reward: 0.0319
INFO	__main__ |:|	[Epoch 19] Training on graph 0
INFO	__main__ |:|	[Epoch 19] Training on graph 10
INFO	__main__ |:|	[Epoch 19] Training on graph 20
INFO	__main__ |:|	[Epoch 19] Training on graph 30
INFO	__main__ |:|	[Epoch 19] Training on graph 40
INFO	__main__ |:|	[Epoch 19] Training on graph 50
INFO	__main__ |:|	[Epoch 19] Training on graph 60
INFO	__main__ |:|	[Epoch 19] Training on graph 0
INFO	__main__ |:|	[Epoch 19] Training on graph 10
INFO	__main__ |:|	[Epoch 19] Training on graph 20
INFO	__main__ |:|	[Epoch 19] Training on graph 30
INFO	__main__ |:|	[Epoch 19] Training on graph 40
INFO	__main__ |:|	[Epoch 19] Training on graph 50
INFO	__main__ |:|	[Epoch 19] took 3.20 minutes.
INFO	__main__ |:|	[Epoch 19] Train reward: -0.0134
INFO	__main__ |:|	[Epoch 20] Training on graph 0
INFO	__main__ |:|	[Epoch 20] Training on graph 10
INFO	__main__ |:|	[Epoch 20] Training on graph 20
INFO	__main__ |:|	[Epoch 20] Training on graph 30
INFO	__main__ |:|	[Epoch 20] Training on graph 40
INFO	__main__ |:|	[Epoch 20] Training on graph 50
INFO	__main__ |:|	[Epoch 20] Training on graph 60
INFO	__main__ |:|	[Epoch 20] Training on graph 0
INFO	__main__ |:|	[Epoch 20] Training on graph 10
INFO	__main__ |:|	[Epoch 20] Training on graph 20
INFO	__main__ |:|	[Epoch 20] Training on graph 30
INFO	__main__ |:|	[Epoch 20] Training on graph 40
INFO	__main__ |:|	[Epoch 20] Training on graph 50
INFO	__main__ |:|	[Epoch 20] took 3.14 minutes.
INFO	__main__ |:|	Evaluating on test set with 70 graphs...
INFO	__main__ |:|	[Epoch 20] Test evaluation took 4.63 minutes.
INFO	__main__ |:|	[Epoch 20] Train reward: -0.0264, Test reward: -0.0148 ± 0.1490
INFO	__main__ |:|	[Epoch 21] Training on graph 0
INFO	__main__ |:|	[Epoch 21] Training on graph 10
INFO	__main__ |:|	[Epoch 21] Training on graph 20
INFO	__main__ |:|	[Epoch 21] Training on graph 30
INFO	__main__ |:|	[Epoch 21] Training on graph 40
INFO	__main__ |:|	[Epoch 21] Training on graph 50
INFO	__main__ |:|	[Epoch 21] Training on graph 60
INFO	__main__ |:|	[Epoch 21] Training on graph 0
INFO	__main__ |:|	[Epoch 21] Training on graph 10
INFO	__main__ |:|	[Epoch 21] Training on graph 20
INFO	__main__ |:|	[Epoch 21] Training on graph 30
INFO	__main__ |:|	[Epoch 21] Training on graph 40
INFO	__main__ |:|	[Epoch 21] Training on graph 50
INFO	__main__ |:|	[Epoch 21] took 3.25 minutes.
INFO	__main__ |:|	[Epoch 21] Train reward: -0.0113
INFO	__main__ |:|	[Epoch 22] Training on graph 0
INFO	__main__ |:|	[Epoch 22] Training on graph 10
INFO	__main__ |:|	[Epoch 22] Training on graph 20
INFO	__main__ |:|	[Epoch 22] Training on graph 30
INFO	__main__ |:|	[Epoch 22] Training on graph 40
INFO	__main__ |:|	[Epoch 22] Training on graph 50
INFO	__main__ |:|	[Epoch 22] Training on graph 60
INFO	__main__ |:|	[Epoch 22] Training on graph 0
INFO	__main__ |:|	[Epoch 22] Training on graph 10
INFO	__main__ |:|	[Epoch 22] Training on graph 20
INFO	__main__ |:|	[Epoch 22] Training on graph 30
INFO	__main__ |:|	[Epoch 22] Training on graph 40
INFO	__main__ |:|	[Epoch 22] Training on graph 50
INFO	__main__ |:|	[Epoch 22] took 3.32 minutes.
INFO	__main__ |:|	[Epoch 22] Train reward: 0.0390
INFO	__main__ |:|	[Epoch 23] Training on graph 0
INFO	__main__ |:|	[Epoch 23] Training on graph 10
INFO	__main__ |:|	[Epoch 23] Training on graph 20
INFO	__main__ |:|	[Epoch 23] Training on graph 30
INFO	__main__ |:|	[Epoch 23] Training on graph 40
INFO	__main__ |:|	[Epoch 23] Training on graph 50
INFO	__main__ |:|	[Epoch 23] Training on graph 60
INFO	__main__ |:|	[Epoch 23] Training on graph 0
INFO	__main__ |:|	[Epoch 23] Training on graph 10
INFO	__main__ |:|	[Epoch 23] Training on graph 20
INFO	__main__ |:|	[Epoch 23] Training on graph 30
INFO	__main__ |:|	[Epoch 23] Training on graph 40
INFO	__main__ |:|	[Epoch 23] Training on graph 50
INFO	__main__ |:|	[Epoch 23] took 3.22 minutes.
INFO	__main__ |:|	[Epoch 23] Train reward: 0.0156
INFO	__main__ |:|	[Epoch 24] Training on graph 0
INFO	__main__ |:|	[Epoch 24] Training on graph 10
INFO	__main__ |:|	[Epoch 24] Training on graph 20
INFO	__main__ |:|	[Epoch 24] Training on graph 30
INFO	__main__ |:|	[Epoch 24] Training on graph 40
INFO	__main__ |:|	[Epoch 24] Training on graph 50
INFO	__main__ |:|	[Epoch 24] Training on graph 60
INFO	__main__ |:|	[Epoch 24] Training on graph 0
INFO	__main__ |:|	[Epoch 24] Training on graph 10
INFO	__main__ |:|	[Epoch 24] Training on graph 20
INFO	__main__ |:|	[Epoch 24] Training on graph 30
INFO	__main__ |:|	[Epoch 24] Training on graph 40
INFO	__main__ |:|	[Epoch 24] Training on graph 50
INFO	__main__ |:|	[Epoch 24] took 3.10 minutes.
INFO	__main__ |:|	[Epoch 24] Train reward: 0.0081
INFO	__main__ |:|	[Epoch 25] Training on graph 0
INFO	__main__ |:|	[Epoch 25] Training on graph 10
INFO	__main__ |:|	[Epoch 25] Training on graph 20
INFO	__main__ |:|	[Epoch 25] Training on graph 30
INFO	__main__ |:|	[Epoch 25] Training on graph 40
INFO	__main__ |:|	[Epoch 25] Training on graph 50
INFO	__main__ |:|	[Epoch 25] Training on graph 60
INFO	__main__ |:|	[Epoch 25] Training on graph 0
INFO	__main__ |:|	[Epoch 25] Training on graph 10
INFO	__main__ |:|	[Epoch 25] Training on graph 20
INFO	__main__ |:|	[Epoch 25] Training on graph 30
INFO	__main__ |:|	[Epoch 25] Training on graph 40
INFO	__main__ |:|	[Epoch 25] Training on graph 50
INFO	__main__ |:|	[Epoch 25] took 3.31 minutes.
INFO	__main__ |:|	Evaluating on test set with 70 graphs...
INFO	__main__ |:|	[Epoch 25] Test evaluation took 4.44 minutes.
INFO	__main__ |:|	[Epoch 25] Train reward: -0.0073, Test reward: -0.0207 ± 0.1551
INFO	__main__ |:|	[Epoch 26] Training on graph 0
INFO	__main__ |:|	[Epoch 26] Training on graph 10
INFO	__main__ |:|	[Epoch 26] Training on graph 20
INFO	__main__ |:|	[Epoch 26] Training on graph 30
INFO	__main__ |:|	[Epoch 26] Training on graph 40
INFO	__main__ |:|	[Epoch 26] Training on graph 50
INFO	__main__ |:|	[Epoch 26] Training on graph 60
INFO	__main__ |:|	[Epoch 26] Training on graph 0
INFO	__main__ |:|	[Epoch 26] Training on graph 10
INFO	__main__ |:|	[Epoch 26] Training on graph 20
INFO	__main__ |:|	[Epoch 26] Training on graph 30
INFO	__main__ |:|	[Epoch 26] Training on graph 40
INFO	__main__ |:|	[Epoch 26] Training on graph 50
INFO	__main__ |:|	[Epoch 26] took 3.23 minutes.
INFO	__main__ |:|	[Epoch 26] Train reward: 0.0106
INFO	__main__ |:|	[Epoch 27] Training on graph 0
INFO	__main__ |:|	[Epoch 27] Training on graph 10
INFO	__main__ |:|	[Epoch 27] Training on graph 20
INFO	__main__ |:|	[Epoch 27] Training on graph 30
INFO	__main__ |:|	[Epoch 27] Training on graph 40
INFO	__main__ |:|	[Epoch 27] Training on graph 50
INFO	__main__ |:|	[Epoch 27] Training on graph 60
INFO	__main__ |:|	[Epoch 27] Training on graph 0
INFO	__main__ |:|	[Epoch 27] Training on graph 10
INFO	__main__ |:|	[Epoch 27] Training on graph 20
INFO	__main__ |:|	[Epoch 27] Training on graph 30
INFO	__main__ |:|	[Epoch 27] Training on graph 40
INFO	__main__ |:|	[Epoch 27] Training on graph 50
INFO	__main__ |:|	[Epoch 27] took 3.38 minutes.
INFO	__main__ |:|	[Epoch 27] Train reward: 0.0130
INFO	__main__ |:|	[Epoch 28] Training on graph 0
INFO	__main__ |:|	[Epoch 28] Training on graph 10
INFO	__main__ |:|	[Epoch 28] Training on graph 20
INFO	__main__ |:|	[Epoch 28] Training on graph 30
INFO	__main__ |:|	[Epoch 28] Training on graph 40
INFO	__main__ |:|	[Epoch 28] Training on graph 50
INFO	__main__ |:|	[Epoch 28] Training on graph 60
INFO	__main__ |:|	[Epoch 28] Training on graph 0
INFO	__main__ |:|	[Epoch 28] Training on graph 10
INFO	__main__ |:|	[Epoch 28] Training on graph 20
INFO	__main__ |:|	[Epoch 28] Training on graph 30
INFO	__main__ |:|	[Epoch 28] Training on graph 40
INFO	__main__ |:|	[Epoch 28] Training on graph 50
INFO	__main__ |:|	[Epoch 28] took 3.16 minutes.
INFO	__main__ |:|	[Epoch 28] Train reward: 0.0076
INFO	__main__ |:|	[Epoch 29] Training on graph 0
INFO	__main__ |:|	[Epoch 29] Training on graph 10
INFO	__main__ |:|	[Epoch 29] Training on graph 20
INFO	__main__ |:|	[Epoch 29] Training on graph 30
INFO	__main__ |:|	[Epoch 29] Training on graph 40
INFO	__main__ |:|	[Epoch 29] Training on graph 50
INFO	__main__ |:|	[Epoch 29] Training on graph 60
INFO	__main__ |:|	[Epoch 29] Training on graph 0
INFO	__main__ |:|	[Epoch 29] Training on graph 10
INFO	__main__ |:|	[Epoch 29] Training on graph 20
INFO	__main__ |:|	[Epoch 29] Training on graph 30
INFO	__main__ |:|	[Epoch 29] Training on graph 40
INFO	__main__ |:|	[Epoch 29] Training on graph 50
INFO	__main__ |:|	[Epoch 29] took 3.12 minutes.
INFO	__main__ |:|	[Epoch 29] Train reward: 0.0341
INFO	__main__ |:|	[Epoch 30] Training on graph 0
INFO	__main__ |:|	[Epoch 30] Training on graph 10
INFO	__main__ |:|	[Epoch 30] Training on graph 20
INFO	__main__ |:|	[Epoch 30] Training on graph 30
INFO	__main__ |:|	[Epoch 30] Training on graph 40
INFO	__main__ |:|	[Epoch 30] Training on graph 50
INFO	__main__ |:|	[Epoch 30] Training on graph 60
INFO	__main__ |:|	[Epoch 30] Training on graph 0
INFO	__main__ |:|	[Epoch 30] Training on graph 10
INFO	__main__ |:|	[Epoch 30] Training on graph 20
INFO	__main__ |:|	[Epoch 30] Training on graph 30
INFO	__main__ |:|	[Epoch 30] Training on graph 40
INFO	__main__ |:|	[Epoch 30] Training on graph 50
INFO	__main__ |:|	[Epoch 30] took 3.27 minutes.
INFO	__main__ |:|	Evaluating on test set with 70 graphs...
INFO	__main__ |:|	[Epoch 30] Test evaluation took 5.54 minutes.
INFO	__main__ |:|	[Epoch 30] New best model saved!
INFO	__main__ |:|	[Epoch 30] Train reward: -0.0003, Test reward: 0.0078 ± 0.1304
INFO	__main__ |:|	[Epoch 31] Training on graph 0
INFO	__main__ |:|	[Epoch 31] Training on graph 10
INFO	__main__ |:|	[Epoch 31] Training on graph 20
INFO	__main__ |:|	[Epoch 31] Training on graph 30
INFO	__main__ |:|	[Epoch 31] Training on graph 40
INFO	__main__ |:|	[Epoch 31] Training on graph 50
INFO	__main__ |:|	[Epoch 31] Training on graph 60
INFO	__main__ |:|	[Epoch 31] Training on graph 0
INFO	__main__ |:|	[Epoch 31] Training on graph 10
INFO	__main__ |:|	[Epoch 31] Training on graph 20
INFO	__main__ |:|	[Epoch 31] Training on graph 30
INFO	__main__ |:|	[Epoch 31] Training on graph 40
INFO	__main__ |:|	[Epoch 31] Training on graph 50
INFO	__main__ |:|	[Epoch 31] took 3.38 minutes.
INFO	__main__ |:|	[Epoch 31] Train reward: 0.0148
INFO	__main__ |:|	[Epoch 32] Training on graph 0
INFO	__main__ |:|	[Epoch 32] Training on graph 10
INFO	__main__ |:|	[Epoch 32] Training on graph 20
INFO	__main__ |:|	[Epoch 32] Training on graph 30
INFO	__main__ |:|	[Epoch 32] Training on graph 40
INFO	__main__ |:|	[Epoch 32] Training on graph 50
INFO	__main__ |:|	[Epoch 32] Training on graph 60
INFO	__main__ |:|	[Epoch 32] Training on graph 0
INFO	__main__ |:|	[Epoch 32] Training on graph 10
INFO	__main__ |:|	[Epoch 32] Training on graph 20
INFO	__main__ |:|	[Epoch 32] Training on graph 30
INFO	__main__ |:|	[Epoch 32] Training on graph 40
INFO	__main__ |:|	[Epoch 32] Training on graph 50
INFO	__main__ |:|	[Epoch 32] took 3.26 minutes.
INFO	__main__ |:|	[Epoch 32] Train reward: -0.0044
INFO	__main__ |:|	[Epoch 33] Training on graph 0
INFO	__main__ |:|	[Epoch 33] Training on graph 10
INFO	__main__ |:|	[Epoch 33] Training on graph 20
INFO	__main__ |:|	[Epoch 33] Training on graph 30
INFO	__main__ |:|	[Epoch 33] Training on graph 40
INFO	__main__ |:|	[Epoch 33] Training on graph 50
INFO	__main__ |:|	[Epoch 33] Training on graph 60
INFO	__main__ |:|	[Epoch 33] Training on graph 0
INFO	__main__ |:|	[Epoch 33] Training on graph 10
INFO	__main__ |:|	[Epoch 33] Training on graph 20
INFO	__main__ |:|	[Epoch 33] Training on graph 30
INFO	__main__ |:|	[Epoch 33] Training on graph 40
INFO	__main__ |:|	[Epoch 33] Training on graph 50
INFO	__main__ |:|	[Epoch 33] took 3.11 minutes.
INFO	__main__ |:|	[Epoch 33] Train reward: 0.0035
INFO	__main__ |:|	[Epoch 34] Training on graph 0
INFO	__main__ |:|	[Epoch 34] Training on graph 10
INFO	__main__ |:|	[Epoch 34] Training on graph 20
INFO	__main__ |:|	[Epoch 34] Training on graph 30
INFO	__main__ |:|	[Epoch 34] Training on graph 40
INFO	__main__ |:|	[Epoch 34] Training on graph 50
INFO	__main__ |:|	[Epoch 34] Training on graph 60
INFO	__main__ |:|	[Epoch 34] Training on graph 0
INFO	__main__ |:|	[Epoch 34] Training on graph 10
INFO	__main__ |:|	[Epoch 34] Training on graph 20
INFO	__main__ |:|	[Epoch 34] Training on graph 30
INFO	__main__ |:|	[Epoch 34] Training on graph 40
INFO	__main__ |:|	[Epoch 34] Training on graph 50
INFO	__main__ |:|	[Epoch 34] took 3.23 minutes.
INFO	__main__ |:|	[Epoch 34] Train reward: -0.0180
INFO	__main__ |:|	[Epoch 35] Training on graph 0
INFO	__main__ |:|	[Epoch 35] Training on graph 10
INFO	__main__ |:|	[Epoch 35] Training on graph 20
INFO	__main__ |:|	[Epoch 35] Training on graph 30
INFO	__main__ |:|	[Epoch 35] Training on graph 40
INFO	__main__ |:|	[Epoch 35] Training on graph 50
INFO	__main__ |:|	[Epoch 35] Training on graph 60
INFO	__main__ |:|	[Epoch 35] Training on graph 0
INFO	__main__ |:|	[Epoch 35] Training on graph 10
INFO	__main__ |:|	[Epoch 35] Training on graph 20
INFO	__main__ |:|	[Epoch 35] Training on graph 30
INFO	__main__ |:|	[Epoch 35] Training on graph 40
INFO	__main__ |:|	[Epoch 35] Training on graph 50
INFO	__main__ |:|	[Epoch 35] took 3.33 minutes.
INFO	__main__ |:|	Evaluating on test set with 70 graphs...
INFO	__main__ |:|	[Epoch 35] Test evaluation took 3.56 minutes.
INFO	__main__ |:|	[Epoch 35] Train reward: -0.0192, Test reward: -0.0118 ± 0.1354
INFO	__main__ |:|	[Epoch 36] Training on graph 0
INFO	__main__ |:|	[Epoch 36] Training on graph 10
INFO	__main__ |:|	[Epoch 36] Training on graph 20
INFO	__main__ |:|	[Epoch 36] Training on graph 30
INFO	__main__ |:|	[Epoch 36] Training on graph 40
INFO	__main__ |:|	[Epoch 36] Training on graph 50
INFO	__main__ |:|	[Epoch 36] Training on graph 60
INFO	__main__ |:|	[Epoch 36] Training on graph 0
INFO	__main__ |:|	[Epoch 36] Training on graph 10
INFO	__main__ |:|	[Epoch 36] Training on graph 20
INFO	__main__ |:|	[Epoch 36] Training on graph 30
INFO	__main__ |:|	[Epoch 36] Training on graph 40
INFO	__main__ |:|	[Epoch 36] Training on graph 50
INFO	__main__ |:|	[Epoch 36] took 3.27 minutes.
INFO	__main__ |:|	[Epoch 36] Train reward: 0.0301
INFO	__main__ |:|	[Epoch 37] Training on graph 0
INFO	__main__ |:|	[Epoch 37] Training on graph 10
INFO	__main__ |:|	[Epoch 37] Training on graph 20
INFO	__main__ |:|	[Epoch 37] Training on graph 30
INFO	__main__ |:|	[Epoch 37] Training on graph 40
INFO	__main__ |:|	[Epoch 37] Training on graph 50
INFO	__main__ |:|	[Epoch 37] Training on graph 60
INFO	__main__ |:|	[Epoch 37] Training on graph 0
INFO	__main__ |:|	[Epoch 37] Training on graph 10
INFO	__main__ |:|	[Epoch 37] Training on graph 20
INFO	__main__ |:|	[Epoch 37] Training on graph 30
INFO	__main__ |:|	[Epoch 37] Training on graph 40
INFO	__main__ |:|	[Epoch 37] Training on graph 50
INFO	__main__ |:|	[Epoch 37] took 3.16 minutes.
INFO	__main__ |:|	[Epoch 37] Train reward: 0.0309
INFO	__main__ |:|	[Epoch 38] Training on graph 0
INFO	__main__ |:|	[Epoch 38] Training on graph 10
INFO	__main__ |:|	[Epoch 38] Training on graph 20
INFO	__main__ |:|	[Epoch 38] Training on graph 30
INFO	__main__ |:|	[Epoch 38] Training on graph 40
INFO	__main__ |:|	[Epoch 38] Training on graph 50
INFO	__main__ |:|	[Epoch 38] Training on graph 60
INFO	__main__ |:|	[Epoch 38] Training on graph 0
INFO	__main__ |:|	[Epoch 38] Training on graph 10
INFO	__main__ |:|	[Epoch 38] Training on graph 20
INFO	__main__ |:|	[Epoch 38] Training on graph 30
INFO	__main__ |:|	[Epoch 38] Training on graph 40
INFO	__main__ |:|	[Epoch 38] Training on graph 50
INFO	__main__ |:|	[Epoch 38] took 3.27 minutes.
INFO	__main__ |:|	[Epoch 38] Train reward: 0.0193
INFO	__main__ |:|	[Epoch 39] Training on graph 0
INFO	__main__ |:|	[Epoch 39] Training on graph 10
INFO	__main__ |:|	[Epoch 39] Training on graph 20
INFO	__main__ |:|	[Epoch 39] Training on graph 30
INFO	__main__ |:|	[Epoch 39] Training on graph 40
INFO	__main__ |:|	[Epoch 39] Training on graph 50
INFO	__main__ |:|	[Epoch 39] Training on graph 60
INFO	__main__ |:|	[Epoch 39] Training on graph 0
INFO	__main__ |:|	[Epoch 39] Training on graph 10
INFO	__main__ |:|	[Epoch 39] Training on graph 20
INFO	__main__ |:|	[Epoch 39] Training on graph 30
INFO	__main__ |:|	[Epoch 39] Training on graph 40
INFO	__main__ |:|	[Epoch 39] Training on graph 50
INFO	__main__ |:|	[Epoch 39] took 3.33 minutes.
INFO	__main__ |:|	[Epoch 39] Train reward: 0.0276
INFO	__main__ |:|	[Epoch 40] Training on graph 0
INFO	__main__ |:|	[Epoch 40] Training on graph 10
INFO	__main__ |:|	[Epoch 40] Training on graph 20
INFO	__main__ |:|	[Epoch 40] Training on graph 30
INFO	__main__ |:|	[Epoch 40] Training on graph 40
INFO	__main__ |:|	[Epoch 40] Training on graph 50
INFO	__main__ |:|	[Epoch 40] Training on graph 60
INFO	__main__ |:|	[Epoch 40] Training on graph 0
INFO	__main__ |:|	[Epoch 40] Training on graph 10
INFO	__main__ |:|	[Epoch 40] Training on graph 20
INFO	__main__ |:|	[Epoch 40] Training on graph 30
INFO	__main__ |:|	[Epoch 40] Training on graph 40
INFO	__main__ |:|	[Epoch 40] Training on graph 50
INFO	__main__ |:|	[Epoch 40] took 3.25 minutes.
INFO	__main__ |:|	Evaluating on test set with 70 graphs...
INFO	__main__ |:|	[Epoch 40] Test evaluation took 5.05 minutes.
INFO	__main__ |:|	[Epoch 40] Train reward: -0.0213, Test reward: -0.0041 ± 0.1636
INFO	__main__ |:|	[Epoch 41] Training on graph 0
INFO	__main__ |:|	[Epoch 41] Training on graph 10
INFO	__main__ |:|	[Epoch 41] Training on graph 20
INFO	__main__ |:|	[Epoch 41] Training on graph 30
INFO	__main__ |:|	[Epoch 41] Training on graph 40
INFO	__main__ |:|	[Epoch 41] Training on graph 50
INFO	__main__ |:|	[Epoch 41] Training on graph 60
INFO	__main__ |:|	[Epoch 41] Training on graph 0
INFO	__main__ |:|	[Epoch 41] Training on graph 10
INFO	__main__ |:|	[Epoch 41] Training on graph 20
INFO	__main__ |:|	[Epoch 41] Training on graph 30
INFO	__main__ |:|	[Epoch 41] Training on graph 40
INFO	__main__ |:|	[Epoch 41] Training on graph 50
INFO	__main__ |:|	[Epoch 41] took 3.21 minutes.
INFO	__main__ |:|	[Epoch 41] Train reward: -0.0028
INFO	__main__ |:|	[Epoch 42] Training on graph 0
INFO	__main__ |:|	[Epoch 42] Training on graph 10
INFO	__main__ |:|	[Epoch 42] Training on graph 20
INFO	__main__ |:|	[Epoch 42] Training on graph 30
INFO	__main__ |:|	[Epoch 42] Training on graph 40
INFO	__main__ |:|	[Epoch 42] Training on graph 50
INFO	__main__ |:|	[Epoch 42] Training on graph 60
INFO	__main__ |:|	[Epoch 42] Training on graph 0
INFO	__main__ |:|	[Epoch 42] Training on graph 10
INFO	__main__ |:|	[Epoch 42] Training on graph 20
INFO	__main__ |:|	[Epoch 42] Training on graph 30
INFO	__main__ |:|	[Epoch 42] Training on graph 40
INFO	__main__ |:|	[Epoch 42] Training on graph 50
INFO	__main__ |:|	[Epoch 42] took 3.11 minutes.
INFO	__main__ |:|	[Epoch 42] Train reward: -0.0188
INFO	__main__ |:|	[Epoch 43] Training on graph 0
INFO	__main__ |:|	[Epoch 43] Training on graph 10
INFO	__main__ |:|	[Epoch 43] Training on graph 20
INFO	__main__ |:|	[Epoch 43] Training on graph 30
INFO	__main__ |:|	[Epoch 43] Training on graph 40
INFO	__main__ |:|	[Epoch 43] Training on graph 50
INFO	__main__ |:|	[Epoch 43] Training on graph 60
INFO	__main__ |:|	[Epoch 43] Training on graph 0
INFO	__main__ |:|	[Epoch 43] Training on graph 10
INFO	__main__ |:|	[Epoch 43] Training on graph 20
INFO	__main__ |:|	[Epoch 43] Training on graph 30
INFO	__main__ |:|	[Epoch 43] Training on graph 40
INFO	__main__ |:|	[Epoch 43] Training on graph 50
INFO	__main__ |:|	[Epoch 43] took 3.17 minutes.
INFO	__main__ |:|	[Epoch 43] Train reward: -0.0193
INFO	__main__ |:|	[Epoch 44] Training on graph 0
INFO	__main__ |:|	[Epoch 44] Training on graph 10
INFO	__main__ |:|	[Epoch 44] Training on graph 20
INFO	__main__ |:|	[Epoch 44] Training on graph 30
INFO	__main__ |:|	[Epoch 44] Training on graph 40
INFO	__main__ |:|	[Epoch 44] Training on graph 50
INFO	__main__ |:|	[Epoch 44] Training on graph 60
INFO	__main__ |:|	[Epoch 44] Training on graph 0
INFO	__main__ |:|	[Epoch 44] Training on graph 10
INFO	__main__ |:|	[Epoch 44] Training on graph 20
INFO	__main__ |:|	[Epoch 44] Training on graph 30
INFO	__main__ |:|	[Epoch 44] Training on graph 40
INFO	__main__ |:|	[Epoch 44] Training on graph 50
INFO	__main__ |:|	[Epoch 44] took 3.38 minutes.
INFO	__main__ |:|	[Epoch 44] Train reward: 0.0108
INFO	__main__ |:|	[Epoch 45] Training on graph 0
INFO	__main__ |:|	[Epoch 45] Training on graph 10
INFO	__main__ |:|	[Epoch 45] Training on graph 20
INFO	__main__ |:|	[Epoch 45] Training on graph 30
INFO	__main__ |:|	[Epoch 45] Training on graph 40
INFO	__main__ |:|	[Epoch 45] Training on graph 50
INFO	__main__ |:|	[Epoch 45] Training on graph 60
INFO	__main__ |:|	[Epoch 45] Training on graph 0
INFO	__main__ |:|	[Epoch 45] Training on graph 10
INFO	__main__ |:|	[Epoch 45] Training on graph 20
INFO	__main__ |:|	[Epoch 45] Training on graph 30
INFO	__main__ |:|	[Epoch 45] Training on graph 40
INFO	__main__ |:|	[Epoch 45] Training on graph 50
INFO	__main__ |:|	[Epoch 45] took 3.22 minutes.
INFO	__main__ |:|	Evaluating on test set with 70 graphs...
INFO	__main__ |:|	[Epoch 45] Test evaluation took 4.77 minutes.
INFO	__main__ |:|	[Epoch 45] Train reward: 0.0078, Test reward: -0.0304 ± 0.1496
INFO	__main__ |:|	[Epoch 46] Training on graph 0
INFO	__main__ |:|	[Epoch 46] Training on graph 10
INFO	__main__ |:|	[Epoch 46] Training on graph 20
INFO	__main__ |:|	[Epoch 46] Training on graph 30
INFO	__main__ |:|	[Epoch 46] Training on graph 40
INFO	__main__ |:|	[Epoch 46] Training on graph 50
INFO	__main__ |:|	[Epoch 46] Training on graph 60
INFO	__main__ |:|	[Epoch 46] Training on graph 0
INFO	__main__ |:|	[Epoch 46] Training on graph 10
INFO	__main__ |:|	[Epoch 46] Training on graph 20
INFO	__main__ |:|	[Epoch 46] Training on graph 30
INFO	__main__ |:|	[Epoch 46] Training on graph 40
INFO	__main__ |:|	[Epoch 46] Training on graph 50
INFO	__main__ |:|	[Epoch 46] took 3.16 minutes.
INFO	__main__ |:|	[Epoch 46] Train reward: 0.0073
INFO	__main__ |:|	[Epoch 47] Training on graph 0
INFO	__main__ |:|	[Epoch 47] Training on graph 10
INFO	__main__ |:|	[Epoch 47] Training on graph 20
INFO	__main__ |:|	[Epoch 47] Training on graph 30
INFO	__main__ |:|	[Epoch 47] Training on graph 40
INFO	__main__ |:|	[Epoch 47] Training on graph 50
INFO	__main__ |:|	[Epoch 47] Training on graph 60
INFO	__main__ |:|	[Epoch 47] Training on graph 0
INFO	__main__ |:|	[Epoch 47] Training on graph 10
INFO	__main__ |:|	[Epoch 47] Training on graph 20
INFO	__main__ |:|	[Epoch 47] Training on graph 30
INFO	__main__ |:|	[Epoch 47] Training on graph 40
INFO	__main__ |:|	[Epoch 47] Training on graph 50
INFO	__main__ |:|	[Epoch 47] took 3.09 minutes.
INFO	__main__ |:|	[Epoch 47] Train reward: -0.0287
INFO	__main__ |:|	[Epoch 48] Training on graph 0
INFO	__main__ |:|	[Epoch 48] Training on graph 10
INFO	__main__ |:|	[Epoch 48] Training on graph 20
INFO	__main__ |:|	[Epoch 48] Training on graph 30
INFO	__main__ |:|	[Epoch 48] Training on graph 40
INFO	__main__ |:|	[Epoch 48] Training on graph 50
INFO	__main__ |:|	[Epoch 48] Training on graph 60
INFO	__main__ |:|	[Epoch 48] Training on graph 0
INFO	__main__ |:|	[Epoch 48] Training on graph 10
INFO	__main__ |:|	[Epoch 48] Training on graph 20
INFO	__main__ |:|	[Epoch 48] Training on graph 30
INFO	__main__ |:|	[Epoch 48] Training on graph 40
INFO	__main__ |:|	[Epoch 48] Training on graph 50
INFO	__main__ |:|	[Epoch 48] took 3.28 minutes.
INFO	__main__ |:|	[Epoch 48] Train reward: 0.0088
INFO	__main__ |:|	[Epoch 49] Training on graph 0
INFO	__main__ |:|	[Epoch 49] Training on graph 10
INFO	__main__ |:|	[Epoch 49] Training on graph 20
INFO	__main__ |:|	[Epoch 49] Training on graph 30
INFO	__main__ |:|	[Epoch 49] Training on graph 40
INFO	__main__ |:|	[Epoch 49] Training on graph 50
INFO	__main__ |:|	[Epoch 49] Training on graph 60
INFO	__main__ |:|	[Epoch 49] Training on graph 0
INFO	__main__ |:|	[Epoch 49] Training on graph 10
INFO	__main__ |:|	[Epoch 49] Training on graph 20
INFO	__main__ |:|	[Epoch 49] Training on graph 30
INFO	__main__ |:|	[Epoch 49] Training on graph 40
INFO	__main__ |:|	[Epoch 49] Training on graph 50
INFO	__main__ |:|	[Epoch 49] took 3.34 minutes.
INFO	__main__ |:|	[Epoch 49] Train reward: -0.0085
INFO	__main__ |:|	[Epoch 50] Training on graph 0
INFO	__main__ |:|	[Epoch 50] Training on graph 10
INFO	__main__ |:|	[Epoch 50] Training on graph 20
INFO	__main__ |:|	[Epoch 50] Training on graph 30
INFO	__main__ |:|	[Epoch 50] Training on graph 40
INFO	__main__ |:|	[Epoch 50] Training on graph 50
INFO	__main__ |:|	[Epoch 50] Training on graph 60
INFO	__main__ |:|	[Epoch 50] Training on graph 0
INFO	__main__ |:|	[Epoch 50] Training on graph 10
INFO	__main__ |:|	[Epoch 50] Training on graph 20
INFO	__main__ |:|	[Epoch 50] Training on graph 30
INFO	__main__ |:|	[Epoch 50] Training on graph 40
INFO	__main__ |:|	[Epoch 50] Training on graph 50
INFO	__main__ |:|	[Epoch 50] took 3.31 minutes.
INFO	__main__ |:|	Evaluating on test set with 70 graphs...
INFO	__main__ |:|	[Epoch 50] Test evaluation took 5.20 minutes.
INFO	__main__ |:|	[Epoch 50] Train reward: 0.0058, Test reward: 0.0005 ± 0.1597
INFO	__main__ |:|	[Epoch 51] Training on graph 0
INFO	__main__ |:|	[Epoch 51] Training on graph 10
INFO	__main__ |:|	[Epoch 51] Training on graph 20
INFO	__main__ |:|	[Epoch 51] Training on graph 30
INFO	__main__ |:|	[Epoch 51] Training on graph 40
INFO	__main__ |:|	[Epoch 51] Training on graph 50
INFO	__main__ |:|	[Epoch 51] Training on graph 60
INFO	__main__ |:|	[Epoch 51] Training on graph 0
INFO	__main__ |:|	[Epoch 51] Training on graph 10
INFO	__main__ |:|	[Epoch 51] Training on graph 20
INFO	__main__ |:|	[Epoch 51] Training on graph 30
INFO	__main__ |:|	[Epoch 51] Training on graph 40
INFO	__main__ |:|	[Epoch 51] Training on graph 50
INFO	__main__ |:|	[Epoch 51] took 3.19 minutes.
INFO	__main__ |:|	[Epoch 51] Train reward: 0.0394
INFO	__main__ |:|	[Epoch 52] Training on graph 0
INFO	__main__ |:|	[Epoch 52] Training on graph 10
INFO	__main__ |:|	[Epoch 52] Training on graph 20
INFO	__main__ |:|	[Epoch 52] Training on graph 30
INFO	__main__ |:|	[Epoch 52] Training on graph 40
INFO	__main__ |:|	[Epoch 52] Training on graph 50
INFO	__main__ |:|	[Epoch 52] Training on graph 60
INFO	__main__ |:|	[Epoch 52] Training on graph 0
INFO	__main__ |:|	[Epoch 52] Training on graph 10
INFO	__main__ |:|	[Epoch 52] Training on graph 20
INFO	__main__ |:|	[Epoch 52] Training on graph 30
INFO	__main__ |:|	[Epoch 52] Training on graph 40
INFO	__main__ |:|	[Epoch 52] Training on graph 50
INFO	__main__ |:|	[Epoch 52] took 3.26 minutes.
INFO	__main__ |:|	[Epoch 52] Train reward: 0.0143
INFO	__main__ |:|	[Epoch 53] Training on graph 0
INFO	__main__ |:|	[Epoch 53] Training on graph 10
INFO	__main__ |:|	[Epoch 53] Training on graph 20
INFO	__main__ |:|	[Epoch 53] Training on graph 30
INFO	__main__ |:|	[Epoch 53] Training on graph 40
INFO	__main__ |:|	[Epoch 53] Training on graph 50
INFO	__main__ |:|	[Epoch 53] Training on graph 60
INFO	__main__ |:|	[Epoch 53] Training on graph 0
INFO	__main__ |:|	[Epoch 53] Training on graph 10
INFO	__main__ |:|	[Epoch 53] Training on graph 20
INFO	__main__ |:|	[Epoch 53] Training on graph 30
INFO	__main__ |:|	[Epoch 53] Training on graph 40
INFO	__main__ |:|	[Epoch 53] Training on graph 50
INFO	__main__ |:|	[Epoch 53] took 3.25 minutes.
INFO	__main__ |:|	[Epoch 53] Train reward: -0.0355
INFO	__main__ |:|	[Epoch 54] Training on graph 0
INFO	__main__ |:|	[Epoch 54] Training on graph 10
INFO	__main__ |:|	[Epoch 54] Training on graph 20
INFO	__main__ |:|	[Epoch 54] Training on graph 30
INFO	__main__ |:|	[Epoch 54] Training on graph 40
INFO	__main__ |:|	[Epoch 54] Training on graph 50
INFO	__main__ |:|	[Epoch 54] Training on graph 60
INFO	__main__ |:|	[Epoch 54] Training on graph 0
INFO	__main__ |:|	[Epoch 54] Training on graph 10
INFO	__main__ |:|	[Epoch 54] Training on graph 20
INFO	__main__ |:|	[Epoch 54] Training on graph 30
INFO	__main__ |:|	[Epoch 54] Training on graph 40
INFO	__main__ |:|	[Epoch 54] Training on graph 50
INFO	__main__ |:|	[Epoch 54] took 3.25 minutes.
INFO	__main__ |:|	[Epoch 54] Train reward: -0.0051
INFO	__main__ |:|	[Epoch 55] Training on graph 0
INFO	__main__ |:|	[Epoch 55] Training on graph 10
INFO	__main__ |:|	[Epoch 55] Training on graph 20
INFO	__main__ |:|	[Epoch 55] Training on graph 30
INFO	__main__ |:|	[Epoch 55] Training on graph 40
INFO	__main__ |:|	[Epoch 55] Training on graph 50
INFO	__main__ |:|	[Epoch 55] Training on graph 60
INFO	__main__ |:|	[Epoch 55] Training on graph 0
INFO	__main__ |:|	[Epoch 55] Training on graph 10
INFO	__main__ |:|	[Epoch 55] Training on graph 20
INFO	__main__ |:|	[Epoch 55] Training on graph 30
INFO	__main__ |:|	[Epoch 55] Training on graph 40
INFO	__main__ |:|	[Epoch 55] Training on graph 50
INFO	__main__ |:|	[Epoch 55] took 3.26 minutes.
INFO	__main__ |:|	Evaluating on test set with 70 graphs...
INFO	__main__ |:|	[Epoch 55] Test evaluation took 3.42 minutes.
INFO	__main__ |:|	[Epoch 55] Train reward: -0.0304, Test reward: -0.0357 ± 0.1698
INFO	__main__ |:|	[Epoch 56] Training on graph 0
INFO	__main__ |:|	[Epoch 56] Training on graph 10
INFO	__main__ |:|	[Epoch 56] Training on graph 20
INFO	__main__ |:|	[Epoch 56] Training on graph 30
INFO	__main__ |:|	[Epoch 56] Training on graph 40
INFO	__main__ |:|	[Epoch 56] Training on graph 50
INFO	__main__ |:|	[Epoch 56] Training on graph 60
INFO	__main__ |:|	[Epoch 56] Training on graph 0
INFO	__main__ |:|	[Epoch 56] Training on graph 10
INFO	__main__ |:|	[Epoch 56] Training on graph 20
INFO	__main__ |:|	[Epoch 56] Training on graph 30
INFO	__main__ |:|	[Epoch 56] Training on graph 40
INFO	__main__ |:|	[Epoch 56] Training on graph 50
INFO	__main__ |:|	[Epoch 56] took 3.09 minutes.
INFO	__main__ |:|	[Epoch 56] Train reward: -0.0116
INFO	__main__ |:|	[Epoch 57] Training on graph 0
INFO	__main__ |:|	[Epoch 57] Training on graph 10
INFO	__main__ |:|	[Epoch 57] Training on graph 20
INFO	__main__ |:|	[Epoch 57] Training on graph 30
INFO	__main__ |:|	[Epoch 57] Training on graph 40
INFO	__main__ |:|	[Epoch 57] Training on graph 50
INFO	__main__ |:|	[Epoch 57] Training on graph 60
INFO	__main__ |:|	[Epoch 57] Training on graph 0
INFO	__main__ |:|	[Epoch 57] Training on graph 10
INFO	__main__ |:|	[Epoch 57] Training on graph 20
INFO	__main__ |:|	[Epoch 57] Training on graph 30
INFO	__main__ |:|	[Epoch 57] Training on graph 40
INFO	__main__ |:|	[Epoch 57] Training on graph 50
INFO	__main__ |:|	[Epoch 57] took 3.30 minutes.
INFO	__main__ |:|	[Epoch 57] Train reward: -0.0073
INFO	__main__ |:|	[Epoch 58] Training on graph 0
INFO	__main__ |:|	[Epoch 58] Training on graph 10
INFO	__main__ |:|	[Epoch 58] Training on graph 20
INFO	__main__ |:|	[Epoch 58] Training on graph 30
INFO	__main__ |:|	[Epoch 58] Training on graph 40
INFO	__main__ |:|	[Epoch 58] Training on graph 50
INFO	__main__ |:|	[Epoch 58] Training on graph 60
INFO	__main__ |:|	[Epoch 58] Training on graph 0
INFO	__main__ |:|	[Epoch 58] Training on graph 10
INFO	__main__ |:|	[Epoch 58] Training on graph 20
INFO	__main__ |:|	[Epoch 58] Training on graph 30
INFO	__main__ |:|	[Epoch 58] Training on graph 40
INFO	__main__ |:|	[Epoch 58] Training on graph 50
INFO	__main__ |:|	[Epoch 58] took 3.26 minutes.
INFO	__main__ |:|	[Epoch 58] Train reward: -0.0042
INFO	__main__ |:|	[Epoch 59] Training on graph 0
INFO	__main__ |:|	[Epoch 59] Training on graph 10
INFO	__main__ |:|	[Epoch 59] Training on graph 20
INFO	__main__ |:|	[Epoch 59] Training on graph 30
INFO	__main__ |:|	[Epoch 59] Training on graph 40
INFO	__main__ |:|	[Epoch 59] Training on graph 50
INFO	__main__ |:|	[Epoch 59] Training on graph 60
INFO	__main__ |:|	[Epoch 59] Training on graph 0
INFO	__main__ |:|	[Epoch 59] Training on graph 10
INFO	__main__ |:|	[Epoch 59] Training on graph 20
INFO	__main__ |:|	[Epoch 59] Training on graph 30
INFO	__main__ |:|	[Epoch 59] Training on graph 40
INFO	__main__ |:|	[Epoch 59] Training on graph 50
INFO	__main__ |:|	[Epoch 59] took 3.30 minutes.
INFO	__main__ |:|	[Epoch 59] Train reward: -0.0210
INFO	__main__ |:|	[Epoch 60] Training on graph 0
INFO	__main__ |:|	[Epoch 60] Training on graph 10
INFO	__main__ |:|	[Epoch 60] Training on graph 20
INFO	__main__ |:|	[Epoch 60] Training on graph 30
INFO	__main__ |:|	[Epoch 60] Training on graph 40
INFO	__main__ |:|	[Epoch 60] Training on graph 50
INFO	__main__ |:|	[Epoch 60] Training on graph 60
INFO	__main__ |:|	[Epoch 60] Training on graph 0
INFO	__main__ |:|	[Epoch 60] Training on graph 10
INFO	__main__ |:|	[Epoch 60] Training on graph 20
INFO	__main__ |:|	[Epoch 60] Training on graph 30
INFO	__main__ |:|	[Epoch 60] Training on graph 40
INFO	__main__ |:|	[Epoch 60] Training on graph 50
INFO	__main__ |:|	[Epoch 60] took 3.31 minutes.
INFO	__main__ |:|	Evaluating on test set with 70 graphs...
INFO	__main__ |:|	[Epoch 60] Test evaluation took 3.69 minutes.
INFO	__main__ |:|	[Epoch 60] Train reward: 0.0516, Test reward: -0.0903 ± 0.1739
INFO	__main__ |:|	[Epoch 61] Training on graph 0
INFO	__main__ |:|	[Epoch 61] Training on graph 10
INFO	__main__ |:|	[Epoch 61] Training on graph 20
INFO	__main__ |:|	[Epoch 61] Training on graph 30
INFO	__main__ |:|	[Epoch 61] Training on graph 40
INFO	__main__ |:|	[Epoch 61] Training on graph 50
INFO	__main__ |:|	[Epoch 61] Training on graph 60
INFO	__main__ |:|	[Epoch 61] Training on graph 0
INFO	__main__ |:|	[Epoch 61] Training on graph 10
INFO	__main__ |:|	[Epoch 61] Training on graph 20
INFO	__main__ |:|	[Epoch 61] Training on graph 30
INFO	__main__ |:|	[Epoch 61] Training on graph 40
INFO	__main__ |:|	[Epoch 61] Training on graph 50
INFO	__main__ |:|	[Epoch 61] took 3.01 minutes.
INFO	__main__ |:|	[Epoch 61] Train reward: 0.0271
INFO	__main__ |:|	[Epoch 62] Training on graph 0
INFO	__main__ |:|	[Epoch 62] Training on graph 10
INFO	__main__ |:|	[Epoch 62] Training on graph 20
INFO	__main__ |:|	[Epoch 62] Training on graph 30
INFO	__main__ |:|	[Epoch 62] Training on graph 40
INFO	__main__ |:|	[Epoch 62] Training on graph 50
INFO	__main__ |:|	[Epoch 62] Training on graph 60
INFO	__main__ |:|	[Epoch 62] Training on graph 0
INFO	__main__ |:|	[Epoch 62] Training on graph 10
INFO	__main__ |:|	[Epoch 62] Training on graph 20
INFO	__main__ |:|	[Epoch 62] Training on graph 30
INFO	__main__ |:|	[Epoch 62] Training on graph 40
INFO	__main__ |:|	[Epoch 62] Training on graph 50
INFO	__main__ |:|	[Epoch 62] took 3.28 minutes.
INFO	__main__ |:|	[Epoch 62] Train reward: -0.0058
INFO	__main__ |:|	[Epoch 63] Training on graph 0
INFO	__main__ |:|	[Epoch 63] Training on graph 10
INFO	__main__ |:|	[Epoch 63] Training on graph 20
INFO	__main__ |:|	[Epoch 63] Training on graph 30
INFO	__main__ |:|	[Epoch 63] Training on graph 40
INFO	__main__ |:|	[Epoch 63] Training on graph 50
INFO	__main__ |:|	[Epoch 63] Training on graph 60
INFO	__main__ |:|	[Epoch 63] Training on graph 0
INFO	__main__ |:|	[Epoch 63] Training on graph 10
INFO	__main__ |:|	[Epoch 63] Training on graph 20
INFO	__main__ |:|	[Epoch 63] Training on graph 30
INFO	__main__ |:|	[Epoch 63] Training on graph 40
INFO	__main__ |:|	[Epoch 63] Training on graph 50
INFO	__main__ |:|	[Epoch 63] took 3.32 minutes.
INFO	__main__ |:|	[Epoch 63] Train reward: 0.0189
INFO	__main__ |:|	[Epoch 64] Training on graph 0
INFO	__main__ |:|	[Epoch 64] Training on graph 10
INFO	__main__ |:|	[Epoch 64] Training on graph 20
INFO	__main__ |:|	[Epoch 64] Training on graph 30
INFO	__main__ |:|	[Epoch 64] Training on graph 40
INFO	__main__ |:|	[Epoch 64] Training on graph 50
INFO	__main__ |:|	[Epoch 64] Training on graph 60
INFO	__main__ |:|	[Epoch 64] Training on graph 0
INFO	__main__ |:|	[Epoch 64] Training on graph 10
INFO	__main__ |:|	[Epoch 64] Training on graph 20
INFO	__main__ |:|	[Epoch 64] Training on graph 30
INFO	__main__ |:|	[Epoch 64] Training on graph 40
INFO	__main__ |:|	[Epoch 64] Training on graph 50
INFO	__main__ |:|	[Epoch 64] took 3.28 minutes.
INFO	__main__ |:|	[Epoch 64] Train reward: -0.0381
INFO	__main__ |:|	[Epoch 65] Training on graph 0
INFO	__main__ |:|	[Epoch 65] Training on graph 10
INFO	__main__ |:|	[Epoch 65] Training on graph 20
INFO	__main__ |:|	[Epoch 65] Training on graph 30
INFO	__main__ |:|	[Epoch 65] Training on graph 40
INFO	__main__ |:|	[Epoch 65] Training on graph 50
INFO	__main__ |:|	[Epoch 65] Training on graph 60
INFO	__main__ |:|	[Epoch 65] Training on graph 0
INFO	__main__ |:|	[Epoch 65] Training on graph 10
INFO	__main__ |:|	[Epoch 65] Training on graph 20
INFO	__main__ |:|	[Epoch 65] Training on graph 30
INFO	__main__ |:|	[Epoch 65] Training on graph 40
INFO	__main__ |:|	[Epoch 65] Training on graph 50
INFO	__main__ |:|	[Epoch 65] took 3.30 minutes.
INFO	__main__ |:|	Evaluating on test set with 70 graphs...
INFO	__main__ |:|	[Epoch 65] Test evaluation took 3.91 minutes.
INFO	__main__ |:|	[Epoch 65] Train reward: -0.0270, Test reward: -0.0141 ± 0.1600
INFO	__main__ |:|	[Epoch 66] Training on graph 0
INFO	__main__ |:|	[Epoch 66] Training on graph 10
INFO	__main__ |:|	[Epoch 66] Training on graph 20
INFO	__main__ |:|	[Epoch 66] Training on graph 30
INFO	__main__ |:|	[Epoch 66] Training on graph 40
INFO	__main__ |:|	[Epoch 66] Training on graph 50
INFO	__main__ |:|	[Epoch 66] Training on graph 60
INFO	__main__ |:|	[Epoch 66] Training on graph 0
INFO	__main__ |:|	[Epoch 66] Training on graph 10
INFO	__main__ |:|	[Epoch 66] Training on graph 20
INFO	__main__ |:|	[Epoch 66] Training on graph 30
INFO	__main__ |:|	[Epoch 66] Training on graph 40
INFO	__main__ |:|	[Epoch 66] Training on graph 50
INFO	__main__ |:|	[Epoch 66] took 3.10 minutes.
INFO	__main__ |:|	[Epoch 66] Train reward: -0.0146
INFO	__main__ |:|	[Epoch 67] Training on graph 0
INFO	__main__ |:|	[Epoch 67] Training on graph 10
INFO	__main__ |:|	[Epoch 67] Training on graph 20
INFO	__main__ |:|	[Epoch 67] Training on graph 30
INFO	__main__ |:|	[Epoch 67] Training on graph 40
INFO	__main__ |:|	[Epoch 67] Training on graph 50
INFO	__main__ |:|	[Epoch 67] Training on graph 60
INFO	__main__ |:|	[Epoch 67] Training on graph 0
INFO	__main__ |:|	[Epoch 67] Training on graph 10
INFO	__main__ |:|	[Epoch 67] Training on graph 20
INFO	__main__ |:|	[Epoch 67] Training on graph 30
INFO	__main__ |:|	[Epoch 67] Training on graph 40
INFO	__main__ |:|	[Epoch 67] Training on graph 50
INFO	__main__ |:|	[Epoch 67] took 3.33 minutes.
INFO	__main__ |:|	[Epoch 67] Train reward: -0.0190
INFO	__main__ |:|	[Epoch 68] Training on graph 0
INFO	__main__ |:|	[Epoch 68] Training on graph 10
INFO	__main__ |:|	[Epoch 68] Training on graph 20
INFO	__main__ |:|	[Epoch 68] Training on graph 30
INFO	__main__ |:|	[Epoch 68] Training on graph 40
INFO	__main__ |:|	[Epoch 68] Training on graph 50
INFO	__main__ |:|	[Epoch 68] Training on graph 60
INFO	__main__ |:|	[Epoch 68] Training on graph 0
INFO	__main__ |:|	[Epoch 68] Training on graph 10
INFO	__main__ |:|	[Epoch 68] Training on graph 20
INFO	__main__ |:|	[Epoch 68] Training on graph 30
INFO	__main__ |:|	[Epoch 68] Training on graph 40
INFO	__main__ |:|	[Epoch 68] Training on graph 50
INFO	__main__ |:|	[Epoch 68] took 3.38 minutes.
INFO	__main__ |:|	[Epoch 68] Train reward: -0.0126
INFO	__main__ |:|	[Epoch 69] Training on graph 0
INFO	__main__ |:|	[Epoch 69] Training on graph 10
INFO	__main__ |:|	[Epoch 69] Training on graph 20
INFO	__main__ |:|	[Epoch 69] Training on graph 30
INFO	__main__ |:|	[Epoch 69] Training on graph 40
INFO	__main__ |:|	[Epoch 69] Training on graph 50
INFO	__main__ |:|	[Epoch 69] Training on graph 60
INFO	__main__ |:|	[Epoch 69] Training on graph 0
INFO	__main__ |:|	[Epoch 69] Training on graph 10
INFO	__main__ |:|	[Epoch 69] Training on graph 20
INFO	__main__ |:|	[Epoch 69] Training on graph 30
INFO	__main__ |:|	[Epoch 69] Training on graph 40
INFO	__main__ |:|	[Epoch 69] Training on graph 50
INFO	__main__ |:|	[Epoch 69] took 3.33 minutes.
INFO	__main__ |:|	[Epoch 69] Train reward: 0.0099
INFO	__main__ |:|	[Epoch 70] Training on graph 0
INFO	__main__ |:|	[Epoch 70] Training on graph 10
INFO	__main__ |:|	[Epoch 70] Training on graph 20
INFO	__main__ |:|	[Epoch 70] Training on graph 30
INFO	__main__ |:|	[Epoch 70] Training on graph 40
INFO	__main__ |:|	[Epoch 70] Training on graph 50
INFO	__main__ |:|	[Epoch 70] Training on graph 60
INFO	__main__ |:|	[Epoch 70] Training on graph 0
INFO	__main__ |:|	[Epoch 70] Training on graph 10
INFO	__main__ |:|	[Epoch 70] Training on graph 20
INFO	__main__ |:|	[Epoch 70] Training on graph 30
INFO	__main__ |:|	[Epoch 70] Training on graph 40
INFO	__main__ |:|	[Epoch 70] Training on graph 50
INFO	__main__ |:|	[Epoch 70] took 3.24 minutes.
INFO	__main__ |:|	Evaluating on test set with 70 graphs...
INFO	__main__ |:|	[Epoch 70] Test evaluation took 3.74 minutes.
INFO	__main__ |:|	[Epoch 70] Train reward: -0.0144, Test reward: -0.0238 ± 0.1304
INFO	__main__ |:|	[Epoch 71] Training on graph 0
INFO	__main__ |:|	[Epoch 71] Training on graph 10
INFO	__main__ |:|	[Epoch 71] Training on graph 20
INFO	__main__ |:|	[Epoch 71] Training on graph 30
INFO	__main__ |:|	[Epoch 71] Training on graph 40
INFO	__main__ |:|	[Epoch 71] Training on graph 50
INFO	__main__ |:|	[Epoch 71] Training on graph 60
INFO	__main__ |:|	[Epoch 71] Training on graph 0
INFO	__main__ |:|	[Epoch 71] Training on graph 10
INFO	__main__ |:|	[Epoch 71] Training on graph 20
INFO	__main__ |:|	[Epoch 71] Training on graph 30
INFO	__main__ |:|	[Epoch 71] Training on graph 40
INFO	__main__ |:|	[Epoch 71] Training on graph 50
INFO	__main__ |:|	[Epoch 71] took 2.95 minutes.
INFO	__main__ |:|	[Epoch 71] Train reward: -0.0125
INFO	__main__ |:|	[Epoch 72] Training on graph 0
INFO	__main__ |:|	[Epoch 72] Training on graph 10
INFO	__main__ |:|	[Epoch 72] Training on graph 20
INFO	__main__ |:|	[Epoch 72] Training on graph 30
INFO	__main__ |:|	[Epoch 72] Training on graph 40
INFO	__main__ |:|	[Epoch 72] Training on graph 50
INFO	__main__ |:|	[Epoch 72] Training on graph 60
INFO	__main__ |:|	[Epoch 72] Training on graph 0
INFO	__main__ |:|	[Epoch 72] Training on graph 10
INFO	__main__ |:|	[Epoch 72] Training on graph 20
INFO	__main__ |:|	[Epoch 72] Training on graph 30
INFO	__main__ |:|	[Epoch 72] Training on graph 40
INFO	__main__ |:|	[Epoch 72] Training on graph 50
INFO	__main__ |:|	[Epoch 72] took 3.37 minutes.
INFO	__main__ |:|	[Epoch 72] Train reward: 0.0123
INFO	__main__ |:|	[Epoch 73] Training on graph 0
INFO	__main__ |:|	[Epoch 73] Training on graph 10
INFO	__main__ |:|	[Epoch 73] Training on graph 20
INFO	__main__ |:|	[Epoch 73] Training on graph 30
INFO	__main__ |:|	[Epoch 73] Training on graph 40
INFO	__main__ |:|	[Epoch 73] Training on graph 50
INFO	__main__ |:|	[Epoch 73] Training on graph 60
INFO	__main__ |:|	[Epoch 73] Training on graph 0
INFO	__main__ |:|	[Epoch 73] Training on graph 10
INFO	__main__ |:|	[Epoch 73] Training on graph 20
INFO	__main__ |:|	[Epoch 73] Training on graph 30
INFO	__main__ |:|	[Epoch 73] Training on graph 40
INFO	__main__ |:|	[Epoch 73] Training on graph 50
INFO	__main__ |:|	[Epoch 73] took 3.28 minutes.
INFO	__main__ |:|	[Epoch 73] Train reward: -0.0316
INFO	__main__ |:|	[Epoch 74] Training on graph 0
INFO	__main__ |:|	[Epoch 74] Training on graph 10
INFO	__main__ |:|	[Epoch 74] Training on graph 20
INFO	__main__ |:|	[Epoch 74] Training on graph 30
INFO	__main__ |:|	[Epoch 74] Training on graph 40
INFO	__main__ |:|	[Epoch 74] Training on graph 50
INFO	__main__ |:|	[Epoch 74] Training on graph 60
INFO	__main__ |:|	[Epoch 74] Training on graph 0
INFO	__main__ |:|	[Epoch 74] Training on graph 10
INFO	__main__ |:|	[Epoch 74] Training on graph 20
INFO	__main__ |:|	[Epoch 74] Training on graph 30
INFO	__main__ |:|	[Epoch 74] Training on graph 40
INFO	__main__ |:|	[Epoch 74] Training on graph 50
INFO	__main__ |:|	[Epoch 74] took 3.35 minutes.
INFO	__main__ |:|	[Epoch 74] Train reward: -0.0045
INFO	__main__ |:|	[Epoch 75] Training on graph 0
INFO	__main__ |:|	[Epoch 75] Training on graph 10
INFO	__main__ |:|	[Epoch 75] Training on graph 20
INFO	__main__ |:|	[Epoch 75] Training on graph 30
INFO	__main__ |:|	[Epoch 75] Training on graph 40
INFO	__main__ |:|	[Epoch 75] Training on graph 50
INFO	__main__ |:|	[Epoch 75] Training on graph 60
INFO	__main__ |:|	[Epoch 75] Training on graph 0
INFO	__main__ |:|	[Epoch 75] Training on graph 10
INFO	__main__ |:|	[Epoch 75] Training on graph 20
INFO	__main__ |:|	[Epoch 75] Training on graph 30
INFO	__main__ |:|	[Epoch 75] Training on graph 40
INFO	__main__ |:|	[Epoch 75] Training on graph 50
INFO	__main__ |:|	[Epoch 75] took 3.28 minutes.
INFO	__main__ |:|	Evaluating on test set with 70 graphs...
INFO	__main__ |:|	[Epoch 75] Test evaluation took 5.86 minutes.
INFO	__main__ |:|	[Epoch 75] Train reward: -0.0113, Test reward: -0.0445 ± 0.1353
INFO	__main__ |:|	[Epoch 76] Training on graph 0
INFO	__main__ |:|	[Epoch 76] Training on graph 10
INFO	__main__ |:|	[Epoch 76] Training on graph 20
INFO	__main__ |:|	[Epoch 76] Training on graph 30
INFO	__main__ |:|	[Epoch 76] Training on graph 40
INFO	__main__ |:|	[Epoch 76] Training on graph 50
INFO	__main__ |:|	[Epoch 76] Training on graph 60
INFO	__main__ |:|	[Epoch 76] Training on graph 0
INFO	__main__ |:|	[Epoch 76] Training on graph 10
INFO	__main__ |:|	[Epoch 76] Training on graph 20
INFO	__main__ |:|	[Epoch 76] Training on graph 30
INFO	__main__ |:|	[Epoch 76] Training on graph 40
INFO	__main__ |:|	[Epoch 76] Training on graph 50
INFO	__main__ |:|	[Epoch 76] took 3.14 minutes.
INFO	__main__ |:|	[Epoch 76] Train reward: 0.0214
INFO	__main__ |:|	[Epoch 77] Training on graph 0
INFO	__main__ |:|	[Epoch 77] Training on graph 10
INFO	__main__ |:|	[Epoch 77] Training on graph 20
INFO	__main__ |:|	[Epoch 77] Training on graph 30
INFO	__main__ |:|	[Epoch 77] Training on graph 40
INFO	__main__ |:|	[Epoch 77] Training on graph 50
INFO	__main__ |:|	[Epoch 77] Training on graph 60
INFO	__main__ |:|	[Epoch 77] Training on graph 0
INFO	__main__ |:|	[Epoch 77] Training on graph 10
INFO	__main__ |:|	[Epoch 77] Training on graph 20
INFO	__main__ |:|	[Epoch 77] Training on graph 30
INFO	__main__ |:|	[Epoch 77] Training on graph 40
INFO	__main__ |:|	[Epoch 77] Training on graph 50
INFO	__main__ |:|	[Epoch 77] took 3.36 minutes.
INFO	__main__ |:|	[Epoch 77] Train reward: -0.0118
INFO	__main__ |:|	[Epoch 78] Training on graph 0
INFO	__main__ |:|	[Epoch 78] Training on graph 10
INFO	__main__ |:|	[Epoch 78] Training on graph 20
INFO	__main__ |:|	[Epoch 78] Training on graph 30
INFO	__main__ |:|	[Epoch 78] Training on graph 40
INFO	__main__ |:|	[Epoch 78] Training on graph 50
INFO	__main__ |:|	[Epoch 78] Training on graph 60
INFO	__main__ |:|	[Epoch 78] Training on graph 0
INFO	__main__ |:|	[Epoch 78] Training on graph 10
INFO	__main__ |:|	[Epoch 78] Training on graph 20
INFO	__main__ |:|	[Epoch 78] Training on graph 30
INFO	__main__ |:|	[Epoch 78] Training on graph 40
INFO	__main__ |:|	[Epoch 78] Training on graph 50
INFO	__main__ |:|	[Epoch 78] took 3.33 minutes.
INFO	__main__ |:|	[Epoch 78] Train reward: 0.0059
INFO	__main__ |:|	[Epoch 79] Training on graph 0
INFO	__main__ |:|	[Epoch 79] Training on graph 10
INFO	__main__ |:|	[Epoch 79] Training on graph 20
INFO	__main__ |:|	[Epoch 79] Training on graph 30
INFO	__main__ |:|	[Epoch 79] Training on graph 40
INFO	__main__ |:|	[Epoch 79] Training on graph 50
INFO	__main__ |:|	[Epoch 79] Training on graph 60
INFO	__main__ |:|	[Epoch 79] Training on graph 0
INFO	__main__ |:|	[Epoch 79] Training on graph 10
INFO	__main__ |:|	[Epoch 79] Training on graph 20
INFO	__main__ |:|	[Epoch 79] Training on graph 30
INFO	__main__ |:|	[Epoch 79] Training on graph 40
INFO	__main__ |:|	[Epoch 79] Training on graph 50
INFO	__main__ |:|	[Epoch 79] took 3.32 minutes.
INFO	__main__ |:|	[Epoch 79] Train reward: 0.0473
INFO	__main__ |:|	[Epoch 80] Training on graph 0
INFO	__main__ |:|	[Epoch 80] Training on graph 10
INFO	__main__ |:|	[Epoch 80] Training on graph 20
INFO	__main__ |:|	[Epoch 80] Training on graph 30
INFO	__main__ |:|	[Epoch 80] Training on graph 40
INFO	__main__ |:|	[Epoch 80] Training on graph 50
INFO	__main__ |:|	[Epoch 80] Training on graph 60
INFO	__main__ |:|	[Epoch 80] Training on graph 0
INFO	__main__ |:|	[Epoch 80] Training on graph 10
INFO	__main__ |:|	[Epoch 80] Training on graph 20
INFO	__main__ |:|	[Epoch 80] Training on graph 30
INFO	__main__ |:|	[Epoch 80] Training on graph 40
INFO	__main__ |:|	[Epoch 80] Training on graph 50
INFO	__main__ |:|	[Epoch 80] took 3.28 minutes.
INFO	__main__ |:|	Evaluating on test set with 70 graphs...
INFO	__main__ |:|	[Epoch 80] Test evaluation took 4.30 minutes.
INFO	__main__ |:|	[Epoch 80] Train reward: -0.0124, Test reward: -0.0352 ± 0.1650
INFO	__main__ |:|	[Epoch 81] Training on graph 0
INFO	__main__ |:|	[Epoch 81] Training on graph 10
INFO	__main__ |:|	[Epoch 81] Training on graph 20
INFO	__main__ |:|	[Epoch 81] Training on graph 30
INFO	__main__ |:|	[Epoch 81] Training on graph 40
INFO	__main__ |:|	[Epoch 81] Training on graph 50
INFO	__main__ |:|	[Epoch 81] Training on graph 60
INFO	__main__ |:|	[Epoch 81] Training on graph 0
INFO	__main__ |:|	[Epoch 81] Training on graph 10
INFO	__main__ |:|	[Epoch 81] Training on graph 20
INFO	__main__ |:|	[Epoch 81] Training on graph 30
INFO	__main__ |:|	[Epoch 81] Training on graph 40
INFO	__main__ |:|	[Epoch 81] Training on graph 50
INFO	__main__ |:|	[Epoch 81] took 3.19 minutes.
INFO	__main__ |:|	[Epoch 81] Train reward: 0.0024
INFO	__main__ |:|	[Epoch 82] Training on graph 0
INFO	__main__ |:|	[Epoch 82] Training on graph 10
INFO	__main__ |:|	[Epoch 82] Training on graph 20
INFO	__main__ |:|	[Epoch 82] Training on graph 30
INFO	__main__ |:|	[Epoch 82] Training on graph 40
INFO	__main__ |:|	[Epoch 82] Training on graph 50
INFO	__main__ |:|	[Epoch 82] Training on graph 60
INFO	__main__ |:|	[Epoch 82] Training on graph 0
INFO	__main__ |:|	[Epoch 82] Training on graph 10
INFO	__main__ |:|	[Epoch 82] Training on graph 20
INFO	__main__ |:|	[Epoch 82] Training on graph 30
INFO	__main__ |:|	[Epoch 82] Training on graph 40
INFO	__main__ |:|	[Epoch 82] Training on graph 50
INFO	__main__ |:|	[Epoch 82] took 3.37 minutes.
INFO	__main__ |:|	[Epoch 82] Train reward: 0.0306
INFO	__main__ |:|	[Epoch 83] Training on graph 0
INFO	__main__ |:|	[Epoch 83] Training on graph 10
INFO	__main__ |:|	[Epoch 83] Training on graph 20
INFO	__main__ |:|	[Epoch 83] Training on graph 30
INFO	__main__ |:|	[Epoch 83] Training on graph 40
INFO	__main__ |:|	[Epoch 83] Training on graph 50
INFO	__main__ |:|	[Epoch 83] Training on graph 60
INFO	__main__ |:|	[Epoch 83] Training on graph 0
INFO	__main__ |:|	[Epoch 83] Training on graph 10
INFO	__main__ |:|	[Epoch 83] Training on graph 20
INFO	__main__ |:|	[Epoch 83] Training on graph 30
INFO	__main__ |:|	[Epoch 83] Training on graph 40
INFO	__main__ |:|	[Epoch 83] Training on graph 50
INFO	__main__ |:|	[Epoch 83] took 3.36 minutes.
INFO	__main__ |:|	[Epoch 83] Train reward: -0.0024
INFO	__main__ |:|	[Epoch 84] Training on graph 0
INFO	__main__ |:|	[Epoch 84] Training on graph 10
INFO	__main__ |:|	[Epoch 84] Training on graph 20
INFO	__main__ |:|	[Epoch 84] Training on graph 30
INFO	__main__ |:|	[Epoch 84] Training on graph 40
INFO	__main__ |:|	[Epoch 84] Training on graph 50
INFO	__main__ |:|	[Epoch 84] Training on graph 60
INFO	__main__ |:|	[Epoch 84] Training on graph 0
INFO	__main__ |:|	[Epoch 84] Training on graph 10
INFO	__main__ |:|	[Epoch 84] Training on graph 20
INFO	__main__ |:|	[Epoch 84] Training on graph 30
INFO	__main__ |:|	[Epoch 84] Training on graph 40
INFO	__main__ |:|	[Epoch 84] Training on graph 50
INFO	__main__ |:|	[Epoch 84] took 3.34 minutes.
INFO	__main__ |:|	[Epoch 84] Train reward: 0.0014
INFO	__main__ |:|	[Epoch 85] Training on graph 0
INFO	__main__ |:|	[Epoch 85] Training on graph 10
INFO	__main__ |:|	[Epoch 85] Training on graph 20
INFO	__main__ |:|	[Epoch 85] Training on graph 30
INFO	__main__ |:|	[Epoch 85] Training on graph 40
INFO	__main__ |:|	[Epoch 85] Training on graph 50
INFO	__main__ |:|	[Epoch 85] Training on graph 60
INFO	__main__ |:|	[Epoch 85] Training on graph 0
INFO	__main__ |:|	[Epoch 85] Training on graph 10
INFO	__main__ |:|	[Epoch 85] Training on graph 20
INFO	__main__ |:|	[Epoch 85] Training on graph 30
INFO	__main__ |:|	[Epoch 85] Training on graph 40
INFO	__main__ |:|	[Epoch 85] Training on graph 50
INFO	__main__ |:|	[Epoch 85] took 3.16 minutes.
INFO	__main__ |:|	Evaluating on test set with 70 graphs...
INFO	__main__ |:|	[Epoch 85] Test evaluation took 3.48 minutes.
INFO	__main__ |:|	[Epoch 85] Train reward: -0.0041, Test reward: -0.0392 ± 0.1569
INFO	__main__ |:|	[Epoch 86] Training on graph 0
INFO	__main__ |:|	[Epoch 86] Training on graph 10
INFO	__main__ |:|	[Epoch 86] Training on graph 20
INFO	__main__ |:|	[Epoch 86] Training on graph 30
INFO	__main__ |:|	[Epoch 86] Training on graph 40
INFO	__main__ |:|	[Epoch 86] Training on graph 50
INFO	__main__ |:|	[Epoch 86] Training on graph 60
INFO	__main__ |:|	[Epoch 86] Training on graph 0
INFO	__main__ |:|	[Epoch 86] Training on graph 10
INFO	__main__ |:|	[Epoch 86] Training on graph 20
INFO	__main__ |:|	[Epoch 86] Training on graph 30
INFO	__main__ |:|	[Epoch 86] Training on graph 40
INFO	__main__ |:|	[Epoch 86] Training on graph 50
INFO	__main__ |:|	[Epoch 86] took 3.17 minutes.
INFO	__main__ |:|	[Epoch 86] Train reward: 0.0268
INFO	__main__ |:|	[Epoch 87] Training on graph 0
INFO	__main__ |:|	[Epoch 87] Training on graph 10
INFO	__main__ |:|	[Epoch 87] Training on graph 20
INFO	__main__ |:|	[Epoch 87] Training on graph 30
INFO	__main__ |:|	[Epoch 87] Training on graph 40
INFO	__main__ |:|	[Epoch 87] Training on graph 50
INFO	__main__ |:|	[Epoch 87] Training on graph 60
INFO	__main__ |:|	[Epoch 87] Training on graph 0
INFO	__main__ |:|	[Epoch 87] Training on graph 10
INFO	__main__ |:|	[Epoch 87] Training on graph 20
INFO	__main__ |:|	[Epoch 87] Training on graph 30
INFO	__main__ |:|	[Epoch 87] Training on graph 40
INFO	__main__ |:|	[Epoch 87] Training on graph 50
INFO	__main__ |:|	[Epoch 87] took 3.28 minutes.
INFO	__main__ |:|	[Epoch 87] Train reward: 0.0403
INFO	__main__ |:|	[Epoch 88] Training on graph 0
INFO	__main__ |:|	[Epoch 88] Training on graph 10
INFO	__main__ |:|	[Epoch 88] Training on graph 20
INFO	__main__ |:|	[Epoch 88] Training on graph 30
INFO	__main__ |:|	[Epoch 88] Training on graph 40
INFO	__main__ |:|	[Epoch 88] Training on graph 50
INFO	__main__ |:|	[Epoch 88] Training on graph 60
INFO	__main__ |:|	[Epoch 88] Training on graph 0
INFO	__main__ |:|	[Epoch 88] Training on graph 10
INFO	__main__ |:|	[Epoch 88] Training on graph 20
INFO	__main__ |:|	[Epoch 88] Training on graph 30
INFO	__main__ |:|	[Epoch 88] Training on graph 40
INFO	__main__ |:|	[Epoch 88] Training on graph 50
INFO	__main__ |:|	[Epoch 88] took 3.34 minutes.
INFO	__main__ |:|	[Epoch 88] Train reward: 0.0221
INFO	__main__ |:|	[Epoch 89] Training on graph 0
INFO	__main__ |:|	[Epoch 89] Training on graph 10
INFO	__main__ |:|	[Epoch 89] Training on graph 20
INFO	__main__ |:|	[Epoch 89] Training on graph 30
INFO	__main__ |:|	[Epoch 89] Training on graph 40
INFO	__main__ |:|	[Epoch 89] Training on graph 50
INFO	__main__ |:|	[Epoch 89] Training on graph 60
INFO	__main__ |:|	[Epoch 89] Training on graph 0
INFO	__main__ |:|	[Epoch 89] Training on graph 10
INFO	__main__ |:|	[Epoch 89] Training on graph 20
INFO	__main__ |:|	[Epoch 89] Training on graph 30
INFO	__main__ |:|	[Epoch 89] Training on graph 40
INFO	__main__ |:|	[Epoch 89] Training on graph 50
INFO	__main__ |:|	[Epoch 89] took 3.28 minutes.
INFO	__main__ |:|	[Epoch 89] Train reward: -0.0011
INFO	__main__ |:|	[Epoch 90] Training on graph 0
INFO	__main__ |:|	[Epoch 90] Training on graph 10
INFO	__main__ |:|	[Epoch 90] Training on graph 20
INFO	__main__ |:|	[Epoch 90] Training on graph 30
INFO	__main__ |:|	[Epoch 90] Training on graph 40
INFO	__main__ |:|	[Epoch 90] Training on graph 50
INFO	__main__ |:|	[Epoch 90] Training on graph 60
INFO	__main__ |:|	[Epoch 90] Training on graph 0
INFO	__main__ |:|	[Epoch 90] Training on graph 10
INFO	__main__ |:|	[Epoch 90] Training on graph 20
INFO	__main__ |:|	[Epoch 90] Training on graph 30
INFO	__main__ |:|	[Epoch 90] Training on graph 40
INFO	__main__ |:|	[Epoch 90] Training on graph 50
INFO	__main__ |:|	[Epoch 90] took 3.15 minutes.
INFO	__main__ |:|	Evaluating on test set with 70 graphs...
INFO	__main__ |:|	[Epoch 90] Test evaluation took 3.57 minutes.
INFO	__main__ |:|	[Epoch 90] Train reward: 0.0106, Test reward: -0.0157 ± 0.1463
INFO	__main__ |:|	[Epoch 91] Training on graph 0
INFO	__main__ |:|	[Epoch 91] Training on graph 10
INFO	__main__ |:|	[Epoch 91] Training on graph 20
INFO	__main__ |:|	[Epoch 91] Training on graph 30
INFO	__main__ |:|	[Epoch 91] Training on graph 40
INFO	__main__ |:|	[Epoch 91] Training on graph 50
INFO	__main__ |:|	[Epoch 91] Training on graph 60
INFO	__main__ |:|	[Epoch 91] Training on graph 0
INFO	__main__ |:|	[Epoch 91] Training on graph 10
INFO	__main__ |:|	[Epoch 91] Training on graph 20
INFO	__main__ |:|	[Epoch 91] Training on graph 30
INFO	__main__ |:|	[Epoch 91] Training on graph 40
INFO	__main__ |:|	[Epoch 91] Training on graph 50
INFO	__main__ |:|	[Epoch 91] took 3.21 minutes.
INFO	__main__ |:|	[Epoch 91] Train reward: -0.0262
INFO	__main__ |:|	[Epoch 92] Training on graph 0
INFO	__main__ |:|	[Epoch 92] Training on graph 10
INFO	__main__ |:|	[Epoch 92] Training on graph 20
INFO	__main__ |:|	[Epoch 92] Training on graph 30
INFO	__main__ |:|	[Epoch 92] Training on graph 40
INFO	__main__ |:|	[Epoch 92] Training on graph 50
INFO	__main__ |:|	[Epoch 92] Training on graph 60
INFO	__main__ |:|	[Epoch 92] Training on graph 0
INFO	__main__ |:|	[Epoch 92] Training on graph 10
INFO	__main__ |:|	[Epoch 92] Training on graph 20
INFO	__main__ |:|	[Epoch 92] Training on graph 30
INFO	__main__ |:|	[Epoch 92] Training on graph 40
INFO	__main__ |:|	[Epoch 92] Training on graph 50
INFO	__main__ |:|	[Epoch 92] took 3.30 minutes.
INFO	__main__ |:|	[Epoch 92] Train reward: 0.0095
INFO	__main__ |:|	[Epoch 93] Training on graph 0
INFO	__main__ |:|	[Epoch 93] Training on graph 10
INFO	__main__ |:|	[Epoch 93] Training on graph 20
INFO	__main__ |:|	[Epoch 93] Training on graph 30
INFO	__main__ |:|	[Epoch 93] Training on graph 40
INFO	__main__ |:|	[Epoch 93] Training on graph 50
INFO	__main__ |:|	[Epoch 93] Training on graph 60
INFO	__main__ |:|	[Epoch 93] Training on graph 0
INFO	__main__ |:|	[Epoch 93] Training on graph 10
INFO	__main__ |:|	[Epoch 93] Training on graph 20
INFO	__main__ |:|	[Epoch 93] Training on graph 30
INFO	__main__ |:|	[Epoch 93] Training on graph 40
INFO	__main__ |:|	[Epoch 93] Training on graph 50
INFO	__main__ |:|	[Epoch 93] took 3.35 minutes.
INFO	__main__ |:|	[Epoch 93] Train reward: 0.0029
INFO	__main__ |:|	[Epoch 94] Training on graph 0
INFO	__main__ |:|	[Epoch 94] Training on graph 10
INFO	__main__ |:|	[Epoch 94] Training on graph 20
INFO	__main__ |:|	[Epoch 94] Training on graph 30
INFO	__main__ |:|	[Epoch 94] Training on graph 40
INFO	__main__ |:|	[Epoch 94] Training on graph 50
INFO	__main__ |:|	[Epoch 94] Training on graph 60
INFO	__main__ |:|	[Epoch 94] Training on graph 0
INFO	__main__ |:|	[Epoch 94] Training on graph 10
INFO	__main__ |:|	[Epoch 94] Training on graph 20
INFO	__main__ |:|	[Epoch 94] Training on graph 30
INFO	__main__ |:|	[Epoch 94] Training on graph 40
INFO	__main__ |:|	[Epoch 94] Training on graph 50
INFO	__main__ |:|	[Epoch 94] took 3.17 minutes.
INFO	__main__ |:|	[Epoch 94] Train reward: -0.0033
INFO	__main__ |:|	[Epoch 95] Training on graph 0
INFO	__main__ |:|	[Epoch 95] Training on graph 10
INFO	__main__ |:|	[Epoch 95] Training on graph 20
INFO	__main__ |:|	[Epoch 95] Training on graph 30
INFO	__main__ |:|	[Epoch 95] Training on graph 40
INFO	__main__ |:|	[Epoch 95] Training on graph 50
INFO	__main__ |:|	[Epoch 95] Training on graph 60
INFO	__main__ |:|	[Epoch 95] Training on graph 0
INFO	__main__ |:|	[Epoch 95] Training on graph 10
INFO	__main__ |:|	[Epoch 95] Training on graph 20
INFO	__main__ |:|	[Epoch 95] Training on graph 30
INFO	__main__ |:|	[Epoch 95] Training on graph 40
INFO	__main__ |:|	[Epoch 95] Training on graph 50
INFO	__main__ |:|	[Epoch 95] took 3.22 minutes.
INFO	__main__ |:|	Evaluating on test set with 70 graphs...
INFO	__main__ |:|	[Epoch 95] Test evaluation took 4.31 minutes.
INFO	__main__ |:|	[Epoch 95] Train reward: -0.0201, Test reward: -0.0276 ± 0.1217
INFO	__main__ |:|	[Epoch 96] Training on graph 0
INFO	__main__ |:|	[Epoch 96] Training on graph 10
INFO	__main__ |:|	[Epoch 96] Training on graph 20
INFO	__main__ |:|	[Epoch 96] Training on graph 30
INFO	__main__ |:|	[Epoch 96] Training on graph 40
INFO	__main__ |:|	[Epoch 96] Training on graph 50
INFO	__main__ |:|	[Epoch 96] Training on graph 60
INFO	__main__ |:|	[Epoch 96] Training on graph 0
INFO	__main__ |:|	[Epoch 96] Training on graph 10
INFO	__main__ |:|	[Epoch 96] Training on graph 20
INFO	__main__ |:|	[Epoch 96] Training on graph 30
INFO	__main__ |:|	[Epoch 96] Training on graph 40
INFO	__main__ |:|	[Epoch 96] Training on graph 50
INFO	__main__ |:|	[Epoch 96] took 3.07 minutes.
INFO	__main__ |:|	[Epoch 96] Train reward: -0.0225
INFO	__main__ |:|	[Epoch 97] Training on graph 0
INFO	__main__ |:|	[Epoch 97] Training on graph 10
INFO	__main__ |:|	[Epoch 97] Training on graph 20
INFO	__main__ |:|	[Epoch 97] Training on graph 30
INFO	__main__ |:|	[Epoch 97] Training on graph 40
INFO	__main__ |:|	[Epoch 97] Training on graph 50
INFO	__main__ |:|	[Epoch 97] Training on graph 60
INFO	__main__ |:|	[Epoch 97] Training on graph 0
INFO	__main__ |:|	[Epoch 97] Training on graph 10
INFO	__main__ |:|	[Epoch 97] Training on graph 20
INFO	__main__ |:|	[Epoch 97] Training on graph 30
INFO	__main__ |:|	[Epoch 97] Training on graph 40
INFO	__main__ |:|	[Epoch 97] Training on graph 50
INFO	__main__ |:|	[Epoch 97] took 3.36 minutes.
INFO	__main__ |:|	[Epoch 97] Train reward: 0.0092
INFO	__main__ |:|	[Epoch 98] Training on graph 0
INFO	__main__ |:|	[Epoch 98] Training on graph 10
INFO	__main__ |:|	[Epoch 98] Training on graph 20
INFO	__main__ |:|	[Epoch 98] Training on graph 30
INFO	__main__ |:|	[Epoch 98] Training on graph 40
INFO	__main__ |:|	[Epoch 98] Training on graph 50
INFO	__main__ |:|	[Epoch 98] Training on graph 60
INFO	__main__ |:|	[Epoch 98] Training on graph 0
INFO	__main__ |:|	[Epoch 98] Training on graph 10
INFO	__main__ |:|	[Epoch 98] Training on graph 20
INFO	__main__ |:|	[Epoch 98] Training on graph 30
INFO	__main__ |:|	[Epoch 98] Training on graph 40
INFO	__main__ |:|	[Epoch 98] Training on graph 50
INFO	__main__ |:|	[Epoch 98] took 3.32 minutes.
INFO	__main__ |:|	[Epoch 98] Train reward: -0.0098
INFO	__main__ |:|	[Epoch 99] Training on graph 0
INFO	__main__ |:|	[Epoch 99] Training on graph 10
INFO	__main__ |:|	[Epoch 99] Training on graph 20
INFO	__main__ |:|	[Epoch 99] Training on graph 30
INFO	__main__ |:|	[Epoch 99] Training on graph 40
INFO	__main__ |:|	[Epoch 99] Training on graph 50
INFO	__main__ |:|	[Epoch 99] Training on graph 60
INFO	__main__ |:|	[Epoch 99] Training on graph 0
INFO	__main__ |:|	[Epoch 99] Training on graph 10
INFO	__main__ |:|	[Epoch 99] Training on graph 20
INFO	__main__ |:|	[Epoch 99] Training on graph 30
INFO	__main__ |:|	[Epoch 99] Training on graph 40
INFO	__main__ |:|	[Epoch 99] Training on graph 50
INFO	__main__ |:|	[Epoch 99] took 3.13 minutes.
INFO	__main__ |:|	[Epoch 99] Train reward: 0.0056
INFO	__main__ |:|	[Epoch 100] Training on graph 0
INFO	__main__ |:|	[Epoch 100] Training on graph 10
INFO	__main__ |:|	[Epoch 100] Training on graph 20
INFO	__main__ |:|	[Epoch 100] Training on graph 30
INFO	__main__ |:|	[Epoch 100] Training on graph 40
INFO	__main__ |:|	[Epoch 100] Training on graph 50
INFO	__main__ |:|	[Epoch 100] Training on graph 60
INFO	__main__ |:|	[Epoch 100] Training on graph 0
INFO	__main__ |:|	[Epoch 100] Training on graph 10
INFO	__main__ |:|	[Epoch 100] Training on graph 20
INFO	__main__ |:|	[Epoch 100] Training on graph 30
INFO	__main__ |:|	[Epoch 100] Training on graph 40
INFO	__main__ |:|	[Epoch 100] Training on graph 50
INFO	__main__ |:|	[Epoch 100] took 3.34 minutes.
INFO	__main__ |:|	Evaluating on test set with 70 graphs...
INFO	__main__ |:|	[Epoch 100] Test evaluation took 3.87 minutes.
INFO	__main__ |:|	[Epoch 100] Train reward: 0.0105, Test reward: -0.0326 ± 0.1633
INFO	__main__ |:|	[Epoch 101] Training on graph 0
INFO	__main__ |:|	[Epoch 101] Training on graph 10
INFO	__main__ |:|	[Epoch 101] Training on graph 20
INFO	__main__ |:|	[Epoch 101] Training on graph 30
INFO	__main__ |:|	[Epoch 101] Training on graph 40
INFO	__main__ |:|	[Epoch 101] Training on graph 50
INFO	__main__ |:|	[Epoch 101] Training on graph 60
INFO	__main__ |:|	[Epoch 101] Training on graph 0
INFO	__main__ |:|	[Epoch 101] Training on graph 10
INFO	__main__ |:|	[Epoch 101] Training on graph 20
INFO	__main__ |:|	[Epoch 101] Training on graph 30
INFO	__main__ |:|	[Epoch 101] Training on graph 40
INFO	__main__ |:|	[Epoch 101] Training on graph 50
INFO	__main__ |:|	[Epoch 101] took 3.17 minutes.
INFO	__main__ |:|	[Epoch 101] Train reward: 0.0082
INFO	__main__ |:|	[Epoch 102] Training on graph 0
INFO	__main__ |:|	[Epoch 102] Training on graph 10
INFO	__main__ |:|	[Epoch 102] Training on graph 20
INFO	__main__ |:|	[Epoch 102] Training on graph 30
INFO	__main__ |:|	[Epoch 102] Training on graph 40
INFO	__main__ |:|	[Epoch 102] Training on graph 50
INFO	__main__ |:|	[Epoch 102] Training on graph 60
INFO	__main__ |:|	[Epoch 102] Training on graph 0
INFO	__main__ |:|	[Epoch 102] Training on graph 10
INFO	__main__ |:|	[Epoch 102] Training on graph 20
INFO	__main__ |:|	[Epoch 102] Training on graph 30
INFO	__main__ |:|	[Epoch 102] Training on graph 40
INFO	__main__ |:|	[Epoch 102] Training on graph 50
INFO	__main__ |:|	[Epoch 102] took 3.27 minutes.
INFO	__main__ |:|	[Epoch 102] Train reward: -0.0240
INFO	__main__ |:|	[Epoch 103] Training on graph 0
INFO	__main__ |:|	[Epoch 103] Training on graph 10
INFO	__main__ |:|	[Epoch 103] Training on graph 20
INFO	__main__ |:|	[Epoch 103] Training on graph 30
INFO	__main__ |:|	[Epoch 103] Training on graph 40
INFO	__main__ |:|	[Epoch 103] Training on graph 50
INFO	__main__ |:|	[Epoch 103] Training on graph 60
INFO	__main__ |:|	[Epoch 103] Training on graph 0
INFO	__main__ |:|	[Epoch 103] Training on graph 10
INFO	__main__ |:|	[Epoch 103] Training on graph 20
INFO	__main__ |:|	[Epoch 103] Training on graph 30
INFO	__main__ |:|	[Epoch 103] Training on graph 40
INFO	__main__ |:|	[Epoch 103] Training on graph 50
INFO	__main__ |:|	[Epoch 103] took 3.39 minutes.
INFO	__main__ |:|	[Epoch 103] Train reward: -0.0192
INFO	__main__ |:|	[Epoch 104] Training on graph 0
INFO	__main__ |:|	[Epoch 104] Training on graph 10
INFO	__main__ |:|	[Epoch 104] Training on graph 20
INFO	__main__ |:|	[Epoch 104] Training on graph 30
INFO	__main__ |:|	[Epoch 104] Training on graph 40
INFO	__main__ |:|	[Epoch 104] Training on graph 50
INFO	__main__ |:|	[Epoch 104] Training on graph 60
INFO	__main__ |:|	[Epoch 104] Training on graph 0
INFO	__main__ |:|	[Epoch 104] Training on graph 10
INFO	__main__ |:|	[Epoch 104] Training on graph 20
INFO	__main__ |:|	[Epoch 104] Training on graph 30
INFO	__main__ |:|	[Epoch 104] Training on graph 40
INFO	__main__ |:|	[Epoch 104] Training on graph 50
INFO	__main__ |:|	[Epoch 104] took 3.13 minutes.
INFO	__main__ |:|	[Epoch 104] Train reward: 0.0142
INFO	__main__ |:|	[Epoch 105] Training on graph 0
INFO	__main__ |:|	[Epoch 105] Training on graph 10
INFO	__main__ |:|	[Epoch 105] Training on graph 20
INFO	__main__ |:|	[Epoch 105] Training on graph 30
INFO	__main__ |:|	[Epoch 105] Training on graph 40
INFO	__main__ |:|	[Epoch 105] Training on graph 50
INFO	__main__ |:|	[Epoch 105] Training on graph 60
INFO	__main__ |:|	[Epoch 105] Training on graph 0
INFO	__main__ |:|	[Epoch 105] Training on graph 10
INFO	__main__ |:|	[Epoch 105] Training on graph 20
INFO	__main__ |:|	[Epoch 105] Training on graph 30
INFO	__main__ |:|	[Epoch 105] Training on graph 40
INFO	__main__ |:|	[Epoch 105] Training on graph 50
INFO	__main__ |:|	[Epoch 105] took 3.29 minutes.
INFO	__main__ |:|	Evaluating on test set with 70 graphs...
INFO	__main__ |:|	[Epoch 105] Test evaluation took 4.33 minutes.
INFO	__main__ |:|	[Epoch 105] Train reward: 0.0151, Test reward: -0.0209 ± 0.1638
INFO	__main__ |:|	Early stopping at epoch 105
INFO	__main__ |:|	Final training plots created successfully
Training progress plot saved to: outputs/2025-07-29_03-48-08_gnn_rl_model_TransformerConv_p2/training_progress_p2.png
Combined progress plot saved to: outputs/2025-07-29_03-48-08_gnn_rl_model_TransformerConv_p2/combined_progress_p2.png
