INFO	src.utils.logger |:|	logger initialized with file: /home/lagom-qaoa/outputs/logs/2025-07-29_03-48-08_gnn_rl_trainer_GCN_p4.log
INFO	__main__ |:|	Training set has 202 instances
INFO	__main__ |:|	Test set has 258 instances
INFO	__main__ |:|	Initializing GNN-based training with:
INFO	__main__ |:|	  GNN type: GCN
INFO	__main__ |:|	  GNN hidden dim: 256
INFO	__main__ |:|	  GNN layers: 3
INFO	__main__ |:|	  p: 4, n_epochs: 500, eps_per_epoch: 128, T: 128
INFO	__main__ |:|	  Destination directory: outputs/2025-07-29_03-48-08_gnn_rl_model_GCN_p4
INFO	__main__ |:|	Starting GNN-based training...
INFO	__main__ |:|	Training GNN-based agent with GCN architecture
INFO	__main__ |:|	Placing computation in DEVICE: cuda:2
INFO	__main__ |:|	Creating GNN-PPO agent with state_dim: 36, action_dim: 8
INFO	__main__ |:|	[Epoch 0] Training on graph 0
INFO	__main__ |:|	[Epoch 0] Training on graph 10
INFO	__main__ |:|	[Epoch 0] Training on graph 20
INFO	__main__ |:|	[Epoch 0] Training on graph 30
INFO	__main__ |:|	[Epoch 0] Training on graph 40
INFO	__main__ |:|	[Epoch 0] Training on graph 50
INFO	__main__ |:|	[Epoch 0] Training on graph 60
INFO	__main__ |:|	[Epoch 0] Training on graph 0
INFO	__main__ |:|	[Epoch 0] Training on graph 10
INFO	__main__ |:|	[Epoch 0] Training on graph 20
INFO	__main__ |:|	[Epoch 0] Training on graph 30
INFO	__main__ |:|	[Epoch 0] Training on graph 40
INFO	__main__ |:|	[Epoch 0] Training on graph 50
INFO	__main__ |:|	[Epoch 0] took 4.34 minutes.
INFO	__main__ |:|	Evaluating on test set with 70 graphs...
INFO	__main__ |:|	[Epoch 0] Test evaluation took 8.55 minutes.
INFO	__main__ |:|	[Epoch 0] New best model saved!
INFO	__main__ |:|	[Epoch 0] Train reward: 0.0180, Test reward: -0.0170 ± 0.1107
INFO	__main__ |:|	[Epoch 1] Training on graph 0
INFO	__main__ |:|	[Epoch 1] Training on graph 10
INFO	__main__ |:|	[Epoch 1] Training on graph 20
INFO	__main__ |:|	[Epoch 1] Training on graph 30
INFO	__main__ |:|	[Epoch 1] Training on graph 40
INFO	__main__ |:|	[Epoch 1] Training on graph 50
INFO	__main__ |:|	[Epoch 1] Training on graph 60
INFO	__main__ |:|	[Epoch 1] Training on graph 0
INFO	__main__ |:|	[Epoch 1] Training on graph 10
INFO	__main__ |:|	[Epoch 1] Training on graph 20
INFO	__main__ |:|	[Epoch 1] Training on graph 30
INFO	__main__ |:|	[Epoch 1] Training on graph 40
INFO	__main__ |:|	[Epoch 1] Training on graph 50
INFO	__main__ |:|	[Epoch 1] took 4.39 minutes.
INFO	__main__ |:|	[Epoch 1] Train reward: -0.0220
INFO	__main__ |:|	[Epoch 2] Training on graph 0
INFO	__main__ |:|	[Epoch 2] Training on graph 10
INFO	__main__ |:|	[Epoch 2] Training on graph 20
INFO	__main__ |:|	[Epoch 2] Training on graph 30
INFO	__main__ |:|	[Epoch 2] Training on graph 40
INFO	__main__ |:|	[Epoch 2] Training on graph 50
INFO	__main__ |:|	[Epoch 2] Training on graph 60
INFO	__main__ |:|	[Epoch 2] Training on graph 0
INFO	__main__ |:|	[Epoch 2] Training on graph 10
INFO	__main__ |:|	[Epoch 2] Training on graph 20
INFO	__main__ |:|	[Epoch 2] Training on graph 30
INFO	__main__ |:|	[Epoch 2] Training on graph 40
INFO	__main__ |:|	[Epoch 2] Training on graph 50
INFO	__main__ |:|	[Epoch 2] took 4.36 minutes.
INFO	__main__ |:|	[Epoch 2] Train reward: 0.0010
INFO	__main__ |:|	[Epoch 3] Training on graph 0
INFO	__main__ |:|	[Epoch 3] Training on graph 10
INFO	__main__ |:|	[Epoch 3] Training on graph 20
INFO	__main__ |:|	[Epoch 3] Training on graph 30
INFO	__main__ |:|	[Epoch 3] Training on graph 40
INFO	__main__ |:|	[Epoch 3] Training on graph 50
INFO	__main__ |:|	[Epoch 3] Training on graph 60
INFO	__main__ |:|	[Epoch 3] Training on graph 0
INFO	__main__ |:|	[Epoch 3] Training on graph 10
INFO	__main__ |:|	[Epoch 3] Training on graph 20
INFO	__main__ |:|	[Epoch 3] Training on graph 30
INFO	__main__ |:|	[Epoch 3] Training on graph 40
INFO	__main__ |:|	[Epoch 3] Training on graph 50
INFO	__main__ |:|	[Epoch 3] took 4.42 minutes.
INFO	__main__ |:|	[Epoch 3] Train reward: 0.0091
INFO	__main__ |:|	[Epoch 4] Training on graph 0
INFO	__main__ |:|	[Epoch 4] Training on graph 10
INFO	__main__ |:|	[Epoch 4] Training on graph 20
INFO	__main__ |:|	[Epoch 4] Training on graph 30
INFO	__main__ |:|	[Epoch 4] Training on graph 40
INFO	__main__ |:|	[Epoch 4] Training on graph 50
INFO	__main__ |:|	[Epoch 4] Training on graph 60
INFO	__main__ |:|	[Epoch 4] Training on graph 0
INFO	__main__ |:|	[Epoch 4] Training on graph 10
INFO	__main__ |:|	[Epoch 4] Training on graph 20
INFO	__main__ |:|	[Epoch 4] Training on graph 30
INFO	__main__ |:|	[Epoch 4] Training on graph 40
INFO	__main__ |:|	[Epoch 4] Training on graph 50
INFO	__main__ |:|	[Epoch 4] took 4.31 minutes.
INFO	__main__ |:|	[Epoch 4] Train reward: -0.0072
INFO	__main__ |:|	[Epoch 5] Training on graph 0
INFO	__main__ |:|	[Epoch 5] Training on graph 10
INFO	__main__ |:|	[Epoch 5] Training on graph 20
INFO	__main__ |:|	[Epoch 5] Training on graph 30
INFO	__main__ |:|	[Epoch 5] Training on graph 40
INFO	__main__ |:|	[Epoch 5] Training on graph 50
INFO	__main__ |:|	[Epoch 5] Training on graph 60
INFO	__main__ |:|	[Epoch 5] Training on graph 0
INFO	__main__ |:|	[Epoch 5] Training on graph 10
INFO	__main__ |:|	[Epoch 5] Training on graph 20
INFO	__main__ |:|	[Epoch 5] Training on graph 30
INFO	__main__ |:|	[Epoch 5] Training on graph 40
INFO	__main__ |:|	[Epoch 5] Training on graph 50
INFO	__main__ |:|	[Epoch 5] took 4.30 minutes.
INFO	__main__ |:|	Evaluating on test set with 70 graphs...
INFO	__main__ |:|	[Epoch 5] Test evaluation took 7.04 minutes.
INFO	__main__ |:|	[Epoch 5] New best model saved!
INFO	__main__ |:|	[Epoch 5] Train reward: 0.0047, Test reward: 0.0133 ± 0.0852
INFO	__main__ |:|	[Epoch 6] Training on graph 0
INFO	__main__ |:|	[Epoch 6] Training on graph 10
INFO	__main__ |:|	[Epoch 6] Training on graph 20
INFO	__main__ |:|	[Epoch 6] Training on graph 30
INFO	__main__ |:|	[Epoch 6] Training on graph 40
INFO	__main__ |:|	[Epoch 6] Training on graph 50
INFO	__main__ |:|	[Epoch 6] Training on graph 60
INFO	__main__ |:|	[Epoch 6] Training on graph 0
INFO	__main__ |:|	[Epoch 6] Training on graph 10
INFO	__main__ |:|	[Epoch 6] Training on graph 20
INFO	__main__ |:|	[Epoch 6] Training on graph 30
INFO	__main__ |:|	[Epoch 6] Training on graph 40
INFO	__main__ |:|	[Epoch 6] Training on graph 50
INFO	__main__ |:|	[Epoch 6] took 4.39 minutes.
INFO	__main__ |:|	[Epoch 6] Train reward: -0.0030
INFO	__main__ |:|	[Epoch 7] Training on graph 0
INFO	__main__ |:|	[Epoch 7] Training on graph 10
INFO	__main__ |:|	[Epoch 7] Training on graph 20
INFO	__main__ |:|	[Epoch 7] Training on graph 30
INFO	__main__ |:|	[Epoch 7] Training on graph 40
INFO	__main__ |:|	[Epoch 7] Training on graph 50
INFO	__main__ |:|	[Epoch 7] Training on graph 60
INFO	__main__ |:|	[Epoch 7] Training on graph 0
INFO	__main__ |:|	[Epoch 7] Training on graph 10
INFO	__main__ |:|	[Epoch 7] Training on graph 20
INFO	__main__ |:|	[Epoch 7] Training on graph 30
INFO	__main__ |:|	[Epoch 7] Training on graph 40
INFO	__main__ |:|	[Epoch 7] Training on graph 50
INFO	__main__ |:|	[Epoch 7] took 4.30 minutes.
INFO	__main__ |:|	[Epoch 7] Train reward: -0.0106
INFO	__main__ |:|	[Epoch 8] Training on graph 0
INFO	__main__ |:|	[Epoch 8] Training on graph 10
INFO	__main__ |:|	[Epoch 8] Training on graph 20
INFO	__main__ |:|	[Epoch 8] Training on graph 30
INFO	__main__ |:|	[Epoch 8] Training on graph 40
INFO	__main__ |:|	[Epoch 8] Training on graph 50
INFO	__main__ |:|	[Epoch 8] Training on graph 60
INFO	__main__ |:|	[Epoch 8] Training on graph 0
INFO	__main__ |:|	[Epoch 8] Training on graph 10
INFO	__main__ |:|	[Epoch 8] Training on graph 20
INFO	__main__ |:|	[Epoch 8] Training on graph 30
INFO	__main__ |:|	[Epoch 8] Training on graph 40
INFO	__main__ |:|	[Epoch 8] Training on graph 50
INFO	__main__ |:|	[Epoch 8] took 4.40 minutes.
INFO	__main__ |:|	[Epoch 8] Train reward: 0.0165
INFO	__main__ |:|	[Epoch 9] Training on graph 0
INFO	__main__ |:|	[Epoch 9] Training on graph 10
INFO	__main__ |:|	[Epoch 9] Training on graph 20
INFO	__main__ |:|	[Epoch 9] Training on graph 30
INFO	__main__ |:|	[Epoch 9] Training on graph 40
INFO	__main__ |:|	[Epoch 9] Training on graph 50
INFO	__main__ |:|	[Epoch 9] Training on graph 60
INFO	__main__ |:|	[Epoch 9] Training on graph 0
INFO	__main__ |:|	[Epoch 9] Training on graph 10
INFO	__main__ |:|	[Epoch 9] Training on graph 20
INFO	__main__ |:|	[Epoch 9] Training on graph 30
INFO	__main__ |:|	[Epoch 9] Training on graph 40
INFO	__main__ |:|	[Epoch 9] Training on graph 50
INFO	__main__ |:|	[Epoch 9] took 4.45 minutes.
INFO	__main__ |:|	[Epoch 9] Train reward: -0.0110
INFO	__main__ |:|	[Epoch 10] Training on graph 0
INFO	__main__ |:|	[Epoch 10] Training on graph 10
INFO	__main__ |:|	[Epoch 10] Training on graph 20
INFO	__main__ |:|	[Epoch 10] Training on graph 30
INFO	__main__ |:|	[Epoch 10] Training on graph 40
INFO	__main__ |:|	[Epoch 10] Training on graph 50
INFO	__main__ |:|	[Epoch 10] Training on graph 60
INFO	__main__ |:|	[Epoch 10] Training on graph 0
INFO	__main__ |:|	[Epoch 10] Training on graph 10
INFO	__main__ |:|	[Epoch 10] Training on graph 20
INFO	__main__ |:|	[Epoch 10] Training on graph 30
INFO	__main__ |:|	[Epoch 10] Training on graph 40
INFO	__main__ |:|	[Epoch 10] Training on graph 50
INFO	__main__ |:|	[Epoch 10] took 4.38 minutes.
INFO	__main__ |:|	Evaluating on test set with 70 graphs...
INFO	__main__ |:|	[Epoch 10] Test evaluation took 6.10 minutes.
INFO	__main__ |:|	[Epoch 10] Train reward: -0.0102, Test reward: 0.0123 ± 0.0895
INFO	__main__ |:|	[Epoch 11] Training on graph 0
INFO	__main__ |:|	[Epoch 11] Training on graph 10
INFO	__main__ |:|	[Epoch 11] Training on graph 20
INFO	__main__ |:|	[Epoch 11] Training on graph 30
INFO	__main__ |:|	[Epoch 11] Training on graph 40
INFO	__main__ |:|	[Epoch 11] Training on graph 50
INFO	__main__ |:|	[Epoch 11] Training on graph 60
INFO	__main__ |:|	[Epoch 11] Training on graph 0
INFO	__main__ |:|	[Epoch 11] Training on graph 10
INFO	__main__ |:|	[Epoch 11] Training on graph 20
INFO	__main__ |:|	[Epoch 11] Training on graph 30
INFO	__main__ |:|	[Epoch 11] Training on graph 40
INFO	__main__ |:|	[Epoch 11] Training on graph 50
INFO	__main__ |:|	[Epoch 11] took 4.36 minutes.
INFO	__main__ |:|	[Epoch 11] Train reward: 0.0130
INFO	__main__ |:|	[Epoch 12] Training on graph 0
INFO	__main__ |:|	[Epoch 12] Training on graph 10
INFO	__main__ |:|	[Epoch 12] Training on graph 20
INFO	__main__ |:|	[Epoch 12] Training on graph 30
INFO	__main__ |:|	[Epoch 12] Training on graph 40
INFO	__main__ |:|	[Epoch 12] Training on graph 50
INFO	__main__ |:|	[Epoch 12] Training on graph 60
INFO	__main__ |:|	[Epoch 12] Training on graph 0
INFO	__main__ |:|	[Epoch 12] Training on graph 10
INFO	__main__ |:|	[Epoch 12] Training on graph 20
INFO	__main__ |:|	[Epoch 12] Training on graph 30
INFO	__main__ |:|	[Epoch 12] Training on graph 40
INFO	__main__ |:|	[Epoch 12] Training on graph 50
INFO	__main__ |:|	[Epoch 12] took 4.39 minutes.
INFO	__main__ |:|	[Epoch 12] Train reward: 0.0053
INFO	__main__ |:|	[Epoch 13] Training on graph 0
INFO	__main__ |:|	[Epoch 13] Training on graph 10
INFO	__main__ |:|	[Epoch 13] Training on graph 20
INFO	__main__ |:|	[Epoch 13] Training on graph 30
INFO	__main__ |:|	[Epoch 13] Training on graph 40
INFO	__main__ |:|	[Epoch 13] Training on graph 50
INFO	__main__ |:|	[Epoch 13] Training on graph 60
INFO	__main__ |:|	[Epoch 13] Training on graph 0
INFO	__main__ |:|	[Epoch 13] Training on graph 10
INFO	__main__ |:|	[Epoch 13] Training on graph 20
INFO	__main__ |:|	[Epoch 13] Training on graph 30
INFO	__main__ |:|	[Epoch 13] Training on graph 40
INFO	__main__ |:|	[Epoch 13] Training on graph 50
INFO	__main__ |:|	[Epoch 13] took 4.35 minutes.
INFO	__main__ |:|	[Epoch 13] Train reward: 0.0265
INFO	__main__ |:|	[Epoch 14] Training on graph 0
INFO	__main__ |:|	[Epoch 14] Training on graph 10
INFO	__main__ |:|	[Epoch 14] Training on graph 20
INFO	__main__ |:|	[Epoch 14] Training on graph 30
INFO	__main__ |:|	[Epoch 14] Training on graph 40
INFO	__main__ |:|	[Epoch 14] Training on graph 50
INFO	__main__ |:|	[Epoch 14] Training on graph 60
INFO	__main__ |:|	[Epoch 14] Training on graph 0
INFO	__main__ |:|	[Epoch 14] Training on graph 10
INFO	__main__ |:|	[Epoch 14] Training on graph 20
INFO	__main__ |:|	[Epoch 14] Training on graph 30
INFO	__main__ |:|	[Epoch 14] Training on graph 40
INFO	__main__ |:|	[Epoch 14] Training on graph 50
INFO	__main__ |:|	[Epoch 14] took 4.44 minutes.
INFO	__main__ |:|	[Epoch 14] Train reward: -0.0003
INFO	__main__ |:|	[Epoch 15] Training on graph 0
INFO	__main__ |:|	[Epoch 15] Training on graph 10
INFO	__main__ |:|	[Epoch 15] Training on graph 20
INFO	__main__ |:|	[Epoch 15] Training on graph 30
INFO	__main__ |:|	[Epoch 15] Training on graph 40
INFO	__main__ |:|	[Epoch 15] Training on graph 50
INFO	__main__ |:|	[Epoch 15] Training on graph 60
INFO	__main__ |:|	[Epoch 15] Training on graph 0
INFO	__main__ |:|	[Epoch 15] Training on graph 10
INFO	__main__ |:|	[Epoch 15] Training on graph 20
INFO	__main__ |:|	[Epoch 15] Training on graph 30
INFO	__main__ |:|	[Epoch 15] Training on graph 40
INFO	__main__ |:|	[Epoch 15] Training on graph 50
INFO	__main__ |:|	[Epoch 15] took 4.31 minutes.
INFO	__main__ |:|	Evaluating on test set with 70 graphs...
INFO	__main__ |:|	[Epoch 15] Test evaluation took 9.80 minutes.
INFO	__main__ |:|	[Epoch 15] Train reward: 0.0143, Test reward: -0.0029 ± 0.1029
INFO	__main__ |:|	[Epoch 16] Training on graph 0
INFO	__main__ |:|	[Epoch 16] Training on graph 10
INFO	__main__ |:|	[Epoch 16] Training on graph 20
INFO	__main__ |:|	[Epoch 16] Training on graph 30
INFO	__main__ |:|	[Epoch 16] Training on graph 40
INFO	__main__ |:|	[Epoch 16] Training on graph 50
INFO	__main__ |:|	[Epoch 16] Training on graph 60
INFO	__main__ |:|	[Epoch 16] Training on graph 0
INFO	__main__ |:|	[Epoch 16] Training on graph 10
INFO	__main__ |:|	[Epoch 16] Training on graph 20
INFO	__main__ |:|	[Epoch 16] Training on graph 30
INFO	__main__ |:|	[Epoch 16] Training on graph 40
INFO	__main__ |:|	[Epoch 16] Training on graph 50
INFO	__main__ |:|	[Epoch 16] took 4.31 minutes.
INFO	__main__ |:|	[Epoch 16] Train reward: -0.0067
INFO	__main__ |:|	[Epoch 17] Training on graph 0
INFO	__main__ |:|	[Epoch 17] Training on graph 10
INFO	__main__ |:|	[Epoch 17] Training on graph 20
INFO	__main__ |:|	[Epoch 17] Training on graph 30
INFO	__main__ |:|	[Epoch 17] Training on graph 40
INFO	__main__ |:|	[Epoch 17] Training on graph 50
INFO	__main__ |:|	[Epoch 17] Training on graph 60
INFO	__main__ |:|	[Epoch 17] Training on graph 0
INFO	__main__ |:|	[Epoch 17] Training on graph 10
INFO	__main__ |:|	[Epoch 17] Training on graph 20
INFO	__main__ |:|	[Epoch 17] Training on graph 30
INFO	__main__ |:|	[Epoch 17] Training on graph 40
INFO	__main__ |:|	[Epoch 17] Training on graph 50
INFO	__main__ |:|	[Epoch 17] took 4.41 minutes.
INFO	__main__ |:|	[Epoch 17] Train reward: -0.0006
INFO	__main__ |:|	[Epoch 18] Training on graph 0
INFO	__main__ |:|	[Epoch 18] Training on graph 10
INFO	__main__ |:|	[Epoch 18] Training on graph 20
INFO	__main__ |:|	[Epoch 18] Training on graph 30
INFO	__main__ |:|	[Epoch 18] Training on graph 40
INFO	__main__ |:|	[Epoch 18] Training on graph 50
INFO	__main__ |:|	[Epoch 18] Training on graph 60
INFO	__main__ |:|	[Epoch 18] Training on graph 0
INFO	__main__ |:|	[Epoch 18] Training on graph 10
INFO	__main__ |:|	[Epoch 18] Training on graph 20
INFO	__main__ |:|	[Epoch 18] Training on graph 30
INFO	__main__ |:|	[Epoch 18] Training on graph 40
INFO	__main__ |:|	[Epoch 18] Training on graph 50
INFO	__main__ |:|	[Epoch 18] took 4.37 minutes.
INFO	__main__ |:|	[Epoch 18] Train reward: 0.0151
INFO	__main__ |:|	[Epoch 19] Training on graph 0
INFO	__main__ |:|	[Epoch 19] Training on graph 10
INFO	__main__ |:|	[Epoch 19] Training on graph 20
INFO	__main__ |:|	[Epoch 19] Training on graph 30
INFO	__main__ |:|	[Epoch 19] Training on graph 40
INFO	__main__ |:|	[Epoch 19] Training on graph 50
INFO	__main__ |:|	[Epoch 19] Training on graph 60
INFO	__main__ |:|	[Epoch 19] Training on graph 0
INFO	__main__ |:|	[Epoch 19] Training on graph 10
INFO	__main__ |:|	[Epoch 19] Training on graph 20
INFO	__main__ |:|	[Epoch 19] Training on graph 30
INFO	__main__ |:|	[Epoch 19] Training on graph 40
INFO	__main__ |:|	[Epoch 19] Training on graph 50
INFO	__main__ |:|	[Epoch 19] took 4.34 minutes.
INFO	__main__ |:|	[Epoch 19] Train reward: -0.0174
INFO	__main__ |:|	[Epoch 20] Training on graph 0
INFO	__main__ |:|	[Epoch 20] Training on graph 10
INFO	__main__ |:|	[Epoch 20] Training on graph 20
INFO	__main__ |:|	[Epoch 20] Training on graph 30
INFO	__main__ |:|	[Epoch 20] Training on graph 40
INFO	__main__ |:|	[Epoch 20] Training on graph 50
INFO	__main__ |:|	[Epoch 20] Training on graph 60
INFO	__main__ |:|	[Epoch 20] Training on graph 0
INFO	__main__ |:|	[Epoch 20] Training on graph 10
INFO	__main__ |:|	[Epoch 20] Training on graph 20
INFO	__main__ |:|	[Epoch 20] Training on graph 30
INFO	__main__ |:|	[Epoch 20] Training on graph 40
INFO	__main__ |:|	[Epoch 20] Training on graph 50
INFO	__main__ |:|	[Epoch 20] took 4.24 minutes.
INFO	__main__ |:|	Evaluating on test set with 70 graphs...
INFO	__main__ |:|	[Epoch 20] Test evaluation took 9.16 minutes.
INFO	__main__ |:|	[Epoch 20] Train reward: -0.0101, Test reward: -0.0237 ± 0.0946
INFO	__main__ |:|	[Epoch 21] Training on graph 0
INFO	__main__ |:|	[Epoch 21] Training on graph 10
INFO	__main__ |:|	[Epoch 21] Training on graph 20
INFO	__main__ |:|	[Epoch 21] Training on graph 30
INFO	__main__ |:|	[Epoch 21] Training on graph 40
INFO	__main__ |:|	[Epoch 21] Training on graph 50
INFO	__main__ |:|	[Epoch 21] Training on graph 60
INFO	__main__ |:|	[Epoch 21] Training on graph 0
INFO	__main__ |:|	[Epoch 21] Training on graph 10
INFO	__main__ |:|	[Epoch 21] Training on graph 20
INFO	__main__ |:|	[Epoch 21] Training on graph 30
INFO	__main__ |:|	[Epoch 21] Training on graph 40
INFO	__main__ |:|	[Epoch 21] Training on graph 50
INFO	__main__ |:|	[Epoch 21] took 4.25 minutes.
INFO	__main__ |:|	[Epoch 21] Train reward: -0.0008
INFO	__main__ |:|	[Epoch 22] Training on graph 0
INFO	__main__ |:|	[Epoch 22] Training on graph 10
INFO	__main__ |:|	[Epoch 22] Training on graph 20
INFO	__main__ |:|	[Epoch 22] Training on graph 30
INFO	__main__ |:|	[Epoch 22] Training on graph 40
INFO	__main__ |:|	[Epoch 22] Training on graph 50
INFO	__main__ |:|	[Epoch 22] Training on graph 60
INFO	__main__ |:|	[Epoch 22] Training on graph 0
INFO	__main__ |:|	[Epoch 22] Training on graph 10
INFO	__main__ |:|	[Epoch 22] Training on graph 20
INFO	__main__ |:|	[Epoch 22] Training on graph 30
INFO	__main__ |:|	[Epoch 22] Training on graph 40
INFO	__main__ |:|	[Epoch 22] Training on graph 50
INFO	__main__ |:|	[Epoch 22] took 4.47 minutes.
INFO	__main__ |:|	[Epoch 22] Train reward: 0.0045
INFO	__main__ |:|	[Epoch 23] Training on graph 0
INFO	__main__ |:|	[Epoch 23] Training on graph 10
INFO	__main__ |:|	[Epoch 23] Training on graph 20
INFO	__main__ |:|	[Epoch 23] Training on graph 30
INFO	__main__ |:|	[Epoch 23] Training on graph 40
INFO	__main__ |:|	[Epoch 23] Training on graph 50
INFO	__main__ |:|	[Epoch 23] Training on graph 60
INFO	__main__ |:|	[Epoch 23] Training on graph 0
INFO	__main__ |:|	[Epoch 23] Training on graph 10
INFO	__main__ |:|	[Epoch 23] Training on graph 20
INFO	__main__ |:|	[Epoch 23] Training on graph 30
INFO	__main__ |:|	[Epoch 23] Training on graph 40
INFO	__main__ |:|	[Epoch 23] Training on graph 50
INFO	__main__ |:|	[Epoch 23] took 4.31 minutes.
INFO	__main__ |:|	[Epoch 23] Train reward: 0.0169
INFO	__main__ |:|	[Epoch 24] Training on graph 0
INFO	__main__ |:|	[Epoch 24] Training on graph 10
INFO	__main__ |:|	[Epoch 24] Training on graph 20
INFO	__main__ |:|	[Epoch 24] Training on graph 30
INFO	__main__ |:|	[Epoch 24] Training on graph 40
INFO	__main__ |:|	[Epoch 24] Training on graph 50
INFO	__main__ |:|	[Epoch 24] Training on graph 60
INFO	__main__ |:|	[Epoch 24] Training on graph 0
INFO	__main__ |:|	[Epoch 24] Training on graph 10
INFO	__main__ |:|	[Epoch 24] Training on graph 20
INFO	__main__ |:|	[Epoch 24] Training on graph 30
INFO	__main__ |:|	[Epoch 24] Training on graph 40
INFO	__main__ |:|	[Epoch 24] Training on graph 50
INFO	__main__ |:|	[Epoch 24] took 4.25 minutes.
INFO	__main__ |:|	[Epoch 24] Train reward: 0.0028
INFO	__main__ |:|	[Epoch 25] Training on graph 0
INFO	__main__ |:|	[Epoch 25] Training on graph 10
INFO	__main__ |:|	[Epoch 25] Training on graph 20
INFO	__main__ |:|	[Epoch 25] Training on graph 30
INFO	__main__ |:|	[Epoch 25] Training on graph 40
INFO	__main__ |:|	[Epoch 25] Training on graph 50
INFO	__main__ |:|	[Epoch 25] Training on graph 60
INFO	__main__ |:|	[Epoch 25] Training on graph 0
INFO	__main__ |:|	[Epoch 25] Training on graph 10
INFO	__main__ |:|	[Epoch 25] Training on graph 20
INFO	__main__ |:|	[Epoch 25] Training on graph 30
INFO	__main__ |:|	[Epoch 25] Training on graph 40
INFO	__main__ |:|	[Epoch 25] Training on graph 50
INFO	__main__ |:|	[Epoch 25] took 4.40 minutes.
INFO	__main__ |:|	Evaluating on test set with 70 graphs...
INFO	__main__ |:|	[Epoch 25] Test evaluation took 8.60 minutes.
INFO	__main__ |:|	[Epoch 25] Train reward: -0.0237, Test reward: -0.0143 ± 0.0806
INFO	__main__ |:|	[Epoch 26] Training on graph 0
INFO	__main__ |:|	[Epoch 26] Training on graph 10
INFO	__main__ |:|	[Epoch 26] Training on graph 20
INFO	__main__ |:|	[Epoch 26] Training on graph 30
INFO	__main__ |:|	[Epoch 26] Training on graph 40
INFO	__main__ |:|	[Epoch 26] Training on graph 50
INFO	__main__ |:|	[Epoch 26] Training on graph 60
INFO	__main__ |:|	[Epoch 26] Training on graph 0
INFO	__main__ |:|	[Epoch 26] Training on graph 10
INFO	__main__ |:|	[Epoch 26] Training on graph 20
INFO	__main__ |:|	[Epoch 26] Training on graph 30
INFO	__main__ |:|	[Epoch 26] Training on graph 40
INFO	__main__ |:|	[Epoch 26] Training on graph 50
INFO	__main__ |:|	[Epoch 26] took 4.20 minutes.
INFO	__main__ |:|	[Epoch 26] Train reward: 0.0117
INFO	__main__ |:|	[Epoch 27] Training on graph 0
INFO	__main__ |:|	[Epoch 27] Training on graph 10
INFO	__main__ |:|	[Epoch 27] Training on graph 20
INFO	__main__ |:|	[Epoch 27] Training on graph 30
INFO	__main__ |:|	[Epoch 27] Training on graph 40
INFO	__main__ |:|	[Epoch 27] Training on graph 50
INFO	__main__ |:|	[Epoch 27] Training on graph 60
INFO	__main__ |:|	[Epoch 27] Training on graph 0
INFO	__main__ |:|	[Epoch 27] Training on graph 10
INFO	__main__ |:|	[Epoch 27] Training on graph 20
INFO	__main__ |:|	[Epoch 27] Training on graph 30
INFO	__main__ |:|	[Epoch 27] Training on graph 40
INFO	__main__ |:|	[Epoch 27] Training on graph 50
INFO	__main__ |:|	[Epoch 27] took 4.45 minutes.
INFO	__main__ |:|	[Epoch 27] Train reward: 0.0009
INFO	__main__ |:|	[Epoch 28] Training on graph 0
INFO	__main__ |:|	[Epoch 28] Training on graph 10
INFO	__main__ |:|	[Epoch 28] Training on graph 20
INFO	__main__ |:|	[Epoch 28] Training on graph 30
INFO	__main__ |:|	[Epoch 28] Training on graph 40
INFO	__main__ |:|	[Epoch 28] Training on graph 50
INFO	__main__ |:|	[Epoch 28] Training on graph 60
INFO	__main__ |:|	[Epoch 28] Training on graph 0
INFO	__main__ |:|	[Epoch 28] Training on graph 10
INFO	__main__ |:|	[Epoch 28] Training on graph 20
INFO	__main__ |:|	[Epoch 28] Training on graph 30
INFO	__main__ |:|	[Epoch 28] Training on graph 40
INFO	__main__ |:|	[Epoch 28] Training on graph 50
INFO	__main__ |:|	[Epoch 28] took 4.30 minutes.
INFO	__main__ |:|	[Epoch 28] Train reward: 0.0073
INFO	__main__ |:|	[Epoch 29] Training on graph 0
INFO	__main__ |:|	[Epoch 29] Training on graph 10
INFO	__main__ |:|	[Epoch 29] Training on graph 20
INFO	__main__ |:|	[Epoch 29] Training on graph 30
INFO	__main__ |:|	[Epoch 29] Training on graph 40
INFO	__main__ |:|	[Epoch 29] Training on graph 50
INFO	__main__ |:|	[Epoch 29] Training on graph 60
INFO	__main__ |:|	[Epoch 29] Training on graph 0
INFO	__main__ |:|	[Epoch 29] Training on graph 10
INFO	__main__ |:|	[Epoch 29] Training on graph 20
INFO	__main__ |:|	[Epoch 29] Training on graph 30
INFO	__main__ |:|	[Epoch 29] Training on graph 40
INFO	__main__ |:|	[Epoch 29] Training on graph 50
INFO	__main__ |:|	[Epoch 29] took 4.24 minutes.
INFO	__main__ |:|	[Epoch 29] Train reward: 0.0105
INFO	__main__ |:|	[Epoch 30] Training on graph 0
INFO	__main__ |:|	[Epoch 30] Training on graph 10
INFO	__main__ |:|	[Epoch 30] Training on graph 20
INFO	__main__ |:|	[Epoch 30] Training on graph 30
INFO	__main__ |:|	[Epoch 30] Training on graph 40
INFO	__main__ |:|	[Epoch 30] Training on graph 50
INFO	__main__ |:|	[Epoch 30] Training on graph 60
INFO	__main__ |:|	[Epoch 30] Training on graph 0
INFO	__main__ |:|	[Epoch 30] Training on graph 10
INFO	__main__ |:|	[Epoch 30] Training on graph 20
INFO	__main__ |:|	[Epoch 30] Training on graph 30
INFO	__main__ |:|	[Epoch 30] Training on graph 40
INFO	__main__ |:|	[Epoch 30] Training on graph 50
INFO	__main__ |:|	[Epoch 30] took 4.21 minutes.
INFO	__main__ |:|	Evaluating on test set with 70 graphs...
INFO	__main__ |:|	[Epoch 30] Test evaluation took 10.62 minutes.
INFO	__main__ |:|	[Epoch 30] Train reward: -0.0088, Test reward: -0.0157 ± 0.0779
INFO	__main__ |:|	[Epoch 31] Training on graph 0
INFO	__main__ |:|	[Epoch 31] Training on graph 10
INFO	__main__ |:|	[Epoch 31] Training on graph 20
INFO	__main__ |:|	[Epoch 31] Training on graph 30
INFO	__main__ |:|	[Epoch 31] Training on graph 40
INFO	__main__ |:|	[Epoch 31] Training on graph 50
INFO	__main__ |:|	[Epoch 31] Training on graph 60
INFO	__main__ |:|	[Epoch 31] Training on graph 0
INFO	__main__ |:|	[Epoch 31] Training on graph 10
INFO	__main__ |:|	[Epoch 31] Training on graph 20
INFO	__main__ |:|	[Epoch 31] Training on graph 30
INFO	__main__ |:|	[Epoch 31] Training on graph 40
INFO	__main__ |:|	[Epoch 31] Training on graph 50
INFO	__main__ |:|	[Epoch 31] took 4.47 minutes.
INFO	__main__ |:|	[Epoch 31] Train reward: -0.0238
INFO	__main__ |:|	[Epoch 32] Training on graph 0
INFO	__main__ |:|	[Epoch 32] Training on graph 10
INFO	__main__ |:|	[Epoch 32] Training on graph 20
INFO	__main__ |:|	[Epoch 32] Training on graph 30
INFO	__main__ |:|	[Epoch 32] Training on graph 40
INFO	__main__ |:|	[Epoch 32] Training on graph 50
INFO	__main__ |:|	[Epoch 32] Training on graph 60
INFO	__main__ |:|	[Epoch 32] Training on graph 0
INFO	__main__ |:|	[Epoch 32] Training on graph 10
INFO	__main__ |:|	[Epoch 32] Training on graph 20
INFO	__main__ |:|	[Epoch 32] Training on graph 30
INFO	__main__ |:|	[Epoch 32] Training on graph 40
INFO	__main__ |:|	[Epoch 32] Training on graph 50
INFO	__main__ |:|	[Epoch 32] took 4.35 minutes.
INFO	__main__ |:|	[Epoch 32] Train reward: -0.0074
INFO	__main__ |:|	[Epoch 33] Training on graph 0
INFO	__main__ |:|	[Epoch 33] Training on graph 10
INFO	__main__ |:|	[Epoch 33] Training on graph 20
INFO	__main__ |:|	[Epoch 33] Training on graph 30
INFO	__main__ |:|	[Epoch 33] Training on graph 40
INFO	__main__ |:|	[Epoch 33] Training on graph 50
INFO	__main__ |:|	[Epoch 33] Training on graph 60
INFO	__main__ |:|	[Epoch 33] Training on graph 0
INFO	__main__ |:|	[Epoch 33] Training on graph 10
INFO	__main__ |:|	[Epoch 33] Training on graph 20
INFO	__main__ |:|	[Epoch 33] Training on graph 30
INFO	__main__ |:|	[Epoch 33] Training on graph 40
INFO	__main__ |:|	[Epoch 33] Training on graph 50
INFO	__main__ |:|	[Epoch 33] took 4.25 minutes.
INFO	__main__ |:|	[Epoch 33] Train reward: -0.0091
INFO	__main__ |:|	[Epoch 34] Training on graph 0
INFO	__main__ |:|	[Epoch 34] Training on graph 10
INFO	__main__ |:|	[Epoch 34] Training on graph 20
INFO	__main__ |:|	[Epoch 34] Training on graph 30
INFO	__main__ |:|	[Epoch 34] Training on graph 40
INFO	__main__ |:|	[Epoch 34] Training on graph 50
INFO	__main__ |:|	[Epoch 34] Training on graph 60
INFO	__main__ |:|	[Epoch 34] Training on graph 0
INFO	__main__ |:|	[Epoch 34] Training on graph 10
INFO	__main__ |:|	[Epoch 34] Training on graph 20
INFO	__main__ |:|	[Epoch 34] Training on graph 30
INFO	__main__ |:|	[Epoch 34] Training on graph 40
INFO	__main__ |:|	[Epoch 34] Training on graph 50
INFO	__main__ |:|	[Epoch 34] took 4.17 minutes.
INFO	__main__ |:|	[Epoch 34] Train reward: -0.0011
INFO	__main__ |:|	[Epoch 35] Training on graph 0
INFO	__main__ |:|	[Epoch 35] Training on graph 10
INFO	__main__ |:|	[Epoch 35] Training on graph 20
INFO	__main__ |:|	[Epoch 35] Training on graph 30
INFO	__main__ |:|	[Epoch 35] Training on graph 40
INFO	__main__ |:|	[Epoch 35] Training on graph 50
INFO	__main__ |:|	[Epoch 35] Training on graph 60
INFO	__main__ |:|	[Epoch 35] Training on graph 0
INFO	__main__ |:|	[Epoch 35] Training on graph 10
INFO	__main__ |:|	[Epoch 35] Training on graph 20
INFO	__main__ |:|	[Epoch 35] Training on graph 30
INFO	__main__ |:|	[Epoch 35] Training on graph 40
INFO	__main__ |:|	[Epoch 35] Training on graph 50
INFO	__main__ |:|	[Epoch 35] took 4.43 minutes.
INFO	__main__ |:|	Evaluating on test set with 70 graphs...
INFO	__main__ |:|	[Epoch 35] Test evaluation took 6.96 minutes.
INFO	__main__ |:|	[Epoch 35] Train reward: 0.0153, Test reward: 0.0063 ± 0.1080
INFO	__main__ |:|	[Epoch 36] Training on graph 0
INFO	__main__ |:|	[Epoch 36] Training on graph 10
INFO	__main__ |:|	[Epoch 36] Training on graph 20
INFO	__main__ |:|	[Epoch 36] Training on graph 30
INFO	__main__ |:|	[Epoch 36] Training on graph 40
INFO	__main__ |:|	[Epoch 36] Training on graph 50
INFO	__main__ |:|	[Epoch 36] Training on graph 60
INFO	__main__ |:|	[Epoch 36] Training on graph 0
INFO	__main__ |:|	[Epoch 36] Training on graph 10
INFO	__main__ |:|	[Epoch 36] Training on graph 20
INFO	__main__ |:|	[Epoch 36] Training on graph 30
INFO	__main__ |:|	[Epoch 36] Training on graph 40
INFO	__main__ |:|	[Epoch 36] Training on graph 50
INFO	__main__ |:|	[Epoch 36] took 4.30 minutes.
INFO	__main__ |:|	[Epoch 36] Train reward: 0.0091
INFO	__main__ |:|	[Epoch 37] Training on graph 0
INFO	__main__ |:|	[Epoch 37] Training on graph 10
INFO	__main__ |:|	[Epoch 37] Training on graph 20
INFO	__main__ |:|	[Epoch 37] Training on graph 30
INFO	__main__ |:|	[Epoch 37] Training on graph 40
INFO	__main__ |:|	[Epoch 37] Training on graph 50
INFO	__main__ |:|	[Epoch 37] Training on graph 60
INFO	__main__ |:|	[Epoch 37] Training on graph 0
INFO	__main__ |:|	[Epoch 37] Training on graph 10
INFO	__main__ |:|	[Epoch 37] Training on graph 20
INFO	__main__ |:|	[Epoch 37] Training on graph 30
INFO	__main__ |:|	[Epoch 37] Training on graph 40
INFO	__main__ |:|	[Epoch 37] Training on graph 50
INFO	__main__ |:|	[Epoch 37] took 4.32 minutes.
INFO	__main__ |:|	[Epoch 37] Train reward: 0.0136
INFO	__main__ |:|	[Epoch 38] Training on graph 0
INFO	__main__ |:|	[Epoch 38] Training on graph 10
INFO	__main__ |:|	[Epoch 38] Training on graph 20
INFO	__main__ |:|	[Epoch 38] Training on graph 30
INFO	__main__ |:|	[Epoch 38] Training on graph 40
INFO	__main__ |:|	[Epoch 38] Training on graph 50
INFO	__main__ |:|	[Epoch 38] Training on graph 60
INFO	__main__ |:|	[Epoch 38] Training on graph 0
INFO	__main__ |:|	[Epoch 38] Training on graph 10
INFO	__main__ |:|	[Epoch 38] Training on graph 20
INFO	__main__ |:|	[Epoch 38] Training on graph 30
INFO	__main__ |:|	[Epoch 38] Training on graph 40
INFO	__main__ |:|	[Epoch 38] Training on graph 50
INFO	__main__ |:|	[Epoch 38] took 4.50 minutes.
INFO	__main__ |:|	[Epoch 38] Train reward: 0.0205
INFO	__main__ |:|	[Epoch 39] Training on graph 0
INFO	__main__ |:|	[Epoch 39] Training on graph 10
INFO	__main__ |:|	[Epoch 39] Training on graph 20
INFO	__main__ |:|	[Epoch 39] Training on graph 30
INFO	__main__ |:|	[Epoch 39] Training on graph 40
INFO	__main__ |:|	[Epoch 39] Training on graph 50
INFO	__main__ |:|	[Epoch 39] Training on graph 60
INFO	__main__ |:|	[Epoch 39] Training on graph 0
INFO	__main__ |:|	[Epoch 39] Training on graph 10
INFO	__main__ |:|	[Epoch 39] Training on graph 20
INFO	__main__ |:|	[Epoch 39] Training on graph 30
INFO	__main__ |:|	[Epoch 39] Training on graph 40
INFO	__main__ |:|	[Epoch 39] Training on graph 50
INFO	__main__ |:|	[Epoch 39] took 4.28 minutes.
INFO	__main__ |:|	[Epoch 39] Train reward: 0.0048
INFO	__main__ |:|	[Epoch 40] Training on graph 0
INFO	__main__ |:|	[Epoch 40] Training on graph 10
INFO	__main__ |:|	[Epoch 40] Training on graph 20
INFO	__main__ |:|	[Epoch 40] Training on graph 30
INFO	__main__ |:|	[Epoch 40] Training on graph 40
INFO	__main__ |:|	[Epoch 40] Training on graph 50
INFO	__main__ |:|	[Epoch 40] Training on graph 60
INFO	__main__ |:|	[Epoch 40] Training on graph 0
INFO	__main__ |:|	[Epoch 40] Training on graph 10
INFO	__main__ |:|	[Epoch 40] Training on graph 20
INFO	__main__ |:|	[Epoch 40] Training on graph 30
INFO	__main__ |:|	[Epoch 40] Training on graph 40
INFO	__main__ |:|	[Epoch 40] Training on graph 50
INFO	__main__ |:|	[Epoch 40] took 4.31 minutes.
INFO	__main__ |:|	Evaluating on test set with 70 graphs...
INFO	__main__ |:|	[Epoch 40] Test evaluation took 10.41 minutes.
INFO	__main__ |:|	[Epoch 40] Train reward: 0.0044, Test reward: 0.0106 ± 0.0862
INFO	__main__ |:|	[Epoch 41] Training on graph 0
INFO	__main__ |:|	[Epoch 41] Training on graph 10
INFO	__main__ |:|	[Epoch 41] Training on graph 20
INFO	__main__ |:|	[Epoch 41] Training on graph 30
INFO	__main__ |:|	[Epoch 41] Training on graph 40
INFO	__main__ |:|	[Epoch 41] Training on graph 50
INFO	__main__ |:|	[Epoch 41] Training on graph 60
INFO	__main__ |:|	[Epoch 41] Training on graph 0
INFO	__main__ |:|	[Epoch 41] Training on graph 10
INFO	__main__ |:|	[Epoch 41] Training on graph 20
INFO	__main__ |:|	[Epoch 41] Training on graph 30
INFO	__main__ |:|	[Epoch 41] Training on graph 40
INFO	__main__ |:|	[Epoch 41] Training on graph 50
INFO	__main__ |:|	[Epoch 41] took 4.25 minutes.
INFO	__main__ |:|	[Epoch 41] Train reward: 0.0188
INFO	__main__ |:|	[Epoch 42] Training on graph 0
INFO	__main__ |:|	[Epoch 42] Training on graph 10
INFO	__main__ |:|	[Epoch 42] Training on graph 20
INFO	__main__ |:|	[Epoch 42] Training on graph 30
INFO	__main__ |:|	[Epoch 42] Training on graph 40
INFO	__main__ |:|	[Epoch 42] Training on graph 50
INFO	__main__ |:|	[Epoch 42] Training on graph 60
INFO	__main__ |:|	[Epoch 42] Training on graph 0
INFO	__main__ |:|	[Epoch 42] Training on graph 10
INFO	__main__ |:|	[Epoch 42] Training on graph 20
INFO	__main__ |:|	[Epoch 42] Training on graph 30
INFO	__main__ |:|	[Epoch 42] Training on graph 40
INFO	__main__ |:|	[Epoch 42] Training on graph 50
INFO	__main__ |:|	[Epoch 42] took 4.32 minutes.
INFO	__main__ |:|	[Epoch 42] Train reward: -0.0111
INFO	__main__ |:|	[Epoch 43] Training on graph 0
INFO	__main__ |:|	[Epoch 43] Training on graph 10
INFO	__main__ |:|	[Epoch 43] Training on graph 20
INFO	__main__ |:|	[Epoch 43] Training on graph 30
INFO	__main__ |:|	[Epoch 43] Training on graph 40
INFO	__main__ |:|	[Epoch 43] Training on graph 50
INFO	__main__ |:|	[Epoch 43] Training on graph 60
INFO	__main__ |:|	[Epoch 43] Training on graph 0
INFO	__main__ |:|	[Epoch 43] Training on graph 10
INFO	__main__ |:|	[Epoch 43] Training on graph 20
INFO	__main__ |:|	[Epoch 43] Training on graph 30
INFO	__main__ |:|	[Epoch 43] Training on graph 40
INFO	__main__ |:|	[Epoch 43] Training on graph 50
INFO	__main__ |:|	[Epoch 43] took 4.11 minutes.
INFO	__main__ |:|	[Epoch 43] Train reward: -0.0067
INFO	__main__ |:|	[Epoch 44] Training on graph 0
INFO	__main__ |:|	[Epoch 44] Training on graph 10
INFO	__main__ |:|	[Epoch 44] Training on graph 20
INFO	__main__ |:|	[Epoch 44] Training on graph 30
INFO	__main__ |:|	[Epoch 44] Training on graph 40
INFO	__main__ |:|	[Epoch 44] Training on graph 50
INFO	__main__ |:|	[Epoch 44] Training on graph 60
INFO	__main__ |:|	[Epoch 44] Training on graph 0
INFO	__main__ |:|	[Epoch 44] Training on graph 10
INFO	__main__ |:|	[Epoch 44] Training on graph 20
INFO	__main__ |:|	[Epoch 44] Training on graph 30
INFO	__main__ |:|	[Epoch 44] Training on graph 40
INFO	__main__ |:|	[Epoch 44] Training on graph 50
INFO	__main__ |:|	[Epoch 44] took 4.42 minutes.
INFO	__main__ |:|	[Epoch 44] Train reward: 0.0126
INFO	__main__ |:|	[Epoch 45] Training on graph 0
INFO	__main__ |:|	[Epoch 45] Training on graph 10
INFO	__main__ |:|	[Epoch 45] Training on graph 20
INFO	__main__ |:|	[Epoch 45] Training on graph 30
INFO	__main__ |:|	[Epoch 45] Training on graph 40
INFO	__main__ |:|	[Epoch 45] Training on graph 50
INFO	__main__ |:|	[Epoch 45] Training on graph 60
INFO	__main__ |:|	[Epoch 45] Training on graph 0
INFO	__main__ |:|	[Epoch 45] Training on graph 10
INFO	__main__ |:|	[Epoch 45] Training on graph 20
INFO	__main__ |:|	[Epoch 45] Training on graph 30
INFO	__main__ |:|	[Epoch 45] Training on graph 40
INFO	__main__ |:|	[Epoch 45] Training on graph 50
INFO	__main__ |:|	[Epoch 45] took 4.32 minutes.
INFO	__main__ |:|	Evaluating on test set with 70 graphs...
INFO	__main__ |:|	[Epoch 45] Test evaluation took 9.00 minutes.
INFO	__main__ |:|	[Epoch 45] Train reward: 0.0019, Test reward: 0.0030 ± 0.1242
INFO	__main__ |:|	[Epoch 46] Training on graph 0
INFO	__main__ |:|	[Epoch 46] Training on graph 10
INFO	__main__ |:|	[Epoch 46] Training on graph 20
INFO	__main__ |:|	[Epoch 46] Training on graph 30
INFO	__main__ |:|	[Epoch 46] Training on graph 40
INFO	__main__ |:|	[Epoch 46] Training on graph 50
INFO	__main__ |:|	[Epoch 46] Training on graph 60
INFO	__main__ |:|	[Epoch 46] Training on graph 0
INFO	__main__ |:|	[Epoch 46] Training on graph 10
INFO	__main__ |:|	[Epoch 46] Training on graph 20
INFO	__main__ |:|	[Epoch 46] Training on graph 30
INFO	__main__ |:|	[Epoch 46] Training on graph 40
INFO	__main__ |:|	[Epoch 46] Training on graph 50
INFO	__main__ |:|	[Epoch 46] took 4.31 minutes.
INFO	__main__ |:|	[Epoch 46] Train reward: 0.0330
INFO	__main__ |:|	[Epoch 47] Training on graph 0
INFO	__main__ |:|	[Epoch 47] Training on graph 10
INFO	__main__ |:|	[Epoch 47] Training on graph 20
INFO	__main__ |:|	[Epoch 47] Training on graph 30
INFO	__main__ |:|	[Epoch 47] Training on graph 40
INFO	__main__ |:|	[Epoch 47] Training on graph 50
INFO	__main__ |:|	[Epoch 47] Training on graph 60
INFO	__main__ |:|	[Epoch 47] Training on graph 0
INFO	__main__ |:|	[Epoch 47] Training on graph 10
INFO	__main__ |:|	[Epoch 47] Training on graph 20
INFO	__main__ |:|	[Epoch 47] Training on graph 30
INFO	__main__ |:|	[Epoch 47] Training on graph 40
INFO	__main__ |:|	[Epoch 47] Training on graph 50
INFO	__main__ |:|	[Epoch 47] took 4.23 minutes.
INFO	__main__ |:|	[Epoch 47] Train reward: -0.0100
INFO	__main__ |:|	[Epoch 48] Training on graph 0
INFO	__main__ |:|	[Epoch 48] Training on graph 10
INFO	__main__ |:|	[Epoch 48] Training on graph 20
INFO	__main__ |:|	[Epoch 48] Training on graph 30
INFO	__main__ |:|	[Epoch 48] Training on graph 40
INFO	__main__ |:|	[Epoch 48] Training on graph 50
INFO	__main__ |:|	[Epoch 48] Training on graph 60
INFO	__main__ |:|	[Epoch 48] Training on graph 0
INFO	__main__ |:|	[Epoch 48] Training on graph 10
INFO	__main__ |:|	[Epoch 48] Training on graph 20
INFO	__main__ |:|	[Epoch 48] Training on graph 30
INFO	__main__ |:|	[Epoch 48] Training on graph 40
INFO	__main__ |:|	[Epoch 48] Training on graph 50
INFO	__main__ |:|	[Epoch 48] took 4.32 minutes.
INFO	__main__ |:|	[Epoch 48] Train reward: -0.0025
INFO	__main__ |:|	[Epoch 49] Training on graph 0
INFO	__main__ |:|	[Epoch 49] Training on graph 10
INFO	__main__ |:|	[Epoch 49] Training on graph 20
INFO	__main__ |:|	[Epoch 49] Training on graph 30
INFO	__main__ |:|	[Epoch 49] Training on graph 40
INFO	__main__ |:|	[Epoch 49] Training on graph 50
INFO	__main__ |:|	[Epoch 49] Training on graph 60
INFO	__main__ |:|	[Epoch 49] Training on graph 0
INFO	__main__ |:|	[Epoch 49] Training on graph 10
INFO	__main__ |:|	[Epoch 49] Training on graph 20
INFO	__main__ |:|	[Epoch 49] Training on graph 30
INFO	__main__ |:|	[Epoch 49] Training on graph 40
INFO	__main__ |:|	[Epoch 49] Training on graph 50
INFO	__main__ |:|	[Epoch 49] took 4.33 minutes.
INFO	__main__ |:|	[Epoch 49] Train reward: -0.0324
INFO	__main__ |:|	[Epoch 50] Training on graph 0
INFO	__main__ |:|	[Epoch 50] Training on graph 10
INFO	__main__ |:|	[Epoch 50] Training on graph 20
INFO	__main__ |:|	[Epoch 50] Training on graph 30
INFO	__main__ |:|	[Epoch 50] Training on graph 40
INFO	__main__ |:|	[Epoch 50] Training on graph 50
INFO	__main__ |:|	[Epoch 50] Training on graph 60
INFO	__main__ |:|	[Epoch 50] Training on graph 0
INFO	__main__ |:|	[Epoch 50] Training on graph 10
INFO	__main__ |:|	[Epoch 50] Training on graph 20
INFO	__main__ |:|	[Epoch 50] Training on graph 30
INFO	__main__ |:|	[Epoch 50] Training on graph 40
INFO	__main__ |:|	[Epoch 50] Training on graph 50
INFO	__main__ |:|	[Epoch 50] took 4.41 minutes.
INFO	__main__ |:|	Evaluating on test set with 70 graphs...
INFO	__main__ |:|	[Epoch 50] Test evaluation took 10.83 minutes.
INFO	__main__ |:|	[Epoch 50] Train reward: 0.0079, Test reward: -0.0030 ± 0.0870
INFO	__main__ |:|	[Epoch 51] Training on graph 0
INFO	__main__ |:|	[Epoch 51] Training on graph 10
INFO	__main__ |:|	[Epoch 51] Training on graph 20
INFO	__main__ |:|	[Epoch 51] Training on graph 30
INFO	__main__ |:|	[Epoch 51] Training on graph 40
INFO	__main__ |:|	[Epoch 51] Training on graph 50
INFO	__main__ |:|	[Epoch 51] Training on graph 60
INFO	__main__ |:|	[Epoch 51] Training on graph 0
INFO	__main__ |:|	[Epoch 51] Training on graph 10
INFO	__main__ |:|	[Epoch 51] Training on graph 20
INFO	__main__ |:|	[Epoch 51] Training on graph 30
INFO	__main__ |:|	[Epoch 51] Training on graph 40
INFO	__main__ |:|	[Epoch 51] Training on graph 50
INFO	__main__ |:|	[Epoch 51] took 4.49 minutes.
INFO	__main__ |:|	[Epoch 51] Train reward: 0.0159
INFO	__main__ |:|	[Epoch 52] Training on graph 0
INFO	__main__ |:|	[Epoch 52] Training on graph 10
INFO	__main__ |:|	[Epoch 52] Training on graph 20
INFO	__main__ |:|	[Epoch 52] Training on graph 30
INFO	__main__ |:|	[Epoch 52] Training on graph 40
INFO	__main__ |:|	[Epoch 52] Training on graph 50
INFO	__main__ |:|	[Epoch 52] Training on graph 60
INFO	__main__ |:|	[Epoch 52] Training on graph 0
INFO	__main__ |:|	[Epoch 52] Training on graph 10
INFO	__main__ |:|	[Epoch 52] Training on graph 20
INFO	__main__ |:|	[Epoch 52] Training on graph 30
INFO	__main__ |:|	[Epoch 52] Training on graph 40
INFO	__main__ |:|	[Epoch 52] Training on graph 50
INFO	__main__ |:|	[Epoch 52] took 4.25 minutes.
INFO	__main__ |:|	[Epoch 52] Train reward: 0.0199
INFO	__main__ |:|	[Epoch 53] Training on graph 0
INFO	__main__ |:|	[Epoch 53] Training on graph 10
INFO	__main__ |:|	[Epoch 53] Training on graph 20
INFO	__main__ |:|	[Epoch 53] Training on graph 30
INFO	__main__ |:|	[Epoch 53] Training on graph 40
INFO	__main__ |:|	[Epoch 53] Training on graph 50
INFO	__main__ |:|	[Epoch 53] Training on graph 60
INFO	__main__ |:|	[Epoch 53] Training on graph 0
INFO	__main__ |:|	[Epoch 53] Training on graph 10
INFO	__main__ |:|	[Epoch 53] Training on graph 20
INFO	__main__ |:|	[Epoch 53] Training on graph 30
INFO	__main__ |:|	[Epoch 53] Training on graph 40
INFO	__main__ |:|	[Epoch 53] Training on graph 50
INFO	__main__ |:|	[Epoch 53] took 4.33 minutes.
INFO	__main__ |:|	[Epoch 53] Train reward: 0.0064
INFO	__main__ |:|	[Epoch 54] Training on graph 0
INFO	__main__ |:|	[Epoch 54] Training on graph 10
INFO	__main__ |:|	[Epoch 54] Training on graph 20
INFO	__main__ |:|	[Epoch 54] Training on graph 30
INFO	__main__ |:|	[Epoch 54] Training on graph 40
INFO	__main__ |:|	[Epoch 54] Training on graph 50
INFO	__main__ |:|	[Epoch 54] Training on graph 60
INFO	__main__ |:|	[Epoch 54] Training on graph 0
INFO	__main__ |:|	[Epoch 54] Training on graph 10
INFO	__main__ |:|	[Epoch 54] Training on graph 20
INFO	__main__ |:|	[Epoch 54] Training on graph 30
INFO	__main__ |:|	[Epoch 54] Training on graph 40
INFO	__main__ |:|	[Epoch 54] Training on graph 50
INFO	__main__ |:|	[Epoch 54] took 4.36 minutes.
INFO	__main__ |:|	[Epoch 54] Train reward: 0.0151
INFO	__main__ |:|	[Epoch 55] Training on graph 0
INFO	__main__ |:|	[Epoch 55] Training on graph 10
INFO	__main__ |:|	[Epoch 55] Training on graph 20
INFO	__main__ |:|	[Epoch 55] Training on graph 30
INFO	__main__ |:|	[Epoch 55] Training on graph 40
INFO	__main__ |:|	[Epoch 55] Training on graph 50
INFO	__main__ |:|	[Epoch 55] Training on graph 60
INFO	__main__ |:|	[Epoch 55] Training on graph 0
INFO	__main__ |:|	[Epoch 55] Training on graph 10
INFO	__main__ |:|	[Epoch 55] Training on graph 20
INFO	__main__ |:|	[Epoch 55] Training on graph 30
INFO	__main__ |:|	[Epoch 55] Training on graph 40
INFO	__main__ |:|	[Epoch 55] Training on graph 50
INFO	__main__ |:|	[Epoch 55] took 4.31 minutes.
INFO	__main__ |:|	Evaluating on test set with 70 graphs...
INFO	__main__ |:|	[Epoch 55] Test evaluation took 6.22 minutes.
INFO	__main__ |:|	[Epoch 55] Train reward: 0.0135, Test reward: -0.0230 ± 0.1098
INFO	__main__ |:|	[Epoch 56] Training on graph 0
INFO	__main__ |:|	[Epoch 56] Training on graph 10
INFO	__main__ |:|	[Epoch 56] Training on graph 20
INFO	__main__ |:|	[Epoch 56] Training on graph 30
INFO	__main__ |:|	[Epoch 56] Training on graph 40
INFO	__main__ |:|	[Epoch 56] Training on graph 50
INFO	__main__ |:|	[Epoch 56] Training on graph 60
INFO	__main__ |:|	[Epoch 56] Training on graph 0
INFO	__main__ |:|	[Epoch 56] Training on graph 10
INFO	__main__ |:|	[Epoch 56] Training on graph 20
INFO	__main__ |:|	[Epoch 56] Training on graph 30
INFO	__main__ |:|	[Epoch 56] Training on graph 40
INFO	__main__ |:|	[Epoch 56] Training on graph 50
INFO	__main__ |:|	[Epoch 56] took 4.28 minutes.
INFO	__main__ |:|	[Epoch 56] Train reward: 0.0209
INFO	__main__ |:|	[Epoch 57] Training on graph 0
INFO	__main__ |:|	[Epoch 57] Training on graph 10
INFO	__main__ |:|	[Epoch 57] Training on graph 20
INFO	__main__ |:|	[Epoch 57] Training on graph 30
INFO	__main__ |:|	[Epoch 57] Training on graph 40
INFO	__main__ |:|	[Epoch 57] Training on graph 50
INFO	__main__ |:|	[Epoch 57] Training on graph 60
INFO	__main__ |:|	[Epoch 57] Training on graph 0
INFO	__main__ |:|	[Epoch 57] Training on graph 10
INFO	__main__ |:|	[Epoch 57] Training on graph 20
INFO	__main__ |:|	[Epoch 57] Training on graph 30
INFO	__main__ |:|	[Epoch 57] Training on graph 40
INFO	__main__ |:|	[Epoch 57] Training on graph 50
INFO	__main__ |:|	[Epoch 57] took 4.31 minutes.
INFO	__main__ |:|	[Epoch 57] Train reward: -0.0037
INFO	__main__ |:|	[Epoch 58] Training on graph 0
INFO	__main__ |:|	[Epoch 58] Training on graph 10
INFO	__main__ |:|	[Epoch 58] Training on graph 20
INFO	__main__ |:|	[Epoch 58] Training on graph 30
INFO	__main__ |:|	[Epoch 58] Training on graph 40
INFO	__main__ |:|	[Epoch 58] Training on graph 50
INFO	__main__ |:|	[Epoch 58] Training on graph 60
INFO	__main__ |:|	[Epoch 58] Training on graph 0
INFO	__main__ |:|	[Epoch 58] Training on graph 10
INFO	__main__ |:|	[Epoch 58] Training on graph 20
INFO	__main__ |:|	[Epoch 58] Training on graph 30
INFO	__main__ |:|	[Epoch 58] Training on graph 40
INFO	__main__ |:|	[Epoch 58] Training on graph 50
INFO	__main__ |:|	[Epoch 58] took 4.33 minutes.
INFO	__main__ |:|	[Epoch 58] Train reward: 0.0040
INFO	__main__ |:|	[Epoch 59] Training on graph 0
INFO	__main__ |:|	[Epoch 59] Training on graph 10
INFO	__main__ |:|	[Epoch 59] Training on graph 20
INFO	__main__ |:|	[Epoch 59] Training on graph 30
INFO	__main__ |:|	[Epoch 59] Training on graph 40
INFO	__main__ |:|	[Epoch 59] Training on graph 50
INFO	__main__ |:|	[Epoch 59] Training on graph 60
INFO	__main__ |:|	[Epoch 59] Training on graph 0
INFO	__main__ |:|	[Epoch 59] Training on graph 10
INFO	__main__ |:|	[Epoch 59] Training on graph 20
INFO	__main__ |:|	[Epoch 59] Training on graph 30
INFO	__main__ |:|	[Epoch 59] Training on graph 40
INFO	__main__ |:|	[Epoch 59] Training on graph 50
INFO	__main__ |:|	[Epoch 59] took 4.39 minutes.
INFO	__main__ |:|	[Epoch 59] Train reward: -0.0032
INFO	__main__ |:|	[Epoch 60] Training on graph 0
INFO	__main__ |:|	[Epoch 60] Training on graph 10
INFO	__main__ |:|	[Epoch 60] Training on graph 20
INFO	__main__ |:|	[Epoch 60] Training on graph 30
INFO	__main__ |:|	[Epoch 60] Training on graph 40
INFO	__main__ |:|	[Epoch 60] Training on graph 50
INFO	__main__ |:|	[Epoch 60] Training on graph 60
INFO	__main__ |:|	[Epoch 60] Training on graph 0
INFO	__main__ |:|	[Epoch 60] Training on graph 10
INFO	__main__ |:|	[Epoch 60] Training on graph 20
INFO	__main__ |:|	[Epoch 60] Training on graph 30
INFO	__main__ |:|	[Epoch 60] Training on graph 40
INFO	__main__ |:|	[Epoch 60] Training on graph 50
INFO	__main__ |:|	[Epoch 60] took 4.37 minutes.
INFO	__main__ |:|	Evaluating on test set with 70 graphs...
INFO	__main__ |:|	[Epoch 60] Test evaluation took 7.75 minutes.
INFO	__main__ |:|	[Epoch 60] Train reward: -0.0009, Test reward: 0.0081 ± 0.1056
INFO	__main__ |:|	[Epoch 61] Training on graph 0
INFO	__main__ |:|	[Epoch 61] Training on graph 10
INFO	__main__ |:|	[Epoch 61] Training on graph 20
INFO	__main__ |:|	[Epoch 61] Training on graph 30
INFO	__main__ |:|	[Epoch 61] Training on graph 40
INFO	__main__ |:|	[Epoch 61] Training on graph 50
INFO	__main__ |:|	[Epoch 61] Training on graph 60
INFO	__main__ |:|	[Epoch 61] Training on graph 0
INFO	__main__ |:|	[Epoch 61] Training on graph 10
INFO	__main__ |:|	[Epoch 61] Training on graph 20
INFO	__main__ |:|	[Epoch 61] Training on graph 30
INFO	__main__ |:|	[Epoch 61] Training on graph 40
INFO	__main__ |:|	[Epoch 61] Training on graph 50
INFO	__main__ |:|	[Epoch 61] took 4.17 minutes.
INFO	__main__ |:|	[Epoch 61] Train reward: 0.0317
INFO	__main__ |:|	[Epoch 62] Training on graph 0
INFO	__main__ |:|	[Epoch 62] Training on graph 10
INFO	__main__ |:|	[Epoch 62] Training on graph 20
INFO	__main__ |:|	[Epoch 62] Training on graph 30
INFO	__main__ |:|	[Epoch 62] Training on graph 40
INFO	__main__ |:|	[Epoch 62] Training on graph 50
INFO	__main__ |:|	[Epoch 62] Training on graph 60
INFO	__main__ |:|	[Epoch 62] Training on graph 0
INFO	__main__ |:|	[Epoch 62] Training on graph 10
INFO	__main__ |:|	[Epoch 62] Training on graph 20
INFO	__main__ |:|	[Epoch 62] Training on graph 30
INFO	__main__ |:|	[Epoch 62] Training on graph 40
INFO	__main__ |:|	[Epoch 62] Training on graph 50
INFO	__main__ |:|	[Epoch 62] took 4.27 minutes.
INFO	__main__ |:|	[Epoch 62] Train reward: -0.0048
INFO	__main__ |:|	[Epoch 63] Training on graph 0
INFO	__main__ |:|	[Epoch 63] Training on graph 10
INFO	__main__ |:|	[Epoch 63] Training on graph 20
INFO	__main__ |:|	[Epoch 63] Training on graph 30
INFO	__main__ |:|	[Epoch 63] Training on graph 40
INFO	__main__ |:|	[Epoch 63] Training on graph 50
INFO	__main__ |:|	[Epoch 63] Training on graph 60
INFO	__main__ |:|	[Epoch 63] Training on graph 0
INFO	__main__ |:|	[Epoch 63] Training on graph 10
INFO	__main__ |:|	[Epoch 63] Training on graph 20
INFO	__main__ |:|	[Epoch 63] Training on graph 30
INFO	__main__ |:|	[Epoch 63] Training on graph 40
INFO	__main__ |:|	[Epoch 63] Training on graph 50
INFO	__main__ |:|	[Epoch 63] took 4.40 minutes.
INFO	__main__ |:|	[Epoch 63] Train reward: 0.0056
INFO	__main__ |:|	[Epoch 64] Training on graph 0
INFO	__main__ |:|	[Epoch 64] Training on graph 10
INFO	__main__ |:|	[Epoch 64] Training on graph 20
INFO	__main__ |:|	[Epoch 64] Training on graph 30
INFO	__main__ |:|	[Epoch 64] Training on graph 40
INFO	__main__ |:|	[Epoch 64] Training on graph 50
INFO	__main__ |:|	[Epoch 64] Training on graph 60
INFO	__main__ |:|	[Epoch 64] Training on graph 0
INFO	__main__ |:|	[Epoch 64] Training on graph 10
INFO	__main__ |:|	[Epoch 64] Training on graph 20
INFO	__main__ |:|	[Epoch 64] Training on graph 30
INFO	__main__ |:|	[Epoch 64] Training on graph 40
INFO	__main__ |:|	[Epoch 64] Training on graph 50
INFO	__main__ |:|	[Epoch 64] took 4.41 minutes.
INFO	__main__ |:|	[Epoch 64] Train reward: 0.0157
INFO	__main__ |:|	[Epoch 65] Training on graph 0
INFO	__main__ |:|	[Epoch 65] Training on graph 10
INFO	__main__ |:|	[Epoch 65] Training on graph 20
INFO	__main__ |:|	[Epoch 65] Training on graph 30
INFO	__main__ |:|	[Epoch 65] Training on graph 40
INFO	__main__ |:|	[Epoch 65] Training on graph 50
INFO	__main__ |:|	[Epoch 65] Training on graph 60
INFO	__main__ |:|	[Epoch 65] Training on graph 0
INFO	__main__ |:|	[Epoch 65] Training on graph 10
INFO	__main__ |:|	[Epoch 65] Training on graph 20
INFO	__main__ |:|	[Epoch 65] Training on graph 30
INFO	__main__ |:|	[Epoch 65] Training on graph 40
INFO	__main__ |:|	[Epoch 65] Training on graph 50
INFO	__main__ |:|	[Epoch 65] took 4.39 minutes.
INFO	__main__ |:|	Evaluating on test set with 70 graphs...
INFO	__main__ |:|	[Epoch 65] Test evaluation took 8.03 minutes.
INFO	__main__ |:|	[Epoch 65] Train reward: -0.0048, Test reward: -0.0177 ± 0.1270
INFO	__main__ |:|	[Epoch 66] Training on graph 0
INFO	__main__ |:|	[Epoch 66] Training on graph 10
INFO	__main__ |:|	[Epoch 66] Training on graph 20
INFO	__main__ |:|	[Epoch 66] Training on graph 30
INFO	__main__ |:|	[Epoch 66] Training on graph 40
INFO	__main__ |:|	[Epoch 66] Training on graph 50
INFO	__main__ |:|	[Epoch 66] Training on graph 60
INFO	__main__ |:|	[Epoch 66] Training on graph 0
INFO	__main__ |:|	[Epoch 66] Training on graph 10
INFO	__main__ |:|	[Epoch 66] Training on graph 20
INFO	__main__ |:|	[Epoch 66] Training on graph 30
INFO	__main__ |:|	[Epoch 66] Training on graph 40
INFO	__main__ |:|	[Epoch 66] Training on graph 50
INFO	__main__ |:|	[Epoch 66] took 4.15 minutes.
INFO	__main__ |:|	[Epoch 66] Train reward: 0.0291
INFO	__main__ |:|	[Epoch 67] Training on graph 0
INFO	__main__ |:|	[Epoch 67] Training on graph 10
INFO	__main__ |:|	[Epoch 67] Training on graph 20
INFO	__main__ |:|	[Epoch 67] Training on graph 30
INFO	__main__ |:|	[Epoch 67] Training on graph 40
INFO	__main__ |:|	[Epoch 67] Training on graph 50
INFO	__main__ |:|	[Epoch 67] Training on graph 60
INFO	__main__ |:|	[Epoch 67] Training on graph 0
INFO	__main__ |:|	[Epoch 67] Training on graph 10
INFO	__main__ |:|	[Epoch 67] Training on graph 20
INFO	__main__ |:|	[Epoch 67] Training on graph 30
INFO	__main__ |:|	[Epoch 67] Training on graph 40
INFO	__main__ |:|	[Epoch 67] Training on graph 50
INFO	__main__ |:|	[Epoch 67] took 4.29 minutes.
INFO	__main__ |:|	[Epoch 67] Train reward: 0.0066
INFO	__main__ |:|	[Epoch 68] Training on graph 0
INFO	__main__ |:|	[Epoch 68] Training on graph 10
INFO	__main__ |:|	[Epoch 68] Training on graph 20
INFO	__main__ |:|	[Epoch 68] Training on graph 30
INFO	__main__ |:|	[Epoch 68] Training on graph 40
INFO	__main__ |:|	[Epoch 68] Training on graph 50
INFO	__main__ |:|	[Epoch 68] Training on graph 60
INFO	__main__ |:|	[Epoch 68] Training on graph 0
INFO	__main__ |:|	[Epoch 68] Training on graph 10
INFO	__main__ |:|	[Epoch 68] Training on graph 20
INFO	__main__ |:|	[Epoch 68] Training on graph 30
INFO	__main__ |:|	[Epoch 68] Training on graph 40
INFO	__main__ |:|	[Epoch 68] Training on graph 50
INFO	__main__ |:|	[Epoch 68] took 4.42 minutes.
INFO	__main__ |:|	[Epoch 68] Train reward: -0.0002
INFO	__main__ |:|	[Epoch 69] Training on graph 0
INFO	__main__ |:|	[Epoch 69] Training on graph 10
INFO	__main__ |:|	[Epoch 69] Training on graph 20
INFO	__main__ |:|	[Epoch 69] Training on graph 30
INFO	__main__ |:|	[Epoch 69] Training on graph 40
INFO	__main__ |:|	[Epoch 69] Training on graph 50
INFO	__main__ |:|	[Epoch 69] Training on graph 60
INFO	__main__ |:|	[Epoch 69] Training on graph 0
INFO	__main__ |:|	[Epoch 69] Training on graph 10
INFO	__main__ |:|	[Epoch 69] Training on graph 20
INFO	__main__ |:|	[Epoch 69] Training on graph 30
INFO	__main__ |:|	[Epoch 69] Training on graph 40
INFO	__main__ |:|	[Epoch 69] Training on graph 50
INFO	__main__ |:|	[Epoch 69] took 4.40 minutes.
INFO	__main__ |:|	[Epoch 69] Train reward: -0.0191
INFO	__main__ |:|	[Epoch 70] Training on graph 0
INFO	__main__ |:|	[Epoch 70] Training on graph 10
INFO	__main__ |:|	[Epoch 70] Training on graph 20
INFO	__main__ |:|	[Epoch 70] Training on graph 30
INFO	__main__ |:|	[Epoch 70] Training on graph 40
INFO	__main__ |:|	[Epoch 70] Training on graph 50
INFO	__main__ |:|	[Epoch 70] Training on graph 60
INFO	__main__ |:|	[Epoch 70] Training on graph 0
INFO	__main__ |:|	[Epoch 70] Training on graph 10
INFO	__main__ |:|	[Epoch 70] Training on graph 20
INFO	__main__ |:|	[Epoch 70] Training on graph 30
INFO	__main__ |:|	[Epoch 70] Training on graph 40
INFO	__main__ |:|	[Epoch 70] Training on graph 50
INFO	__main__ |:|	[Epoch 70] took 4.21 minutes.
INFO	__main__ |:|	Evaluating on test set with 70 graphs...
INFO	__main__ |:|	[Epoch 70] Test evaluation took 7.29 minutes.
INFO	__main__ |:|	[Epoch 70] Train reward: -0.0160, Test reward: -0.0104 ± 0.1109
INFO	__main__ |:|	[Epoch 71] Training on graph 0
INFO	__main__ |:|	[Epoch 71] Training on graph 10
INFO	__main__ |:|	[Epoch 71] Training on graph 20
INFO	__main__ |:|	[Epoch 71] Training on graph 30
INFO	__main__ |:|	[Epoch 71] Training on graph 40
INFO	__main__ |:|	[Epoch 71] Training on graph 50
INFO	__main__ |:|	[Epoch 71] Training on graph 60
INFO	__main__ |:|	[Epoch 71] Training on graph 0
INFO	__main__ |:|	[Epoch 71] Training on graph 10
INFO	__main__ |:|	[Epoch 71] Training on graph 20
INFO	__main__ |:|	[Epoch 71] Training on graph 30
INFO	__main__ |:|	[Epoch 71] Training on graph 40
INFO	__main__ |:|	[Epoch 71] Training on graph 50
INFO	__main__ |:|	[Epoch 71] took 4.02 minutes.
INFO	__main__ |:|	[Epoch 71] Train reward: -0.0053
INFO	__main__ |:|	[Epoch 72] Training on graph 0
INFO	__main__ |:|	[Epoch 72] Training on graph 10
INFO	__main__ |:|	[Epoch 72] Training on graph 20
INFO	__main__ |:|	[Epoch 72] Training on graph 30
INFO	__main__ |:|	[Epoch 72] Training on graph 40
INFO	__main__ |:|	[Epoch 72] Training on graph 50
INFO	__main__ |:|	[Epoch 72] Training on graph 60
INFO	__main__ |:|	[Epoch 72] Training on graph 0
INFO	__main__ |:|	[Epoch 72] Training on graph 10
INFO	__main__ |:|	[Epoch 72] Training on graph 20
INFO	__main__ |:|	[Epoch 72] Training on graph 30
INFO	__main__ |:|	[Epoch 72] Training on graph 40
INFO	__main__ |:|	[Epoch 72] Training on graph 50
INFO	__main__ |:|	[Epoch 72] took 4.27 minutes.
INFO	__main__ |:|	[Epoch 72] Train reward: 0.0212
INFO	__main__ |:|	[Epoch 73] Training on graph 0
INFO	__main__ |:|	[Epoch 73] Training on graph 10
INFO	__main__ |:|	[Epoch 73] Training on graph 20
INFO	__main__ |:|	[Epoch 73] Training on graph 30
INFO	__main__ |:|	[Epoch 73] Training on graph 40
INFO	__main__ |:|	[Epoch 73] Training on graph 50
INFO	__main__ |:|	[Epoch 73] Training on graph 60
INFO	__main__ |:|	[Epoch 73] Training on graph 0
INFO	__main__ |:|	[Epoch 73] Training on graph 10
INFO	__main__ |:|	[Epoch 73] Training on graph 20
INFO	__main__ |:|	[Epoch 73] Training on graph 30
INFO	__main__ |:|	[Epoch 73] Training on graph 40
INFO	__main__ |:|	[Epoch 73] Training on graph 50
INFO	__main__ |:|	[Epoch 73] took 4.30 minutes.
INFO	__main__ |:|	[Epoch 73] Train reward: -0.0028
INFO	__main__ |:|	[Epoch 74] Training on graph 0
INFO	__main__ |:|	[Epoch 74] Training on graph 10
INFO	__main__ |:|	[Epoch 74] Training on graph 20
INFO	__main__ |:|	[Epoch 74] Training on graph 30
INFO	__main__ |:|	[Epoch 74] Training on graph 40
INFO	__main__ |:|	[Epoch 74] Training on graph 50
INFO	__main__ |:|	[Epoch 74] Training on graph 60
INFO	__main__ |:|	[Epoch 74] Training on graph 0
INFO	__main__ |:|	[Epoch 74] Training on graph 10
INFO	__main__ |:|	[Epoch 74] Training on graph 20
INFO	__main__ |:|	[Epoch 74] Training on graph 30
INFO	__main__ |:|	[Epoch 74] Training on graph 40
INFO	__main__ |:|	[Epoch 74] Training on graph 50
INFO	__main__ |:|	[Epoch 74] took 4.48 minutes.
INFO	__main__ |:|	[Epoch 74] Train reward: 0.0297
INFO	__main__ |:|	[Epoch 75] Training on graph 0
INFO	__main__ |:|	[Epoch 75] Training on graph 10
INFO	__main__ |:|	[Epoch 75] Training on graph 20
INFO	__main__ |:|	[Epoch 75] Training on graph 30
INFO	__main__ |:|	[Epoch 75] Training on graph 40
INFO	__main__ |:|	[Epoch 75] Training on graph 50
INFO	__main__ |:|	[Epoch 75] Training on graph 60
INFO	__main__ |:|	[Epoch 75] Training on graph 0
INFO	__main__ |:|	[Epoch 75] Training on graph 10
INFO	__main__ |:|	[Epoch 75] Training on graph 20
INFO	__main__ |:|	[Epoch 75] Training on graph 30
INFO	__main__ |:|	[Epoch 75] Training on graph 40
INFO	__main__ |:|	[Epoch 75] Training on graph 50
INFO	__main__ |:|	[Epoch 75] took 4.29 minutes.
INFO	__main__ |:|	Evaluating on test set with 70 graphs...
INFO	__main__ |:|	[Epoch 75] Test evaluation took 10.76 minutes.
INFO	__main__ |:|	[Epoch 75] Train reward: 0.0173, Test reward: -0.0192 ± 0.0961
INFO	__main__ |:|	[Epoch 76] Training on graph 0
INFO	__main__ |:|	[Epoch 76] Training on graph 10
INFO	__main__ |:|	[Epoch 76] Training on graph 20
INFO	__main__ |:|	[Epoch 76] Training on graph 30
INFO	__main__ |:|	[Epoch 76] Training on graph 40
INFO	__main__ |:|	[Epoch 76] Training on graph 50
INFO	__main__ |:|	[Epoch 76] Training on graph 60
INFO	__main__ |:|	[Epoch 76] Training on graph 0
INFO	__main__ |:|	[Epoch 76] Training on graph 10
INFO	__main__ |:|	[Epoch 76] Training on graph 20
INFO	__main__ |:|	[Epoch 76] Training on graph 30
INFO	__main__ |:|	[Epoch 76] Training on graph 40
INFO	__main__ |:|	[Epoch 76] Training on graph 50
INFO	__main__ |:|	[Epoch 76] took 3.98 minutes.
INFO	__main__ |:|	[Epoch 76] Train reward: -0.0332
INFO	__main__ |:|	[Epoch 77] Training on graph 0
INFO	__main__ |:|	[Epoch 77] Training on graph 10
INFO	__main__ |:|	[Epoch 77] Training on graph 20
INFO	__main__ |:|	[Epoch 77] Training on graph 30
INFO	__main__ |:|	[Epoch 77] Training on graph 40
INFO	__main__ |:|	[Epoch 77] Training on graph 50
INFO	__main__ |:|	[Epoch 77] Training on graph 60
INFO	__main__ |:|	[Epoch 77] Training on graph 0
INFO	__main__ |:|	[Epoch 77] Training on graph 10
INFO	__main__ |:|	[Epoch 77] Training on graph 20
INFO	__main__ |:|	[Epoch 77] Training on graph 30
INFO	__main__ |:|	[Epoch 77] Training on graph 40
INFO	__main__ |:|	[Epoch 77] Training on graph 50
INFO	__main__ |:|	[Epoch 77] took 4.44 minutes.
INFO	__main__ |:|	[Epoch 77] Train reward: -0.0150
INFO	__main__ |:|	[Epoch 78] Training on graph 0
INFO	__main__ |:|	[Epoch 78] Training on graph 10
INFO	__main__ |:|	[Epoch 78] Training on graph 20
INFO	__main__ |:|	[Epoch 78] Training on graph 30
INFO	__main__ |:|	[Epoch 78] Training on graph 40
INFO	__main__ |:|	[Epoch 78] Training on graph 50
INFO	__main__ |:|	[Epoch 78] Training on graph 60
INFO	__main__ |:|	[Epoch 78] Training on graph 0
INFO	__main__ |:|	[Epoch 78] Training on graph 10
INFO	__main__ |:|	[Epoch 78] Training on graph 20
INFO	__main__ |:|	[Epoch 78] Training on graph 30
INFO	__main__ |:|	[Epoch 78] Training on graph 40
INFO	__main__ |:|	[Epoch 78] Training on graph 50
INFO	__main__ |:|	[Epoch 78] took 4.40 minutes.
INFO	__main__ |:|	[Epoch 78] Train reward: -0.0216
INFO	__main__ |:|	[Epoch 79] Training on graph 0
INFO	__main__ |:|	[Epoch 79] Training on graph 10
INFO	__main__ |:|	[Epoch 79] Training on graph 20
INFO	__main__ |:|	[Epoch 79] Training on graph 30
INFO	__main__ |:|	[Epoch 79] Training on graph 40
INFO	__main__ |:|	[Epoch 79] Training on graph 50
INFO	__main__ |:|	[Epoch 79] Training on graph 60
INFO	__main__ |:|	[Epoch 79] Training on graph 0
INFO	__main__ |:|	[Epoch 79] Training on graph 10
INFO	__main__ |:|	[Epoch 79] Training on graph 20
INFO	__main__ |:|	[Epoch 79] Training on graph 30
INFO	__main__ |:|	[Epoch 79] Training on graph 40
INFO	__main__ |:|	[Epoch 79] Training on graph 50
INFO	__main__ |:|	[Epoch 79] took 4.36 minutes.
INFO	__main__ |:|	[Epoch 79] Train reward: -0.0056
INFO	__main__ |:|	[Epoch 80] Training on graph 0
INFO	__main__ |:|	[Epoch 80] Training on graph 10
INFO	__main__ |:|	[Epoch 80] Training on graph 20
INFO	__main__ |:|	[Epoch 80] Training on graph 30
INFO	__main__ |:|	[Epoch 80] Training on graph 40
INFO	__main__ |:|	[Epoch 80] Training on graph 50
INFO	__main__ |:|	[Epoch 80] Training on graph 60
INFO	__main__ |:|	[Epoch 80] Training on graph 0
INFO	__main__ |:|	[Epoch 80] Training on graph 10
INFO	__main__ |:|	[Epoch 80] Training on graph 20
INFO	__main__ |:|	[Epoch 80] Training on graph 30
INFO	__main__ |:|	[Epoch 80] Training on graph 40
INFO	__main__ |:|	[Epoch 80] Training on graph 50
INFO	__main__ |:|	[Epoch 80] took 4.36 minutes.
INFO	__main__ |:|	Evaluating on test set with 70 graphs...
INFO	__main__ |:|	[Epoch 80] Test evaluation took 8.37 minutes.
INFO	__main__ |:|	[Epoch 80] New best model saved!
INFO	__main__ |:|	[Epoch 80] Train reward: -0.0191, Test reward: 0.0188 ± 0.0932
INFO	__main__ |:|	[Epoch 81] Training on graph 0
INFO	__main__ |:|	[Epoch 81] Training on graph 10
INFO	__main__ |:|	[Epoch 81] Training on graph 20
INFO	__main__ |:|	[Epoch 81] Training on graph 30
INFO	__main__ |:|	[Epoch 81] Training on graph 40
INFO	__main__ |:|	[Epoch 81] Training on graph 50
INFO	__main__ |:|	[Epoch 81] Training on graph 60
INFO	__main__ |:|	[Epoch 81] Training on graph 0
INFO	__main__ |:|	[Epoch 81] Training on graph 10
INFO	__main__ |:|	[Epoch 81] Training on graph 20
INFO	__main__ |:|	[Epoch 81] Training on graph 30
INFO	__main__ |:|	[Epoch 81] Training on graph 40
INFO	__main__ |:|	[Epoch 81] Training on graph 50
INFO	__main__ |:|	[Epoch 81] took 4.14 minutes.
INFO	__main__ |:|	[Epoch 81] Train reward: 0.0037
INFO	__main__ |:|	[Epoch 82] Training on graph 0
INFO	__main__ |:|	[Epoch 82] Training on graph 10
INFO	__main__ |:|	[Epoch 82] Training on graph 20
INFO	__main__ |:|	[Epoch 82] Training on graph 30
INFO	__main__ |:|	[Epoch 82] Training on graph 40
INFO	__main__ |:|	[Epoch 82] Training on graph 50
INFO	__main__ |:|	[Epoch 82] Training on graph 60
INFO	__main__ |:|	[Epoch 82] Training on graph 0
INFO	__main__ |:|	[Epoch 82] Training on graph 10
INFO	__main__ |:|	[Epoch 82] Training on graph 20
INFO	__main__ |:|	[Epoch 82] Training on graph 30
INFO	__main__ |:|	[Epoch 82] Training on graph 40
INFO	__main__ |:|	[Epoch 82] Training on graph 50
INFO	__main__ |:|	[Epoch 82] took 4.45 minutes.
INFO	__main__ |:|	[Epoch 82] Train reward: 0.0085
INFO	__main__ |:|	[Epoch 83] Training on graph 0
INFO	__main__ |:|	[Epoch 83] Training on graph 10
INFO	__main__ |:|	[Epoch 83] Training on graph 20
INFO	__main__ |:|	[Epoch 83] Training on graph 30
INFO	__main__ |:|	[Epoch 83] Training on graph 40
INFO	__main__ |:|	[Epoch 83] Training on graph 50
INFO	__main__ |:|	[Epoch 83] Training on graph 60
INFO	__main__ |:|	[Epoch 83] Training on graph 0
INFO	__main__ |:|	[Epoch 83] Training on graph 10
INFO	__main__ |:|	[Epoch 83] Training on graph 20
INFO	__main__ |:|	[Epoch 83] Training on graph 30
INFO	__main__ |:|	[Epoch 83] Training on graph 40
INFO	__main__ |:|	[Epoch 83] Training on graph 50
INFO	__main__ |:|	[Epoch 83] took 4.44 minutes.
INFO	__main__ |:|	[Epoch 83] Train reward: -0.0304
INFO	__main__ |:|	[Epoch 84] Training on graph 0
INFO	__main__ |:|	[Epoch 84] Training on graph 10
INFO	__main__ |:|	[Epoch 84] Training on graph 20
INFO	__main__ |:|	[Epoch 84] Training on graph 30
INFO	__main__ |:|	[Epoch 84] Training on graph 40
INFO	__main__ |:|	[Epoch 84] Training on graph 50
INFO	__main__ |:|	[Epoch 84] Training on graph 60
INFO	__main__ |:|	[Epoch 84] Training on graph 0
INFO	__main__ |:|	[Epoch 84] Training on graph 10
INFO	__main__ |:|	[Epoch 84] Training on graph 20
INFO	__main__ |:|	[Epoch 84] Training on graph 30
INFO	__main__ |:|	[Epoch 84] Training on graph 40
INFO	__main__ |:|	[Epoch 84] Training on graph 50
INFO	__main__ |:|	[Epoch 84] took 4.36 minutes.
INFO	__main__ |:|	[Epoch 84] Train reward: 0.0162
INFO	__main__ |:|	[Epoch 85] Training on graph 0
INFO	__main__ |:|	[Epoch 85] Training on graph 10
INFO	__main__ |:|	[Epoch 85] Training on graph 20
INFO	__main__ |:|	[Epoch 85] Training on graph 30
INFO	__main__ |:|	[Epoch 85] Training on graph 40
INFO	__main__ |:|	[Epoch 85] Training on graph 50
INFO	__main__ |:|	[Epoch 85] Training on graph 60
INFO	__main__ |:|	[Epoch 85] Training on graph 0
INFO	__main__ |:|	[Epoch 85] Training on graph 10
INFO	__main__ |:|	[Epoch 85] Training on graph 20
INFO	__main__ |:|	[Epoch 85] Training on graph 30
INFO	__main__ |:|	[Epoch 85] Training on graph 40
INFO	__main__ |:|	[Epoch 85] Training on graph 50
INFO	__main__ |:|	[Epoch 85] took 4.40 minutes.
INFO	__main__ |:|	Evaluating on test set with 70 graphs...
INFO	__main__ |:|	[Epoch 85] Test evaluation took 6.47 minutes.
INFO	__main__ |:|	[Epoch 85] Train reward: -0.0079, Test reward: -0.0096 ± 0.0678
INFO	__main__ |:|	[Epoch 86] Training on graph 0
INFO	__main__ |:|	[Epoch 86] Training on graph 10
INFO	__main__ |:|	[Epoch 86] Training on graph 20
INFO	__main__ |:|	[Epoch 86] Training on graph 30
INFO	__main__ |:|	[Epoch 86] Training on graph 40
INFO	__main__ |:|	[Epoch 86] Training on graph 50
INFO	__main__ |:|	[Epoch 86] Training on graph 60
INFO	__main__ |:|	[Epoch 86] Training on graph 0
INFO	__main__ |:|	[Epoch 86] Training on graph 10
INFO	__main__ |:|	[Epoch 86] Training on graph 20
INFO	__main__ |:|	[Epoch 86] Training on graph 30
INFO	__main__ |:|	[Epoch 86] Training on graph 40
INFO	__main__ |:|	[Epoch 86] Training on graph 50
INFO	__main__ |:|	[Epoch 86] took 4.21 minutes.
INFO	__main__ |:|	[Epoch 86] Train reward: -0.0009
INFO	__main__ |:|	[Epoch 87] Training on graph 0
INFO	__main__ |:|	[Epoch 87] Training on graph 10
INFO	__main__ |:|	[Epoch 87] Training on graph 20
INFO	__main__ |:|	[Epoch 87] Training on graph 30
INFO	__main__ |:|	[Epoch 87] Training on graph 40
INFO	__main__ |:|	[Epoch 87] Training on graph 50
INFO	__main__ |:|	[Epoch 87] Training on graph 60
INFO	__main__ |:|	[Epoch 87] Training on graph 0
INFO	__main__ |:|	[Epoch 87] Training on graph 10
INFO	__main__ |:|	[Epoch 87] Training on graph 20
INFO	__main__ |:|	[Epoch 87] Training on graph 30
INFO	__main__ |:|	[Epoch 87] Training on graph 40
INFO	__main__ |:|	[Epoch 87] Training on graph 50
INFO	__main__ |:|	[Epoch 87] took 4.35 minutes.
INFO	__main__ |:|	[Epoch 87] Train reward: 0.0081
INFO	__main__ |:|	[Epoch 88] Training on graph 0
INFO	__main__ |:|	[Epoch 88] Training on graph 10
INFO	__main__ |:|	[Epoch 88] Training on graph 20
INFO	__main__ |:|	[Epoch 88] Training on graph 30
INFO	__main__ |:|	[Epoch 88] Training on graph 40
INFO	__main__ |:|	[Epoch 88] Training on graph 50
INFO	__main__ |:|	[Epoch 88] Training on graph 60
INFO	__main__ |:|	[Epoch 88] Training on graph 0
INFO	__main__ |:|	[Epoch 88] Training on graph 10
INFO	__main__ |:|	[Epoch 88] Training on graph 20
INFO	__main__ |:|	[Epoch 88] Training on graph 30
INFO	__main__ |:|	[Epoch 88] Training on graph 40
INFO	__main__ |:|	[Epoch 88] Training on graph 50
INFO	__main__ |:|	[Epoch 88] took 4.44 minutes.
INFO	__main__ |:|	[Epoch 88] Train reward: 0.0216
INFO	__main__ |:|	[Epoch 89] Training on graph 0
INFO	__main__ |:|	[Epoch 89] Training on graph 10
INFO	__main__ |:|	[Epoch 89] Training on graph 20
INFO	__main__ |:|	[Epoch 89] Training on graph 30
INFO	__main__ |:|	[Epoch 89] Training on graph 40
INFO	__main__ |:|	[Epoch 89] Training on graph 50
INFO	__main__ |:|	[Epoch 89] Training on graph 60
INFO	__main__ |:|	[Epoch 89] Training on graph 0
INFO	__main__ |:|	[Epoch 89] Training on graph 10
INFO	__main__ |:|	[Epoch 89] Training on graph 20
INFO	__main__ |:|	[Epoch 89] Training on graph 30
INFO	__main__ |:|	[Epoch 89] Training on graph 40
INFO	__main__ |:|	[Epoch 89] Training on graph 50
INFO	__main__ |:|	[Epoch 89] took 4.51 minutes.
INFO	__main__ |:|	[Epoch 89] Train reward: 0.0153
INFO	__main__ |:|	[Epoch 90] Training on graph 0
INFO	__main__ |:|	[Epoch 90] Training on graph 10
INFO	__main__ |:|	[Epoch 90] Training on graph 20
INFO	__main__ |:|	[Epoch 90] Training on graph 30
INFO	__main__ |:|	[Epoch 90] Training on graph 40
INFO	__main__ |:|	[Epoch 90] Training on graph 50
INFO	__main__ |:|	[Epoch 90] Training on graph 60
INFO	__main__ |:|	[Epoch 90] Training on graph 0
INFO	__main__ |:|	[Epoch 90] Training on graph 10
INFO	__main__ |:|	[Epoch 90] Training on graph 20
INFO	__main__ |:|	[Epoch 90] Training on graph 30
INFO	__main__ |:|	[Epoch 90] Training on graph 40
INFO	__main__ |:|	[Epoch 90] Training on graph 50
INFO	__main__ |:|	[Epoch 90] took 4.37 minutes.
INFO	__main__ |:|	Evaluating on test set with 70 graphs...
INFO	__main__ |:|	[Epoch 90] Test evaluation took 6.72 minutes.
INFO	__main__ |:|	[Epoch 90] Train reward: -0.0060, Test reward: -0.0212 ± 0.1304
INFO	__main__ |:|	[Epoch 91] Training on graph 0
INFO	__main__ |:|	[Epoch 91] Training on graph 10
INFO	__main__ |:|	[Epoch 91] Training on graph 20
INFO	__main__ |:|	[Epoch 91] Training on graph 30
INFO	__main__ |:|	[Epoch 91] Training on graph 40
INFO	__main__ |:|	[Epoch 91] Training on graph 50
INFO	__main__ |:|	[Epoch 91] Training on graph 60
INFO	__main__ |:|	[Epoch 91] Training on graph 0
INFO	__main__ |:|	[Epoch 91] Training on graph 10
INFO	__main__ |:|	[Epoch 91] Training on graph 20
INFO	__main__ |:|	[Epoch 91] Training on graph 30
INFO	__main__ |:|	[Epoch 91] Training on graph 40
INFO	__main__ |:|	[Epoch 91] Training on graph 50
INFO	__main__ |:|	[Epoch 91] took 4.20 minutes.
INFO	__main__ |:|	[Epoch 91] Train reward: 0.0226
INFO	__main__ |:|	[Epoch 92] Training on graph 0
INFO	__main__ |:|	[Epoch 92] Training on graph 10
INFO	__main__ |:|	[Epoch 92] Training on graph 20
INFO	__main__ |:|	[Epoch 92] Training on graph 30
INFO	__main__ |:|	[Epoch 92] Training on graph 40
INFO	__main__ |:|	[Epoch 92] Training on graph 50
INFO	__main__ |:|	[Epoch 92] Training on graph 60
INFO	__main__ |:|	[Epoch 92] Training on graph 0
INFO	__main__ |:|	[Epoch 92] Training on graph 10
INFO	__main__ |:|	[Epoch 92] Training on graph 20
INFO	__main__ |:|	[Epoch 92] Training on graph 30
INFO	__main__ |:|	[Epoch 92] Training on graph 40
INFO	__main__ |:|	[Epoch 92] Training on graph 50
INFO	__main__ |:|	[Epoch 92] took 4.39 minutes.
INFO	__main__ |:|	[Epoch 92] Train reward: -0.0091
INFO	__main__ |:|	[Epoch 93] Training on graph 0
INFO	__main__ |:|	[Epoch 93] Training on graph 10
INFO	__main__ |:|	[Epoch 93] Training on graph 20
INFO	__main__ |:|	[Epoch 93] Training on graph 30
INFO	__main__ |:|	[Epoch 93] Training on graph 40
INFO	__main__ |:|	[Epoch 93] Training on graph 50
INFO	__main__ |:|	[Epoch 93] Training on graph 60
INFO	__main__ |:|	[Epoch 93] Training on graph 0
INFO	__main__ |:|	[Epoch 93] Training on graph 10
INFO	__main__ |:|	[Epoch 93] Training on graph 20
INFO	__main__ |:|	[Epoch 93] Training on graph 30
INFO	__main__ |:|	[Epoch 93] Training on graph 40
INFO	__main__ |:|	[Epoch 93] Training on graph 50
INFO	__main__ |:|	[Epoch 93] took 4.47 minutes.
INFO	__main__ |:|	[Epoch 93] Train reward: 0.0024
INFO	__main__ |:|	[Epoch 94] Training on graph 0
INFO	__main__ |:|	[Epoch 94] Training on graph 10
INFO	__main__ |:|	[Epoch 94] Training on graph 20
INFO	__main__ |:|	[Epoch 94] Training on graph 30
INFO	__main__ |:|	[Epoch 94] Training on graph 40
INFO	__main__ |:|	[Epoch 94] Training on graph 50
INFO	__main__ |:|	[Epoch 94] Training on graph 60
INFO	__main__ |:|	[Epoch 94] Training on graph 0
INFO	__main__ |:|	[Epoch 94] Training on graph 10
INFO	__main__ |:|	[Epoch 94] Training on graph 20
INFO	__main__ |:|	[Epoch 94] Training on graph 30
INFO	__main__ |:|	[Epoch 94] Training on graph 40
INFO	__main__ |:|	[Epoch 94] Training on graph 50
INFO	__main__ |:|	[Epoch 94] took 4.37 minutes.
INFO	__main__ |:|	[Epoch 94] Train reward: -0.0027
INFO	__main__ |:|	[Epoch 95] Training on graph 0
INFO	__main__ |:|	[Epoch 95] Training on graph 10
INFO	__main__ |:|	[Epoch 95] Training on graph 20
INFO	__main__ |:|	[Epoch 95] Training on graph 30
INFO	__main__ |:|	[Epoch 95] Training on graph 40
INFO	__main__ |:|	[Epoch 95] Training on graph 50
INFO	__main__ |:|	[Epoch 95] Training on graph 60
INFO	__main__ |:|	[Epoch 95] Training on graph 0
INFO	__main__ |:|	[Epoch 95] Training on graph 10
INFO	__main__ |:|	[Epoch 95] Training on graph 20
INFO	__main__ |:|	[Epoch 95] Training on graph 30
INFO	__main__ |:|	[Epoch 95] Training on graph 40
INFO	__main__ |:|	[Epoch 95] Training on graph 50
INFO	__main__ |:|	[Epoch 95] took 4.38 minutes.
INFO	__main__ |:|	Evaluating on test set with 70 graphs...
INFO	__main__ |:|	[Epoch 95] Test evaluation took 8.54 minutes.
INFO	__main__ |:|	[Epoch 95] Train reward: -0.0248, Test reward: 0.0045 ± 0.1032
INFO	__main__ |:|	[Epoch 96] Training on graph 0
INFO	__main__ |:|	[Epoch 96] Training on graph 10
INFO	__main__ |:|	[Epoch 96] Training on graph 20
INFO	__main__ |:|	[Epoch 96] Training on graph 30
INFO	__main__ |:|	[Epoch 96] Training on graph 40
INFO	__main__ |:|	[Epoch 96] Training on graph 50
INFO	__main__ |:|	[Epoch 96] Training on graph 60
INFO	__main__ |:|	[Epoch 96] Training on graph 0
INFO	__main__ |:|	[Epoch 96] Training on graph 10
INFO	__main__ |:|	[Epoch 96] Training on graph 20
INFO	__main__ |:|	[Epoch 96] Training on graph 30
INFO	__main__ |:|	[Epoch 96] Training on graph 40
INFO	__main__ |:|	[Epoch 96] Training on graph 50
INFO	__main__ |:|	[Epoch 96] took 4.04 minutes.
INFO	__main__ |:|	[Epoch 96] Train reward: -0.0064
INFO	__main__ |:|	[Epoch 97] Training on graph 0
INFO	__main__ |:|	[Epoch 97] Training on graph 10
INFO	__main__ |:|	[Epoch 97] Training on graph 20
INFO	__main__ |:|	[Epoch 97] Training on graph 30
INFO	__main__ |:|	[Epoch 97] Training on graph 40
INFO	__main__ |:|	[Epoch 97] Training on graph 50
INFO	__main__ |:|	[Epoch 97] Training on graph 60
INFO	__main__ |:|	[Epoch 97] Training on graph 0
INFO	__main__ |:|	[Epoch 97] Training on graph 10
INFO	__main__ |:|	[Epoch 97] Training on graph 20
INFO	__main__ |:|	[Epoch 97] Training on graph 30
INFO	__main__ |:|	[Epoch 97] Training on graph 40
INFO	__main__ |:|	[Epoch 97] Training on graph 50
INFO	__main__ |:|	[Epoch 97] took 4.39 minutes.
INFO	__main__ |:|	[Epoch 97] Train reward: 0.0125
INFO	__main__ |:|	[Epoch 98] Training on graph 0
INFO	__main__ |:|	[Epoch 98] Training on graph 10
INFO	__main__ |:|	[Epoch 98] Training on graph 20
INFO	__main__ |:|	[Epoch 98] Training on graph 30
INFO	__main__ |:|	[Epoch 98] Training on graph 40
INFO	__main__ |:|	[Epoch 98] Training on graph 50
INFO	__main__ |:|	[Epoch 98] Training on graph 60
INFO	__main__ |:|	[Epoch 98] Training on graph 0
INFO	__main__ |:|	[Epoch 98] Training on graph 10
INFO	__main__ |:|	[Epoch 98] Training on graph 20
INFO	__main__ |:|	[Epoch 98] Training on graph 30
INFO	__main__ |:|	[Epoch 98] Training on graph 40
INFO	__main__ |:|	[Epoch 98] Training on graph 50
INFO	__main__ |:|	[Epoch 98] took 4.42 minutes.
INFO	__main__ |:|	[Epoch 98] Train reward: 0.0165
INFO	__main__ |:|	[Epoch 99] Training on graph 0
INFO	__main__ |:|	[Epoch 99] Training on graph 10
INFO	__main__ |:|	[Epoch 99] Training on graph 20
INFO	__main__ |:|	[Epoch 99] Training on graph 30
INFO	__main__ |:|	[Epoch 99] Training on graph 40
INFO	__main__ |:|	[Epoch 99] Training on graph 50
INFO	__main__ |:|	[Epoch 99] Training on graph 60
INFO	__main__ |:|	[Epoch 99] Training on graph 0
INFO	__main__ |:|	[Epoch 99] Training on graph 10
INFO	__main__ |:|	[Epoch 99] Training on graph 20
INFO	__main__ |:|	[Epoch 99] Training on graph 30
INFO	__main__ |:|	[Epoch 99] Training on graph 40
INFO	__main__ |:|	[Epoch 99] Training on graph 50
INFO	__main__ |:|	[Epoch 99] took 4.38 minutes.
INFO	__main__ |:|	[Epoch 99] Train reward: 0.0078
INFO	__main__ |:|	[Epoch 100] Training on graph 0
INFO	__main__ |:|	[Epoch 100] Training on graph 10
INFO	__main__ |:|	[Epoch 100] Training on graph 20
INFO	__main__ |:|	[Epoch 100] Training on graph 30
INFO	__main__ |:|	[Epoch 100] Training on graph 40
INFO	__main__ |:|	[Epoch 100] Training on graph 50
INFO	__main__ |:|	[Epoch 100] Training on graph 60
INFO	__main__ |:|	[Epoch 100] Training on graph 0
INFO	__main__ |:|	[Epoch 100] Training on graph 10
INFO	__main__ |:|	[Epoch 100] Training on graph 20
INFO	__main__ |:|	[Epoch 100] Training on graph 30
INFO	__main__ |:|	[Epoch 100] Training on graph 40
INFO	__main__ |:|	[Epoch 100] Training on graph 50
INFO	__main__ |:|	[Epoch 100] took 4.45 minutes.
INFO	__main__ |:|	Evaluating on test set with 70 graphs...
INFO	__main__ |:|	[Epoch 100] Test evaluation took 7.85 minutes.
INFO	__main__ |:|	[Epoch 100] Train reward: -0.0064, Test reward: -0.0002 ± 0.1017
INFO	__main__ |:|	[Epoch 101] Training on graph 0
INFO	__main__ |:|	[Epoch 101] Training on graph 10
INFO	__main__ |:|	[Epoch 101] Training on graph 20
INFO	__main__ |:|	[Epoch 101] Training on graph 30
INFO	__main__ |:|	[Epoch 101] Training on graph 40
INFO	__main__ |:|	[Epoch 101] Training on graph 50
INFO	__main__ |:|	[Epoch 101] Training on graph 60
INFO	__main__ |:|	[Epoch 101] Training on graph 0
INFO	__main__ |:|	[Epoch 101] Training on graph 10
INFO	__main__ |:|	[Epoch 101] Training on graph 20
INFO	__main__ |:|	[Epoch 101] Training on graph 30
INFO	__main__ |:|	[Epoch 101] Training on graph 40
INFO	__main__ |:|	[Epoch 101] Training on graph 50
INFO	__main__ |:|	[Epoch 101] took 4.07 minutes.
INFO	__main__ |:|	[Epoch 101] Train reward: -0.0044
INFO	__main__ |:|	[Epoch 102] Training on graph 0
INFO	__main__ |:|	[Epoch 102] Training on graph 10
INFO	__main__ |:|	[Epoch 102] Training on graph 20
INFO	__main__ |:|	[Epoch 102] Training on graph 30
INFO	__main__ |:|	[Epoch 102] Training on graph 40
INFO	__main__ |:|	[Epoch 102] Training on graph 50
INFO	__main__ |:|	[Epoch 102] Training on graph 60
INFO	__main__ |:|	[Epoch 102] Training on graph 0
INFO	__main__ |:|	[Epoch 102] Training on graph 10
INFO	__main__ |:|	[Epoch 102] Training on graph 20
INFO	__main__ |:|	[Epoch 102] Training on graph 30
INFO	__main__ |:|	[Epoch 102] Training on graph 40
INFO	__main__ |:|	[Epoch 102] Training on graph 50
INFO	__main__ |:|	[Epoch 102] took 4.16 minutes.
INFO	__main__ |:|	[Epoch 102] Train reward: 0.0178
INFO	__main__ |:|	[Epoch 103] Training on graph 0
INFO	__main__ |:|	[Epoch 103] Training on graph 10
INFO	__main__ |:|	[Epoch 103] Training on graph 20
INFO	__main__ |:|	[Epoch 103] Training on graph 30
INFO	__main__ |:|	[Epoch 103] Training on graph 40
INFO	__main__ |:|	[Epoch 103] Training on graph 50
INFO	__main__ |:|	[Epoch 103] Training on graph 60
INFO	__main__ |:|	[Epoch 103] Training on graph 0
INFO	__main__ |:|	[Epoch 103] Training on graph 10
INFO	__main__ |:|	[Epoch 103] Training on graph 20
INFO	__main__ |:|	[Epoch 103] Training on graph 30
INFO	__main__ |:|	[Epoch 103] Training on graph 40
INFO	__main__ |:|	[Epoch 103] Training on graph 50
INFO	__main__ |:|	[Epoch 103] took 4.45 minutes.
INFO	__main__ |:|	[Epoch 103] Train reward: -0.0006
INFO	__main__ |:|	[Epoch 104] Training on graph 0
INFO	__main__ |:|	[Epoch 104] Training on graph 10
INFO	__main__ |:|	[Epoch 104] Training on graph 20
INFO	__main__ |:|	[Epoch 104] Training on graph 30
INFO	__main__ |:|	[Epoch 104] Training on graph 40
INFO	__main__ |:|	[Epoch 104] Training on graph 50
INFO	__main__ |:|	[Epoch 104] Training on graph 60
INFO	__main__ |:|	[Epoch 104] Training on graph 0
INFO	__main__ |:|	[Epoch 104] Training on graph 10
INFO	__main__ |:|	[Epoch 104] Training on graph 20
INFO	__main__ |:|	[Epoch 104] Training on graph 30
INFO	__main__ |:|	[Epoch 104] Training on graph 40
INFO	__main__ |:|	[Epoch 104] Training on graph 50
INFO	__main__ |:|	[Epoch 104] took 4.20 minutes.
INFO	__main__ |:|	[Epoch 104] Train reward: -0.0002
INFO	__main__ |:|	[Epoch 105] Training on graph 0
INFO	__main__ |:|	[Epoch 105] Training on graph 10
INFO	__main__ |:|	[Epoch 105] Training on graph 20
INFO	__main__ |:|	[Epoch 105] Training on graph 30
INFO	__main__ |:|	[Epoch 105] Training on graph 40
INFO	__main__ |:|	[Epoch 105] Training on graph 50
INFO	__main__ |:|	[Epoch 105] Training on graph 60
INFO	__main__ |:|	[Epoch 105] Training on graph 0
INFO	__main__ |:|	[Epoch 105] Training on graph 10
INFO	__main__ |:|	[Epoch 105] Training on graph 20
INFO	__main__ |:|	[Epoch 105] Training on graph 30
INFO	__main__ |:|	[Epoch 105] Training on graph 40
INFO	__main__ |:|	[Epoch 105] Training on graph 50
INFO	__main__ |:|	[Epoch 105] took 4.21 minutes.
INFO	__main__ |:|	Evaluating on test set with 70 graphs...
INFO	__main__ |:|	[Epoch 105] Test evaluation took 8.32 minutes.
INFO	__main__ |:|	[Epoch 105] Train reward: 0.0177, Test reward: -0.0179 ± 0.1034
INFO	__main__ |:|	[Epoch 106] Training on graph 0
INFO	__main__ |:|	[Epoch 106] Training on graph 10
INFO	__main__ |:|	[Epoch 106] Training on graph 20
INFO	__main__ |:|	[Epoch 106] Training on graph 30
INFO	__main__ |:|	[Epoch 106] Training on graph 40
INFO	__main__ |:|	[Epoch 106] Training on graph 50
INFO	__main__ |:|	[Epoch 106] Training on graph 60
INFO	__main__ |:|	[Epoch 106] Training on graph 0
INFO	__main__ |:|	[Epoch 106] Training on graph 10
INFO	__main__ |:|	[Epoch 106] Training on graph 20
INFO	__main__ |:|	[Epoch 106] Training on graph 30
INFO	__main__ |:|	[Epoch 106] Training on graph 40
INFO	__main__ |:|	[Epoch 106] Training on graph 50
INFO	__main__ |:|	[Epoch 106] took 4.11 minutes.
INFO	__main__ |:|	[Epoch 106] Train reward: -0.0245
INFO	__main__ |:|	[Epoch 107] Training on graph 0
INFO	__main__ |:|	[Epoch 107] Training on graph 10
INFO	__main__ |:|	[Epoch 107] Training on graph 20
INFO	__main__ |:|	[Epoch 107] Training on graph 30
INFO	__main__ |:|	[Epoch 107] Training on graph 40
INFO	__main__ |:|	[Epoch 107] Training on graph 50
INFO	__main__ |:|	[Epoch 107] Training on graph 60
INFO	__main__ |:|	[Epoch 107] Training on graph 0
INFO	__main__ |:|	[Epoch 107] Training on graph 10
INFO	__main__ |:|	[Epoch 107] Training on graph 20
INFO	__main__ |:|	[Epoch 107] Training on graph 30
INFO	__main__ |:|	[Epoch 107] Training on graph 40
INFO	__main__ |:|	[Epoch 107] Training on graph 50
INFO	__main__ |:|	[Epoch 107] took 4.22 minutes.
INFO	__main__ |:|	[Epoch 107] Train reward: -0.0008
INFO	__main__ |:|	[Epoch 108] Training on graph 0
INFO	__main__ |:|	[Epoch 108] Training on graph 10
INFO	__main__ |:|	[Epoch 108] Training on graph 20
INFO	__main__ |:|	[Epoch 108] Training on graph 30
INFO	__main__ |:|	[Epoch 108] Training on graph 40
INFO	__main__ |:|	[Epoch 108] Training on graph 50
INFO	__main__ |:|	[Epoch 108] Training on graph 60
INFO	__main__ |:|	[Epoch 108] Training on graph 0
INFO	__main__ |:|	[Epoch 108] Training on graph 10
INFO	__main__ |:|	[Epoch 108] Training on graph 20
INFO	__main__ |:|	[Epoch 108] Training on graph 30
INFO	__main__ |:|	[Epoch 108] Training on graph 40
INFO	__main__ |:|	[Epoch 108] Training on graph 50
INFO	__main__ |:|	[Epoch 108] took 4.26 minutes.
INFO	__main__ |:|	[Epoch 108] Train reward: 0.0131
INFO	__main__ |:|	[Epoch 109] Training on graph 0
INFO	__main__ |:|	[Epoch 109] Training on graph 10
INFO	__main__ |:|	[Epoch 109] Training on graph 20
INFO	__main__ |:|	[Epoch 109] Training on graph 30
INFO	__main__ |:|	[Epoch 109] Training on graph 40
INFO	__main__ |:|	[Epoch 109] Training on graph 50
INFO	__main__ |:|	[Epoch 109] Training on graph 60
INFO	__main__ |:|	[Epoch 109] Training on graph 0
INFO	__main__ |:|	[Epoch 109] Training on graph 10
INFO	__main__ |:|	[Epoch 109] Training on graph 20
INFO	__main__ |:|	[Epoch 109] Training on graph 30
INFO	__main__ |:|	[Epoch 109] Training on graph 40
INFO	__main__ |:|	[Epoch 109] Training on graph 50
INFO	__main__ |:|	[Epoch 109] took 4.24 minutes.
INFO	__main__ |:|	[Epoch 109] Train reward: 0.0008
INFO	__main__ |:|	[Epoch 110] Training on graph 0
INFO	__main__ |:|	[Epoch 110] Training on graph 10
INFO	__main__ |:|	[Epoch 110] Training on graph 20
INFO	__main__ |:|	[Epoch 110] Training on graph 30
INFO	__main__ |:|	[Epoch 110] Training on graph 40
INFO	__main__ |:|	[Epoch 110] Training on graph 50
INFO	__main__ |:|	[Epoch 110] Training on graph 60
INFO	__main__ |:|	[Epoch 110] Training on graph 0
INFO	__main__ |:|	[Epoch 110] Training on graph 10
INFO	__main__ |:|	[Epoch 110] Training on graph 20
INFO	__main__ |:|	[Epoch 110] Training on graph 30
INFO	__main__ |:|	[Epoch 110] Training on graph 40
INFO	__main__ |:|	[Epoch 110] Training on graph 50
INFO	__main__ |:|	[Epoch 110] took 4.19 minutes.
INFO	__main__ |:|	Evaluating on test set with 70 graphs...
INFO	__main__ |:|	[Epoch 110] Test evaluation took 7.27 minutes.
INFO	__main__ |:|	[Epoch 110] Train reward: 0.0117, Test reward: -0.0128 ± 0.0997
INFO	__main__ |:|	[Epoch 111] Training on graph 0
INFO	__main__ |:|	[Epoch 111] Training on graph 10
INFO	__main__ |:|	[Epoch 111] Training on graph 20
INFO	__main__ |:|	[Epoch 111] Training on graph 30
INFO	__main__ |:|	[Epoch 111] Training on graph 40
INFO	__main__ |:|	[Epoch 111] Training on graph 50
INFO	__main__ |:|	[Epoch 111] Training on graph 60
INFO	__main__ |:|	[Epoch 111] Training on graph 0
INFO	__main__ |:|	[Epoch 111] Training on graph 10
INFO	__main__ |:|	[Epoch 111] Training on graph 20
INFO	__main__ |:|	[Epoch 111] Training on graph 30
INFO	__main__ |:|	[Epoch 111] Training on graph 40
INFO	__main__ |:|	[Epoch 111] Training on graph 50
INFO	__main__ |:|	[Epoch 111] took 4.06 minutes.
INFO	__main__ |:|	[Epoch 111] Train reward: -0.0217
INFO	__main__ |:|	[Epoch 112] Training on graph 0
INFO	__main__ |:|	[Epoch 112] Training on graph 10
INFO	__main__ |:|	[Epoch 112] Training on graph 20
INFO	__main__ |:|	[Epoch 112] Training on graph 30
INFO	__main__ |:|	[Epoch 112] Training on graph 40
INFO	__main__ |:|	[Epoch 112] Training on graph 50
INFO	__main__ |:|	[Epoch 112] Training on graph 60
INFO	__main__ |:|	[Epoch 112] Training on graph 0
INFO	__main__ |:|	[Epoch 112] Training on graph 10
INFO	__main__ |:|	[Epoch 112] Training on graph 20
INFO	__main__ |:|	[Epoch 112] Training on graph 30
INFO	__main__ |:|	[Epoch 112] Training on graph 40
INFO	__main__ |:|	[Epoch 112] Training on graph 50
INFO	__main__ |:|	[Epoch 112] took 3.86 minutes.
INFO	__main__ |:|	[Epoch 112] Train reward: -0.0293
INFO	__main__ |:|	[Epoch 113] Training on graph 0
INFO	__main__ |:|	[Epoch 113] Training on graph 10
INFO	__main__ |:|	[Epoch 113] Training on graph 20
INFO	__main__ |:|	[Epoch 113] Training on graph 30
INFO	__main__ |:|	[Epoch 113] Training on graph 40
INFO	__main__ |:|	[Epoch 113] Training on graph 50
INFO	__main__ |:|	[Epoch 113] Training on graph 60
INFO	__main__ |:|	[Epoch 113] Training on graph 0
INFO	__main__ |:|	[Epoch 113] Training on graph 10
INFO	__main__ |:|	[Epoch 113] Training on graph 20
INFO	__main__ |:|	[Epoch 113] Training on graph 30
INFO	__main__ |:|	[Epoch 113] Training on graph 40
INFO	__main__ |:|	[Epoch 113] Training on graph 50
INFO	__main__ |:|	[Epoch 113] took 4.01 minutes.
INFO	__main__ |:|	[Epoch 113] Train reward: 0.0019
INFO	__main__ |:|	[Epoch 114] Training on graph 0
INFO	__main__ |:|	[Epoch 114] Training on graph 10
INFO	__main__ |:|	[Epoch 114] Training on graph 20
INFO	__main__ |:|	[Epoch 114] Training on graph 30
INFO	__main__ |:|	[Epoch 114] Training on graph 40
INFO	__main__ |:|	[Epoch 114] Training on graph 50
INFO	__main__ |:|	[Epoch 114] Training on graph 60
INFO	__main__ |:|	[Epoch 114] Training on graph 0
INFO	__main__ |:|	[Epoch 114] Training on graph 10
INFO	__main__ |:|	[Epoch 114] Training on graph 20
INFO	__main__ |:|	[Epoch 114] Training on graph 30
INFO	__main__ |:|	[Epoch 114] Training on graph 40
INFO	__main__ |:|	[Epoch 114] Training on graph 50
INFO	__main__ |:|	[Epoch 114] took 3.93 minutes.
INFO	__main__ |:|	[Epoch 114] Train reward: 0.0352
INFO	__main__ |:|	[Epoch 115] Training on graph 0
INFO	__main__ |:|	[Epoch 115] Training on graph 10
INFO	__main__ |:|	[Epoch 115] Training on graph 20
INFO	__main__ |:|	[Epoch 115] Training on graph 30
INFO	__main__ |:|	[Epoch 115] Training on graph 40
INFO	__main__ |:|	[Epoch 115] Training on graph 50
INFO	__main__ |:|	[Epoch 115] Training on graph 60
INFO	__main__ |:|	[Epoch 115] Training on graph 0
INFO	__main__ |:|	[Epoch 115] Training on graph 10
INFO	__main__ |:|	[Epoch 115] Training on graph 20
INFO	__main__ |:|	[Epoch 115] Training on graph 30
INFO	__main__ |:|	[Epoch 115] Training on graph 40
INFO	__main__ |:|	[Epoch 115] Training on graph 50
INFO	__main__ |:|	[Epoch 115] took 4.04 minutes.
INFO	__main__ |:|	Evaluating on test set with 70 graphs...
INFO	__main__ |:|	[Epoch 115] Test evaluation took 8.31 minutes.
INFO	__main__ |:|	[Epoch 115] Train reward: -0.0006, Test reward: 0.0127 ± 0.1141
INFO	__main__ |:|	[Epoch 116] Training on graph 0
INFO	__main__ |:|	[Epoch 116] Training on graph 10
INFO	__main__ |:|	[Epoch 116] Training on graph 20
INFO	__main__ |:|	[Epoch 116] Training on graph 30
INFO	__main__ |:|	[Epoch 116] Training on graph 40
INFO	__main__ |:|	[Epoch 116] Training on graph 50
INFO	__main__ |:|	[Epoch 116] Training on graph 60
INFO	__main__ |:|	[Epoch 116] Training on graph 0
INFO	__main__ |:|	[Epoch 116] Training on graph 10
INFO	__main__ |:|	[Epoch 116] Training on graph 20
INFO	__main__ |:|	[Epoch 116] Training on graph 30
INFO	__main__ |:|	[Epoch 116] Training on graph 40
INFO	__main__ |:|	[Epoch 116] Training on graph 50
INFO	__main__ |:|	[Epoch 116] took 4.02 minutes.
INFO	__main__ |:|	[Epoch 116] Train reward: -0.0004
INFO	__main__ |:|	[Epoch 117] Training on graph 0
INFO	__main__ |:|	[Epoch 117] Training on graph 10
INFO	__main__ |:|	[Epoch 117] Training on graph 20
INFO	__main__ |:|	[Epoch 117] Training on graph 30
INFO	__main__ |:|	[Epoch 117] Training on graph 40
INFO	__main__ |:|	[Epoch 117] Training on graph 50
INFO	__main__ |:|	[Epoch 117] Training on graph 60
INFO	__main__ |:|	[Epoch 117] Training on graph 0
INFO	__main__ |:|	[Epoch 117] Training on graph 10
INFO	__main__ |:|	[Epoch 117] Training on graph 20
INFO	__main__ |:|	[Epoch 117] Training on graph 30
INFO	__main__ |:|	[Epoch 117] Training on graph 40
INFO	__main__ |:|	[Epoch 117] Training on graph 50
INFO	__main__ |:|	[Epoch 117] took 4.10 minutes.
INFO	__main__ |:|	[Epoch 117] Train reward: 0.0113
INFO	__main__ |:|	[Epoch 118] Training on graph 0
INFO	__main__ |:|	[Epoch 118] Training on graph 10
INFO	__main__ |:|	[Epoch 118] Training on graph 20
INFO	__main__ |:|	[Epoch 118] Training on graph 30
INFO	__main__ |:|	[Epoch 118] Training on graph 40
INFO	__main__ |:|	[Epoch 118] Training on graph 50
INFO	__main__ |:|	[Epoch 118] Training on graph 60
INFO	__main__ |:|	[Epoch 118] Training on graph 0
INFO	__main__ |:|	[Epoch 118] Training on graph 10
INFO	__main__ |:|	[Epoch 118] Training on graph 20
INFO	__main__ |:|	[Epoch 118] Training on graph 30
INFO	__main__ |:|	[Epoch 118] Training on graph 40
INFO	__main__ |:|	[Epoch 118] Training on graph 50
INFO	__main__ |:|	[Epoch 118] took 4.06 minutes.
INFO	__main__ |:|	[Epoch 118] Train reward: -0.0372
INFO	__main__ |:|	[Epoch 119] Training on graph 0
INFO	__main__ |:|	[Epoch 119] Training on graph 10
INFO	__main__ |:|	[Epoch 119] Training on graph 20
INFO	__main__ |:|	[Epoch 119] Training on graph 30
INFO	__main__ |:|	[Epoch 119] Training on graph 40
INFO	__main__ |:|	[Epoch 119] Training on graph 50
INFO	__main__ |:|	[Epoch 119] Training on graph 60
INFO	__main__ |:|	[Epoch 119] Training on graph 0
INFO	__main__ |:|	[Epoch 119] Training on graph 10
INFO	__main__ |:|	[Epoch 119] Training on graph 20
INFO	__main__ |:|	[Epoch 119] Training on graph 30
INFO	__main__ |:|	[Epoch 119] Training on graph 40
INFO	__main__ |:|	[Epoch 119] Training on graph 50
INFO	__main__ |:|	[Epoch 119] took 4.05 minutes.
INFO	__main__ |:|	[Epoch 119] Train reward: -0.0012
INFO	__main__ |:|	[Epoch 120] Training on graph 0
INFO	__main__ |:|	[Epoch 120] Training on graph 10
INFO	__main__ |:|	[Epoch 120] Training on graph 20
INFO	__main__ |:|	[Epoch 120] Training on graph 30
INFO	__main__ |:|	[Epoch 120] Training on graph 40
INFO	__main__ |:|	[Epoch 120] Training on graph 50
INFO	__main__ |:|	[Epoch 120] Training on graph 60
INFO	__main__ |:|	[Epoch 120] Training on graph 0
INFO	__main__ |:|	[Epoch 120] Training on graph 10
INFO	__main__ |:|	[Epoch 120] Training on graph 20
INFO	__main__ |:|	[Epoch 120] Training on graph 30
INFO	__main__ |:|	[Epoch 120] Training on graph 40
INFO	__main__ |:|	[Epoch 120] Training on graph 50
INFO	__main__ |:|	[Epoch 120] took 4.02 minutes.
INFO	__main__ |:|	Evaluating on test set with 70 graphs...
INFO	__main__ |:|	[Epoch 120] Test evaluation took 7.31 minutes.
INFO	__main__ |:|	[Epoch 120] Train reward: -0.0060, Test reward: 0.0149 ± 0.1005
INFO	__main__ |:|	[Epoch 121] Training on graph 0
INFO	__main__ |:|	[Epoch 121] Training on graph 10
INFO	__main__ |:|	[Epoch 121] Training on graph 20
INFO	__main__ |:|	[Epoch 121] Training on graph 30
INFO	__main__ |:|	[Epoch 121] Training on graph 40
INFO	__main__ |:|	[Epoch 121] Training on graph 50
INFO	__main__ |:|	[Epoch 121] Training on graph 60
INFO	__main__ |:|	[Epoch 121] Training on graph 0
INFO	__main__ |:|	[Epoch 121] Training on graph 10
INFO	__main__ |:|	[Epoch 121] Training on graph 20
INFO	__main__ |:|	[Epoch 121] Training on graph 30
INFO	__main__ |:|	[Epoch 121] Training on graph 40
INFO	__main__ |:|	[Epoch 121] Training on graph 50
INFO	__main__ |:|	[Epoch 121] took 4.04 minutes.
INFO	__main__ |:|	[Epoch 121] Train reward: -0.0009
INFO	__main__ |:|	[Epoch 122] Training on graph 0
INFO	__main__ |:|	[Epoch 122] Training on graph 10
INFO	__main__ |:|	[Epoch 122] Training on graph 20
INFO	__main__ |:|	[Epoch 122] Training on graph 30
INFO	__main__ |:|	[Epoch 122] Training on graph 40
INFO	__main__ |:|	[Epoch 122] Training on graph 50
INFO	__main__ |:|	[Epoch 122] Training on graph 60
INFO	__main__ |:|	[Epoch 122] Training on graph 0
INFO	__main__ |:|	[Epoch 122] Training on graph 10
INFO	__main__ |:|	[Epoch 122] Training on graph 20
INFO	__main__ |:|	[Epoch 122] Training on graph 30
INFO	__main__ |:|	[Epoch 122] Training on graph 40
INFO	__main__ |:|	[Epoch 122] Training on graph 50
INFO	__main__ |:|	[Epoch 122] took 4.08 minutes.
INFO	__main__ |:|	[Epoch 122] Train reward: 0.0366
INFO	__main__ |:|	[Epoch 123] Training on graph 0
INFO	__main__ |:|	[Epoch 123] Training on graph 10
INFO	__main__ |:|	[Epoch 123] Training on graph 20
INFO	__main__ |:|	[Epoch 123] Training on graph 30
INFO	__main__ |:|	[Epoch 123] Training on graph 40
INFO	__main__ |:|	[Epoch 123] Training on graph 50
INFO	__main__ |:|	[Epoch 123] Training on graph 60
INFO	__main__ |:|	[Epoch 123] Training on graph 0
INFO	__main__ |:|	[Epoch 123] Training on graph 10
INFO	__main__ |:|	[Epoch 123] Training on graph 20
INFO	__main__ |:|	[Epoch 123] Training on graph 30
INFO	__main__ |:|	[Epoch 123] Training on graph 40
INFO	__main__ |:|	[Epoch 123] Training on graph 50
INFO	__main__ |:|	[Epoch 123] took 3.88 minutes.
INFO	__main__ |:|	[Epoch 123] Train reward: -0.0131
INFO	__main__ |:|	[Epoch 124] Training on graph 0
INFO	__main__ |:|	[Epoch 124] Training on graph 10
INFO	__main__ |:|	[Epoch 124] Training on graph 20
INFO	__main__ |:|	[Epoch 124] Training on graph 30
INFO	__main__ |:|	[Epoch 124] Training on graph 40
INFO	__main__ |:|	[Epoch 124] Training on graph 50
INFO	__main__ |:|	[Epoch 124] Training on graph 60
INFO	__main__ |:|	[Epoch 124] Training on graph 0
INFO	__main__ |:|	[Epoch 124] Training on graph 10
INFO	__main__ |:|	[Epoch 124] Training on graph 20
INFO	__main__ |:|	[Epoch 124] Training on graph 30
INFO	__main__ |:|	Training interrupted by user. Saving current model...
INFO	__main__ |:|	Final training plots created successfully
Training progress plot saved to: outputs/2025-07-29_03-48-08_gnn_rl_model_GCN_p4/training_progress_p4.png
Combined progress plot saved to: outputs/2025-07-29_03-48-08_gnn_rl_model_GCN_p4/combined_progress_p4.png
