INFO	src.utils.logger |:|	logger initialized with file: /home/lagom-qaoa/outputs/logs/2025-07-29_03-48-08_gnn_rl_trainer_TransformerConv_p1.log
INFO	__main__ |:|	Training set has 202 instances
INFO	__main__ |:|	Test set has 258 instances
INFO	__main__ |:|	Initializing GNN-based training with:
INFO	__main__ |:|	  GNN type: TransformerConv
INFO	__main__ |:|	  GNN hidden dim: 256
INFO	__main__ |:|	  GNN layers: 3
INFO	__main__ |:|	  p: 1, n_epochs: 500, eps_per_epoch: 128, T: 128
INFO	__main__ |:|	  Destination directory: outputs/2025-07-29_03-48-08_gnn_rl_model_TransformerConv_p1
INFO	__main__ |:|	Starting GNN-based training...
INFO	__main__ |:|	Training GNN-based agent with TransformerConv architecture
INFO	__main__ |:|	Placing computation in DEVICE: cuda:0
INFO	__main__ |:|	Creating GNN-PPO agent with state_dim: 12, action_dim: 2
INFO	__main__ |:|	[Epoch 0] Training on graph 0
INFO	__main__ |:|	[Epoch 0] Training on graph 10
INFO	__main__ |:|	[Epoch 0] Training on graph 20
INFO	__main__ |:|	[Epoch 0] Training on graph 30
INFO	__main__ |:|	[Epoch 0] Training on graph 40
INFO	__main__ |:|	[Epoch 0] Training on graph 50
INFO	__main__ |:|	[Epoch 0] Training on graph 60
INFO	__main__ |:|	[Epoch 0] Training on graph 0
INFO	__main__ |:|	[Epoch 0] Training on graph 10
INFO	__main__ |:|	[Epoch 0] Training on graph 20
INFO	__main__ |:|	[Epoch 0] Training on graph 30
INFO	__main__ |:|	[Epoch 0] Training on graph 40
INFO	__main__ |:|	[Epoch 0] Training on graph 50
INFO	__main__ |:|	[Epoch 0] took 2.84 minutes.
INFO	__main__ |:|	Evaluating on test set with 70 graphs...
INFO	__main__ |:|	[Epoch 0] Test evaluation took 2.54 minutes.
INFO	__main__ |:|	[Epoch 0] New best model saved!
INFO	__main__ |:|	[Epoch 0] Train reward: 0.0101, Test reward: -0.0104 ± 0.1622
INFO	__main__ |:|	[Epoch 1] Training on graph 0
INFO	__main__ |:|	[Epoch 1] Training on graph 10
INFO	__main__ |:|	[Epoch 1] Training on graph 20
INFO	__main__ |:|	[Epoch 1] Training on graph 30
INFO	__main__ |:|	[Epoch 1] Training on graph 40
INFO	__main__ |:|	[Epoch 1] Training on graph 50
INFO	__main__ |:|	[Epoch 1] Training on graph 60
INFO	__main__ |:|	[Epoch 1] Training on graph 0
INFO	__main__ |:|	[Epoch 1] Training on graph 10
INFO	__main__ |:|	[Epoch 1] Training on graph 20
INFO	__main__ |:|	[Epoch 1] Training on graph 30
INFO	__main__ |:|	[Epoch 1] Training on graph 40
INFO	__main__ |:|	[Epoch 1] Training on graph 50
INFO	__main__ |:|	[Epoch 1] took 2.78 minutes.
INFO	__main__ |:|	[Epoch 1] Train reward: 0.0307
INFO	__main__ |:|	[Epoch 2] Training on graph 0
INFO	__main__ |:|	[Epoch 2] Training on graph 10
INFO	__main__ |:|	[Epoch 2] Training on graph 20
INFO	__main__ |:|	[Epoch 2] Training on graph 30
INFO	__main__ |:|	[Epoch 2] Training on graph 40
INFO	__main__ |:|	[Epoch 2] Training on graph 50
INFO	__main__ |:|	[Epoch 2] Training on graph 60
INFO	__main__ |:|	[Epoch 2] Training on graph 0
INFO	__main__ |:|	[Epoch 2] Training on graph 10
INFO	__main__ |:|	[Epoch 2] Training on graph 20
INFO	__main__ |:|	[Epoch 2] Training on graph 30
INFO	__main__ |:|	[Epoch 2] Training on graph 40
INFO	__main__ |:|	[Epoch 2] Training on graph 50
INFO	__main__ |:|	[Epoch 2] took 2.77 minutes.
INFO	__main__ |:|	[Epoch 2] Train reward: -0.0063
INFO	__main__ |:|	[Epoch 3] Training on graph 0
INFO	__main__ |:|	[Epoch 3] Training on graph 10
INFO	__main__ |:|	[Epoch 3] Training on graph 20
INFO	__main__ |:|	[Epoch 3] Training on graph 30
INFO	__main__ |:|	[Epoch 3] Training on graph 40
INFO	__main__ |:|	[Epoch 3] Training on graph 50
INFO	__main__ |:|	[Epoch 3] Training on graph 60
INFO	__main__ |:|	[Epoch 3] Training on graph 0
INFO	__main__ |:|	[Epoch 3] Training on graph 10
INFO	__main__ |:|	[Epoch 3] Training on graph 20
INFO	__main__ |:|	[Epoch 3] Training on graph 30
INFO	__main__ |:|	[Epoch 3] Training on graph 40
INFO	__main__ |:|	[Epoch 3] Training on graph 50
INFO	__main__ |:|	[Epoch 3] took 2.80 minutes.
INFO	__main__ |:|	[Epoch 3] Train reward: 0.0096
INFO	__main__ |:|	[Epoch 4] Training on graph 0
INFO	__main__ |:|	[Epoch 4] Training on graph 10
INFO	__main__ |:|	[Epoch 4] Training on graph 20
INFO	__main__ |:|	[Epoch 4] Training on graph 30
INFO	__main__ |:|	[Epoch 4] Training on graph 40
INFO	__main__ |:|	[Epoch 4] Training on graph 50
INFO	__main__ |:|	[Epoch 4] Training on graph 60
INFO	__main__ |:|	[Epoch 4] Training on graph 0
INFO	__main__ |:|	[Epoch 4] Training on graph 10
INFO	__main__ |:|	[Epoch 4] Training on graph 20
INFO	__main__ |:|	[Epoch 4] Training on graph 30
INFO	__main__ |:|	[Epoch 4] Training on graph 40
INFO	__main__ |:|	[Epoch 4] Training on graph 50
INFO	__main__ |:|	[Epoch 4] took 2.76 minutes.
INFO	__main__ |:|	[Epoch 4] Train reward: -0.0122
INFO	__main__ |:|	[Epoch 5] Training on graph 0
INFO	__main__ |:|	[Epoch 5] Training on graph 10
INFO	__main__ |:|	[Epoch 5] Training on graph 20
INFO	__main__ |:|	[Epoch 5] Training on graph 30
INFO	__main__ |:|	[Epoch 5] Training on graph 40
INFO	__main__ |:|	[Epoch 5] Training on graph 50
INFO	__main__ |:|	[Epoch 5] Training on graph 60
INFO	__main__ |:|	[Epoch 5] Training on graph 0
INFO	__main__ |:|	[Epoch 5] Training on graph 10
INFO	__main__ |:|	[Epoch 5] Training on graph 20
INFO	__main__ |:|	[Epoch 5] Training on graph 30
INFO	__main__ |:|	[Epoch 5] Training on graph 40
INFO	__main__ |:|	[Epoch 5] Training on graph 50
INFO	__main__ |:|	[Epoch 5] took 2.70 minutes.
INFO	__main__ |:|	Evaluating on test set with 70 graphs...
INFO	__main__ |:|	[Epoch 5] Test evaluation took 1.98 minutes.
INFO	__main__ |:|	[Epoch 5] New best model saved!
INFO	__main__ |:|	[Epoch 5] Train reward: 0.0054, Test reward: 0.0399 ± 0.1570
INFO	__main__ |:|	[Epoch 6] Training on graph 0
INFO	__main__ |:|	[Epoch 6] Training on graph 10
INFO	__main__ |:|	[Epoch 6] Training on graph 20
INFO	__main__ |:|	[Epoch 6] Training on graph 30
INFO	__main__ |:|	[Epoch 6] Training on graph 40
INFO	__main__ |:|	[Epoch 6] Training on graph 50
INFO	__main__ |:|	[Epoch 6] Training on graph 60
INFO	__main__ |:|	[Epoch 6] Training on graph 0
INFO	__main__ |:|	[Epoch 6] Training on graph 10
INFO	__main__ |:|	[Epoch 6] Training on graph 20
INFO	__main__ |:|	[Epoch 6] Training on graph 30
INFO	__main__ |:|	[Epoch 6] Training on graph 40
INFO	__main__ |:|	[Epoch 6] Training on graph 50
INFO	__main__ |:|	[Epoch 6] took 2.77 minutes.
INFO	__main__ |:|	[Epoch 6] Train reward: -0.0037
INFO	__main__ |:|	[Epoch 7] Training on graph 0
INFO	__main__ |:|	[Epoch 7] Training on graph 10
INFO	__main__ |:|	[Epoch 7] Training on graph 20
INFO	__main__ |:|	[Epoch 7] Training on graph 30
INFO	__main__ |:|	[Epoch 7] Training on graph 40
INFO	__main__ |:|	[Epoch 7] Training on graph 50
INFO	__main__ |:|	[Epoch 7] Training on graph 60
INFO	__main__ |:|	[Epoch 7] Training on graph 0
INFO	__main__ |:|	[Epoch 7] Training on graph 10
INFO	__main__ |:|	[Epoch 7] Training on graph 20
INFO	__main__ |:|	[Epoch 7] Training on graph 30
INFO	__main__ |:|	[Epoch 7] Training on graph 40
INFO	__main__ |:|	[Epoch 7] Training on graph 50
INFO	__main__ |:|	[Epoch 7] took 2.75 minutes.
INFO	__main__ |:|	[Epoch 7] Train reward: -0.0034
INFO	__main__ |:|	[Epoch 8] Training on graph 0
INFO	__main__ |:|	[Epoch 8] Training on graph 10
INFO	__main__ |:|	[Epoch 8] Training on graph 20
INFO	__main__ |:|	[Epoch 8] Training on graph 30
INFO	__main__ |:|	[Epoch 8] Training on graph 40
INFO	__main__ |:|	[Epoch 8] Training on graph 50
INFO	__main__ |:|	[Epoch 8] Training on graph 60
INFO	__main__ |:|	[Epoch 8] Training on graph 0
INFO	__main__ |:|	[Epoch 8] Training on graph 10
INFO	__main__ |:|	[Epoch 8] Training on graph 20
INFO	__main__ |:|	[Epoch 8] Training on graph 30
INFO	__main__ |:|	[Epoch 8] Training on graph 40
INFO	__main__ |:|	[Epoch 8] Training on graph 50
INFO	__main__ |:|	[Epoch 8] took 2.77 minutes.
INFO	__main__ |:|	[Epoch 8] Train reward: -0.0083
INFO	__main__ |:|	[Epoch 9] Training on graph 0
INFO	__main__ |:|	[Epoch 9] Training on graph 10
INFO	__main__ |:|	[Epoch 9] Training on graph 20
INFO	__main__ |:|	[Epoch 9] Training on graph 30
INFO	__main__ |:|	[Epoch 9] Training on graph 40
INFO	__main__ |:|	[Epoch 9] Training on graph 50
INFO	__main__ |:|	[Epoch 9] Training on graph 60
INFO	__main__ |:|	[Epoch 9] Training on graph 0
INFO	__main__ |:|	[Epoch 9] Training on graph 10
INFO	__main__ |:|	[Epoch 9] Training on graph 20
INFO	__main__ |:|	[Epoch 9] Training on graph 30
INFO	__main__ |:|	[Epoch 9] Training on graph 40
INFO	__main__ |:|	[Epoch 9] Training on graph 50
INFO	__main__ |:|	[Epoch 9] took 2.82 minutes.
INFO	__main__ |:|	[Epoch 9] Train reward: 0.0136
INFO	__main__ |:|	[Epoch 10] Training on graph 0
INFO	__main__ |:|	[Epoch 10] Training on graph 10
INFO	__main__ |:|	[Epoch 10] Training on graph 20
INFO	__main__ |:|	[Epoch 10] Training on graph 30
INFO	__main__ |:|	[Epoch 10] Training on graph 40
INFO	__main__ |:|	[Epoch 10] Training on graph 50
INFO	__main__ |:|	[Epoch 10] Training on graph 60
INFO	__main__ |:|	[Epoch 10] Training on graph 0
INFO	__main__ |:|	[Epoch 10] Training on graph 10
INFO	__main__ |:|	[Epoch 10] Training on graph 20
INFO	__main__ |:|	[Epoch 10] Training on graph 30
INFO	__main__ |:|	[Epoch 10] Training on graph 40
INFO	__main__ |:|	[Epoch 10] Training on graph 50
INFO	__main__ |:|	[Epoch 10] took 2.69 minutes.
INFO	__main__ |:|	Evaluating on test set with 70 graphs...
INFO	__main__ |:|	[Epoch 10] Test evaluation took 1.69 minutes.
INFO	__main__ |:|	[Epoch 10] Train reward: -0.0084, Test reward: -0.0147 ± 0.1508
INFO	__main__ |:|	[Epoch 11] Training on graph 0
INFO	__main__ |:|	[Epoch 11] Training on graph 10
INFO	__main__ |:|	[Epoch 11] Training on graph 20
INFO	__main__ |:|	[Epoch 11] Training on graph 30
INFO	__main__ |:|	[Epoch 11] Training on graph 40
INFO	__main__ |:|	[Epoch 11] Training on graph 50
INFO	__main__ |:|	[Epoch 11] Training on graph 60
INFO	__main__ |:|	[Epoch 11] Training on graph 0
INFO	__main__ |:|	[Epoch 11] Training on graph 10
INFO	__main__ |:|	[Epoch 11] Training on graph 20
INFO	__main__ |:|	[Epoch 11] Training on graph 30
INFO	__main__ |:|	[Epoch 11] Training on graph 40
INFO	__main__ |:|	[Epoch 11] Training on graph 50
INFO	__main__ |:|	[Epoch 11] took 2.77 minutes.
INFO	__main__ |:|	[Epoch 11] Train reward: -0.0058
INFO	__main__ |:|	[Epoch 12] Training on graph 0
INFO	__main__ |:|	[Epoch 12] Training on graph 10
INFO	__main__ |:|	[Epoch 12] Training on graph 20
INFO	__main__ |:|	[Epoch 12] Training on graph 30
INFO	__main__ |:|	[Epoch 12] Training on graph 40
INFO	__main__ |:|	[Epoch 12] Training on graph 50
INFO	__main__ |:|	[Epoch 12] Training on graph 60
INFO	__main__ |:|	[Epoch 12] Training on graph 0
INFO	__main__ |:|	[Epoch 12] Training on graph 10
INFO	__main__ |:|	[Epoch 12] Training on graph 20
INFO	__main__ |:|	[Epoch 12] Training on graph 30
INFO	__main__ |:|	[Epoch 12] Training on graph 40
INFO	__main__ |:|	[Epoch 12] Training on graph 50
INFO	__main__ |:|	[Epoch 12] took 2.82 minutes.
INFO	__main__ |:|	[Epoch 12] Train reward: 0.0110
INFO	__main__ |:|	[Epoch 13] Training on graph 0
INFO	__main__ |:|	[Epoch 13] Training on graph 10
INFO	__main__ |:|	[Epoch 13] Training on graph 20
INFO	__main__ |:|	[Epoch 13] Training on graph 30
INFO	__main__ |:|	[Epoch 13] Training on graph 40
INFO	__main__ |:|	[Epoch 13] Training on graph 50
INFO	__main__ |:|	[Epoch 13] Training on graph 60
INFO	__main__ |:|	[Epoch 13] Training on graph 0
INFO	__main__ |:|	[Epoch 13] Training on graph 10
INFO	__main__ |:|	[Epoch 13] Training on graph 20
INFO	__main__ |:|	[Epoch 13] Training on graph 30
INFO	__main__ |:|	[Epoch 13] Training on graph 40
INFO	__main__ |:|	[Epoch 13] Training on graph 50
INFO	__main__ |:|	[Epoch 13] took 2.81 minutes.
INFO	__main__ |:|	[Epoch 13] Train reward: 0.0106
INFO	__main__ |:|	[Epoch 14] Training on graph 0
INFO	__main__ |:|	[Epoch 14] Training on graph 10
INFO	__main__ |:|	[Epoch 14] Training on graph 20
INFO	__main__ |:|	[Epoch 14] Training on graph 30
INFO	__main__ |:|	[Epoch 14] Training on graph 40
INFO	__main__ |:|	[Epoch 14] Training on graph 50
INFO	__main__ |:|	[Epoch 14] Training on graph 60
INFO	__main__ |:|	[Epoch 14] Training on graph 0
INFO	__main__ |:|	[Epoch 14] Training on graph 10
INFO	__main__ |:|	[Epoch 14] Training on graph 20
INFO	__main__ |:|	[Epoch 14] Training on graph 30
INFO	__main__ |:|	[Epoch 14] Training on graph 40
INFO	__main__ |:|	[Epoch 14] Training on graph 50
INFO	__main__ |:|	[Epoch 14] took 2.77 minutes.
INFO	__main__ |:|	[Epoch 14] Train reward: -0.0014
INFO	__main__ |:|	[Epoch 15] Training on graph 0
INFO	__main__ |:|	[Epoch 15] Training on graph 10
INFO	__main__ |:|	[Epoch 15] Training on graph 20
INFO	__main__ |:|	[Epoch 15] Training on graph 30
INFO	__main__ |:|	[Epoch 15] Training on graph 40
INFO	__main__ |:|	[Epoch 15] Training on graph 50
INFO	__main__ |:|	[Epoch 15] Training on graph 60
INFO	__main__ |:|	[Epoch 15] Training on graph 0
INFO	__main__ |:|	[Epoch 15] Training on graph 10
INFO	__main__ |:|	[Epoch 15] Training on graph 20
INFO	__main__ |:|	[Epoch 15] Training on graph 30
INFO	__main__ |:|	[Epoch 15] Training on graph 40
INFO	__main__ |:|	[Epoch 15] Training on graph 50
INFO	__main__ |:|	[Epoch 15] took 2.66 minutes.
INFO	__main__ |:|	Evaluating on test set with 70 graphs...
INFO	__main__ |:|	[Epoch 15] Test evaluation took 2.63 minutes.
INFO	__main__ |:|	[Epoch 15] Train reward: 0.0129, Test reward: -0.0104 ± 0.1384
INFO	__main__ |:|	[Epoch 16] Training on graph 0
INFO	__main__ |:|	[Epoch 16] Training on graph 10
INFO	__main__ |:|	[Epoch 16] Training on graph 20
INFO	__main__ |:|	[Epoch 16] Training on graph 30
INFO	__main__ |:|	[Epoch 16] Training on graph 40
INFO	__main__ |:|	[Epoch 16] Training on graph 50
INFO	__main__ |:|	[Epoch 16] Training on graph 60
INFO	__main__ |:|	[Epoch 16] Training on graph 0
INFO	__main__ |:|	[Epoch 16] Training on graph 10
INFO	__main__ |:|	[Epoch 16] Training on graph 20
INFO	__main__ |:|	[Epoch 16] Training on graph 30
INFO	__main__ |:|	[Epoch 16] Training on graph 40
INFO	__main__ |:|	[Epoch 16] Training on graph 50
INFO	__main__ |:|	[Epoch 16] took 2.77 minutes.
INFO	__main__ |:|	[Epoch 16] Train reward: -0.0035
INFO	__main__ |:|	[Epoch 17] Training on graph 0
INFO	__main__ |:|	[Epoch 17] Training on graph 10
INFO	__main__ |:|	[Epoch 17] Training on graph 20
INFO	__main__ |:|	[Epoch 17] Training on graph 30
INFO	__main__ |:|	[Epoch 17] Training on graph 40
INFO	__main__ |:|	[Epoch 17] Training on graph 50
INFO	__main__ |:|	[Epoch 17] Training on graph 60
INFO	__main__ |:|	[Epoch 17] Training on graph 0
INFO	__main__ |:|	[Epoch 17] Training on graph 10
INFO	__main__ |:|	[Epoch 17] Training on graph 20
INFO	__main__ |:|	[Epoch 17] Training on graph 30
INFO	__main__ |:|	[Epoch 17] Training on graph 40
INFO	__main__ |:|	[Epoch 17] Training on graph 50
INFO	__main__ |:|	[Epoch 17] took 2.84 minutes.
INFO	__main__ |:|	[Epoch 17] Train reward: 0.0061
INFO	__main__ |:|	[Epoch 18] Training on graph 0
INFO	__main__ |:|	[Epoch 18] Training on graph 10
INFO	__main__ |:|	[Epoch 18] Training on graph 20
INFO	__main__ |:|	[Epoch 18] Training on graph 30
INFO	__main__ |:|	[Epoch 18] Training on graph 40
INFO	__main__ |:|	[Epoch 18] Training on graph 50
INFO	__main__ |:|	[Epoch 18] Training on graph 60
INFO	__main__ |:|	[Epoch 18] Training on graph 0
INFO	__main__ |:|	[Epoch 18] Training on graph 10
INFO	__main__ |:|	[Epoch 18] Training on graph 20
INFO	__main__ |:|	[Epoch 18] Training on graph 30
INFO	__main__ |:|	[Epoch 18] Training on graph 40
INFO	__main__ |:|	[Epoch 18] Training on graph 50
INFO	__main__ |:|	[Epoch 18] took 2.82 minutes.
INFO	__main__ |:|	[Epoch 18] Train reward: 0.0119
INFO	__main__ |:|	[Epoch 19] Training on graph 0
INFO	__main__ |:|	[Epoch 19] Training on graph 10
INFO	__main__ |:|	[Epoch 19] Training on graph 20
INFO	__main__ |:|	[Epoch 19] Training on graph 30
INFO	__main__ |:|	[Epoch 19] Training on graph 40
INFO	__main__ |:|	[Epoch 19] Training on graph 50
INFO	__main__ |:|	[Epoch 19] Training on graph 60
INFO	__main__ |:|	[Epoch 19] Training on graph 0
INFO	__main__ |:|	[Epoch 19] Training on graph 10
INFO	__main__ |:|	[Epoch 19] Training on graph 20
INFO	__main__ |:|	[Epoch 19] Training on graph 30
INFO	__main__ |:|	[Epoch 19] Training on graph 40
INFO	__main__ |:|	[Epoch 19] Training on graph 50
INFO	__main__ |:|	[Epoch 19] took 2.65 minutes.
INFO	__main__ |:|	[Epoch 19] Train reward: 0.0038
INFO	__main__ |:|	[Epoch 20] Training on graph 0
INFO	__main__ |:|	[Epoch 20] Training on graph 10
INFO	__main__ |:|	[Epoch 20] Training on graph 20
INFO	__main__ |:|	[Epoch 20] Training on graph 30
INFO	__main__ |:|	[Epoch 20] Training on graph 40
INFO	__main__ |:|	[Epoch 20] Training on graph 50
INFO	__main__ |:|	[Epoch 20] Training on graph 60
INFO	__main__ |:|	[Epoch 20] Training on graph 0
INFO	__main__ |:|	[Epoch 20] Training on graph 10
INFO	__main__ |:|	[Epoch 20] Training on graph 20
INFO	__main__ |:|	[Epoch 20] Training on graph 30
INFO	__main__ |:|	[Epoch 20] Training on graph 40
INFO	__main__ |:|	[Epoch 20] Training on graph 50
INFO	__main__ |:|	[Epoch 20] took 2.78 minutes.
INFO	__main__ |:|	Evaluating on test set with 70 graphs...
INFO	__main__ |:|	[Epoch 20] Test evaluation took 2.77 minutes.
INFO	__main__ |:|	[Epoch 20] Train reward: 0.0143, Test reward: 0.0000 ± 0.1137
INFO	__main__ |:|	[Epoch 21] Training on graph 0
INFO	__main__ |:|	[Epoch 21] Training on graph 10
INFO	__main__ |:|	[Epoch 21] Training on graph 20
INFO	__main__ |:|	[Epoch 21] Training on graph 30
INFO	__main__ |:|	[Epoch 21] Training on graph 40
INFO	__main__ |:|	[Epoch 21] Training on graph 50
INFO	__main__ |:|	[Epoch 21] Training on graph 60
INFO	__main__ |:|	[Epoch 21] Training on graph 0
INFO	__main__ |:|	[Epoch 21] Training on graph 10
INFO	__main__ |:|	[Epoch 21] Training on graph 20
INFO	__main__ |:|	[Epoch 21] Training on graph 30
INFO	__main__ |:|	[Epoch 21] Training on graph 40
INFO	__main__ |:|	[Epoch 21] Training on graph 50
INFO	__main__ |:|	[Epoch 21] took 2.76 minutes.
INFO	__main__ |:|	[Epoch 21] Train reward: -0.0046
INFO	__main__ |:|	[Epoch 22] Training on graph 0
INFO	__main__ |:|	[Epoch 22] Training on graph 10
INFO	__main__ |:|	[Epoch 22] Training on graph 20
INFO	__main__ |:|	[Epoch 22] Training on graph 30
INFO	__main__ |:|	[Epoch 22] Training on graph 40
INFO	__main__ |:|	[Epoch 22] Training on graph 50
INFO	__main__ |:|	[Epoch 22] Training on graph 60
INFO	__main__ |:|	[Epoch 22] Training on graph 0
INFO	__main__ |:|	[Epoch 22] Training on graph 10
INFO	__main__ |:|	[Epoch 22] Training on graph 20
INFO	__main__ |:|	[Epoch 22] Training on graph 30
INFO	__main__ |:|	[Epoch 22] Training on graph 40
INFO	__main__ |:|	[Epoch 22] Training on graph 50
INFO	__main__ |:|	[Epoch 22] took 2.85 minutes.
INFO	__main__ |:|	[Epoch 22] Train reward: -0.0210
INFO	__main__ |:|	[Epoch 23] Training on graph 0
INFO	__main__ |:|	[Epoch 23] Training on graph 10
INFO	__main__ |:|	[Epoch 23] Training on graph 20
INFO	__main__ |:|	[Epoch 23] Training on graph 30
INFO	__main__ |:|	[Epoch 23] Training on graph 40
INFO	__main__ |:|	[Epoch 23] Training on graph 50
INFO	__main__ |:|	[Epoch 23] Training on graph 60
INFO	__main__ |:|	[Epoch 23] Training on graph 0
INFO	__main__ |:|	[Epoch 23] Training on graph 10
INFO	__main__ |:|	[Epoch 23] Training on graph 20
INFO	__main__ |:|	[Epoch 23] Training on graph 30
INFO	__main__ |:|	[Epoch 23] Training on graph 40
INFO	__main__ |:|	[Epoch 23] Training on graph 50
INFO	__main__ |:|	[Epoch 23] took 2.71 minutes.
INFO	__main__ |:|	[Epoch 23] Train reward: -0.0026
INFO	__main__ |:|	[Epoch 24] Training on graph 0
INFO	__main__ |:|	[Epoch 24] Training on graph 10
INFO	__main__ |:|	[Epoch 24] Training on graph 20
INFO	__main__ |:|	[Epoch 24] Training on graph 30
INFO	__main__ |:|	[Epoch 24] Training on graph 40
INFO	__main__ |:|	[Epoch 24] Training on graph 50
INFO	__main__ |:|	[Epoch 24] Training on graph 60
INFO	__main__ |:|	[Epoch 24] Training on graph 0
INFO	__main__ |:|	[Epoch 24] Training on graph 10
INFO	__main__ |:|	[Epoch 24] Training on graph 20
INFO	__main__ |:|	[Epoch 24] Training on graph 30
INFO	__main__ |:|	[Epoch 24] Training on graph 40
INFO	__main__ |:|	[Epoch 24] Training on graph 50
INFO	__main__ |:|	[Epoch 24] took 2.66 minutes.
INFO	__main__ |:|	[Epoch 24] Train reward: 0.0309
INFO	__main__ |:|	[Epoch 25] Training on graph 0
INFO	__main__ |:|	[Epoch 25] Training on graph 10
INFO	__main__ |:|	[Epoch 25] Training on graph 20
INFO	__main__ |:|	[Epoch 25] Training on graph 30
INFO	__main__ |:|	[Epoch 25] Training on graph 40
INFO	__main__ |:|	[Epoch 25] Training on graph 50
INFO	__main__ |:|	[Epoch 25] Training on graph 60
INFO	__main__ |:|	[Epoch 25] Training on graph 0
INFO	__main__ |:|	[Epoch 25] Training on graph 10
INFO	__main__ |:|	[Epoch 25] Training on graph 20
INFO	__main__ |:|	[Epoch 25] Training on graph 30
INFO	__main__ |:|	[Epoch 25] Training on graph 40
INFO	__main__ |:|	[Epoch 25] Training on graph 50
INFO	__main__ |:|	[Epoch 25] took 2.83 minutes.
INFO	__main__ |:|	Evaluating on test set with 70 graphs...
INFO	__main__ |:|	[Epoch 25] Test evaluation took 2.41 minutes.
INFO	__main__ |:|	[Epoch 25] Train reward: -0.0358, Test reward: 0.0242 ± 0.1620
INFO	__main__ |:|	[Epoch 26] Training on graph 0
INFO	__main__ |:|	[Epoch 26] Training on graph 10
INFO	__main__ |:|	[Epoch 26] Training on graph 20
INFO	__main__ |:|	[Epoch 26] Training on graph 30
INFO	__main__ |:|	[Epoch 26] Training on graph 40
INFO	__main__ |:|	[Epoch 26] Training on graph 50
INFO	__main__ |:|	[Epoch 26] Training on graph 60
INFO	__main__ |:|	[Epoch 26] Training on graph 0
INFO	__main__ |:|	[Epoch 26] Training on graph 10
INFO	__main__ |:|	[Epoch 26] Training on graph 20
INFO	__main__ |:|	[Epoch 26] Training on graph 30
INFO	__main__ |:|	[Epoch 26] Training on graph 40
INFO	__main__ |:|	[Epoch 26] Training on graph 50
INFO	__main__ |:|	[Epoch 26] took 2.76 minutes.
INFO	__main__ |:|	[Epoch 26] Train reward: 0.0139
INFO	__main__ |:|	[Epoch 27] Training on graph 0
INFO	__main__ |:|	[Epoch 27] Training on graph 10
INFO	__main__ |:|	[Epoch 27] Training on graph 20
INFO	__main__ |:|	[Epoch 27] Training on graph 30
INFO	__main__ |:|	[Epoch 27] Training on graph 40
INFO	__main__ |:|	[Epoch 27] Training on graph 50
INFO	__main__ |:|	[Epoch 27] Training on graph 60
INFO	__main__ |:|	[Epoch 27] Training on graph 0
INFO	__main__ |:|	[Epoch 27] Training on graph 10
INFO	__main__ |:|	[Epoch 27] Training on graph 20
INFO	__main__ |:|	[Epoch 27] Training on graph 30
INFO	__main__ |:|	[Epoch 27] Training on graph 40
INFO	__main__ |:|	[Epoch 27] Training on graph 50
INFO	__main__ |:|	[Epoch 27] took 2.87 minutes.
INFO	__main__ |:|	[Epoch 27] Train reward: -0.0331
INFO	__main__ |:|	[Epoch 28] Training on graph 0
INFO	__main__ |:|	[Epoch 28] Training on graph 10
INFO	__main__ |:|	[Epoch 28] Training on graph 20
INFO	__main__ |:|	[Epoch 28] Training on graph 30
INFO	__main__ |:|	[Epoch 28] Training on graph 40
INFO	__main__ |:|	[Epoch 28] Training on graph 50
INFO	__main__ |:|	[Epoch 28] Training on graph 60
INFO	__main__ |:|	[Epoch 28] Training on graph 0
INFO	__main__ |:|	[Epoch 28] Training on graph 10
INFO	__main__ |:|	[Epoch 28] Training on graph 20
INFO	__main__ |:|	[Epoch 28] Training on graph 30
INFO	__main__ |:|	[Epoch 28] Training on graph 40
INFO	__main__ |:|	[Epoch 28] Training on graph 50
INFO	__main__ |:|	[Epoch 28] took 2.65 minutes.
INFO	__main__ |:|	[Epoch 28] Train reward: 0.0040
INFO	__main__ |:|	[Epoch 29] Training on graph 0
INFO	__main__ |:|	[Epoch 29] Training on graph 10
INFO	__main__ |:|	[Epoch 29] Training on graph 20
INFO	__main__ |:|	[Epoch 29] Training on graph 30
INFO	__main__ |:|	[Epoch 29] Training on graph 40
INFO	__main__ |:|	[Epoch 29] Training on graph 50
INFO	__main__ |:|	[Epoch 29] Training on graph 60
INFO	__main__ |:|	[Epoch 29] Training on graph 0
INFO	__main__ |:|	[Epoch 29] Training on graph 10
INFO	__main__ |:|	[Epoch 29] Training on graph 20
INFO	__main__ |:|	[Epoch 29] Training on graph 30
INFO	__main__ |:|	[Epoch 29] Training on graph 40
INFO	__main__ |:|	[Epoch 29] Training on graph 50
INFO	__main__ |:|	[Epoch 29] took 2.72 minutes.
INFO	__main__ |:|	[Epoch 29] Train reward: 0.0097
INFO	__main__ |:|	[Epoch 30] Training on graph 0
INFO	__main__ |:|	[Epoch 30] Training on graph 10
INFO	__main__ |:|	[Epoch 30] Training on graph 20
INFO	__main__ |:|	[Epoch 30] Training on graph 30
INFO	__main__ |:|	[Epoch 30] Training on graph 40
INFO	__main__ |:|	[Epoch 30] Training on graph 50
INFO	__main__ |:|	[Epoch 30] Training on graph 60
INFO	__main__ |:|	[Epoch 30] Training on graph 0
INFO	__main__ |:|	[Epoch 30] Training on graph 10
INFO	__main__ |:|	[Epoch 30] Training on graph 20
INFO	__main__ |:|	[Epoch 30] Training on graph 30
INFO	__main__ |:|	[Epoch 30] Training on graph 40
INFO	__main__ |:|	[Epoch 30] Training on graph 50
INFO	__main__ |:|	[Epoch 30] took 2.78 minutes.
INFO	__main__ |:|	Evaluating on test set with 70 graphs...
INFO	__main__ |:|	[Epoch 30] Test evaluation took 2.82 minutes.
INFO	__main__ |:|	[Epoch 30] Train reward: 0.0410, Test reward: 0.0161 ± 0.1137
INFO	__main__ |:|	[Epoch 31] Training on graph 0
INFO	__main__ |:|	[Epoch 31] Training on graph 10
INFO	__main__ |:|	[Epoch 31] Training on graph 20
INFO	__main__ |:|	[Epoch 31] Training on graph 30
INFO	__main__ |:|	[Epoch 31] Training on graph 40
INFO	__main__ |:|	[Epoch 31] Training on graph 50
INFO	__main__ |:|	[Epoch 31] Training on graph 60
INFO	__main__ |:|	[Epoch 31] Training on graph 0
INFO	__main__ |:|	[Epoch 31] Training on graph 10
INFO	__main__ |:|	[Epoch 31] Training on graph 20
INFO	__main__ |:|	[Epoch 31] Training on graph 30
INFO	__main__ |:|	[Epoch 31] Training on graph 40
INFO	__main__ |:|	[Epoch 31] Training on graph 50
INFO	__main__ |:|	[Epoch 31] took 2.87 minutes.
INFO	__main__ |:|	[Epoch 31] Train reward: 0.0304
INFO	__main__ |:|	[Epoch 32] Training on graph 0
INFO	__main__ |:|	[Epoch 32] Training on graph 10
INFO	__main__ |:|	[Epoch 32] Training on graph 20
INFO	__main__ |:|	[Epoch 32] Training on graph 30
INFO	__main__ |:|	[Epoch 32] Training on graph 40
INFO	__main__ |:|	[Epoch 32] Training on graph 50
INFO	__main__ |:|	[Epoch 32] Training on graph 60
INFO	__main__ |:|	[Epoch 32] Training on graph 0
INFO	__main__ |:|	[Epoch 32] Training on graph 10
INFO	__main__ |:|	[Epoch 32] Training on graph 20
INFO	__main__ |:|	[Epoch 32] Training on graph 30
INFO	__main__ |:|	[Epoch 32] Training on graph 40
INFO	__main__ |:|	[Epoch 32] Training on graph 50
INFO	__main__ |:|	[Epoch 32] took 2.74 minutes.
INFO	__main__ |:|	[Epoch 32] Train reward: -0.0214
INFO	__main__ |:|	[Epoch 33] Training on graph 0
INFO	__main__ |:|	[Epoch 33] Training on graph 10
INFO	__main__ |:|	[Epoch 33] Training on graph 20
INFO	__main__ |:|	[Epoch 33] Training on graph 30
INFO	__main__ |:|	[Epoch 33] Training on graph 40
INFO	__main__ |:|	[Epoch 33] Training on graph 50
INFO	__main__ |:|	[Epoch 33] Training on graph 60
INFO	__main__ |:|	[Epoch 33] Training on graph 0
INFO	__main__ |:|	[Epoch 33] Training on graph 10
INFO	__main__ |:|	[Epoch 33] Training on graph 20
INFO	__main__ |:|	[Epoch 33] Training on graph 30
INFO	__main__ |:|	[Epoch 33] Training on graph 40
INFO	__main__ |:|	[Epoch 33] Training on graph 50
INFO	__main__ |:|	[Epoch 33] took 2.63 minutes.
INFO	__main__ |:|	[Epoch 33] Train reward: 0.0244
INFO	__main__ |:|	[Epoch 34] Training on graph 0
INFO	__main__ |:|	[Epoch 34] Training on graph 10
INFO	__main__ |:|	[Epoch 34] Training on graph 20
INFO	__main__ |:|	[Epoch 34] Training on graph 30
INFO	__main__ |:|	[Epoch 34] Training on graph 40
INFO	__main__ |:|	[Epoch 34] Training on graph 50
INFO	__main__ |:|	[Epoch 34] Training on graph 60
INFO	__main__ |:|	[Epoch 34] Training on graph 0
INFO	__main__ |:|	[Epoch 34] Training on graph 10
INFO	__main__ |:|	[Epoch 34] Training on graph 20
INFO	__main__ |:|	[Epoch 34] Training on graph 30
INFO	__main__ |:|	[Epoch 34] Training on graph 40
INFO	__main__ |:|	[Epoch 34] Training on graph 50
INFO	__main__ |:|	[Epoch 34] took 2.78 minutes.
INFO	__main__ |:|	[Epoch 34] Train reward: -0.0190
INFO	__main__ |:|	[Epoch 35] Training on graph 0
INFO	__main__ |:|	[Epoch 35] Training on graph 10
INFO	__main__ |:|	[Epoch 35] Training on graph 20
INFO	__main__ |:|	[Epoch 35] Training on graph 30
INFO	__main__ |:|	[Epoch 35] Training on graph 40
INFO	__main__ |:|	[Epoch 35] Training on graph 50
INFO	__main__ |:|	[Epoch 35] Training on graph 60
INFO	__main__ |:|	[Epoch 35] Training on graph 0
INFO	__main__ |:|	[Epoch 35] Training on graph 10
INFO	__main__ |:|	[Epoch 35] Training on graph 20
INFO	__main__ |:|	[Epoch 35] Training on graph 30
INFO	__main__ |:|	[Epoch 35] Training on graph 40
INFO	__main__ |:|	[Epoch 35] Training on graph 50
INFO	__main__ |:|	[Epoch 35] took 2.79 minutes.
INFO	__main__ |:|	Evaluating on test set with 70 graphs...
INFO	__main__ |:|	[Epoch 35] Test evaluation took 2.00 minutes.
INFO	__main__ |:|	[Epoch 35] Train reward: -0.0093, Test reward: -0.0046 ± 0.1361
INFO	__main__ |:|	[Epoch 36] Training on graph 0
INFO	__main__ |:|	[Epoch 36] Training on graph 10
INFO	__main__ |:|	[Epoch 36] Training on graph 20
INFO	__main__ |:|	[Epoch 36] Training on graph 30
INFO	__main__ |:|	[Epoch 36] Training on graph 40
INFO	__main__ |:|	[Epoch 36] Training on graph 50
INFO	__main__ |:|	[Epoch 36] Training on graph 60
INFO	__main__ |:|	[Epoch 36] Training on graph 0
INFO	__main__ |:|	[Epoch 36] Training on graph 10
INFO	__main__ |:|	[Epoch 36] Training on graph 20
INFO	__main__ |:|	[Epoch 36] Training on graph 30
INFO	__main__ |:|	[Epoch 36] Training on graph 40
INFO	__main__ |:|	[Epoch 36] Training on graph 50
INFO	__main__ |:|	[Epoch 36] took 2.82 minutes.
INFO	__main__ |:|	[Epoch 36] Train reward: -0.0025
INFO	__main__ |:|	[Epoch 37] Training on graph 0
INFO	__main__ |:|	[Epoch 37] Training on graph 10
INFO	__main__ |:|	[Epoch 37] Training on graph 20
INFO	__main__ |:|	[Epoch 37] Training on graph 30
INFO	__main__ |:|	[Epoch 37] Training on graph 40
INFO	__main__ |:|	[Epoch 37] Training on graph 50
INFO	__main__ |:|	[Epoch 37] Training on graph 60
INFO	__main__ |:|	[Epoch 37] Training on graph 0
INFO	__main__ |:|	[Epoch 37] Training on graph 10
INFO	__main__ |:|	[Epoch 37] Training on graph 20
INFO	__main__ |:|	[Epoch 37] Training on graph 30
INFO	__main__ |:|	[Epoch 37] Training on graph 40
INFO	__main__ |:|	[Epoch 37] Training on graph 50
INFO	__main__ |:|	[Epoch 37] took 2.67 minutes.
INFO	__main__ |:|	[Epoch 37] Train reward: -0.0322
INFO	__main__ |:|	[Epoch 38] Training on graph 0
INFO	__main__ |:|	[Epoch 38] Training on graph 10
INFO	__main__ |:|	[Epoch 38] Training on graph 20
INFO	__main__ |:|	[Epoch 38] Training on graph 30
INFO	__main__ |:|	[Epoch 38] Training on graph 40
INFO	__main__ |:|	[Epoch 38] Training on graph 50
INFO	__main__ |:|	[Epoch 38] Training on graph 60
INFO	__main__ |:|	[Epoch 38] Training on graph 0
INFO	__main__ |:|	[Epoch 38] Training on graph 10
INFO	__main__ |:|	[Epoch 38] Training on graph 20
INFO	__main__ |:|	[Epoch 38] Training on graph 30
INFO	__main__ |:|	[Epoch 38] Training on graph 40
INFO	__main__ |:|	[Epoch 38] Training on graph 50
INFO	__main__ |:|	[Epoch 38] took 2.75 minutes.
INFO	__main__ |:|	[Epoch 38] Train reward: -0.0128
INFO	__main__ |:|	[Epoch 39] Training on graph 0
INFO	__main__ |:|	[Epoch 39] Training on graph 10
INFO	__main__ |:|	[Epoch 39] Training on graph 20
INFO	__main__ |:|	[Epoch 39] Training on graph 30
INFO	__main__ |:|	[Epoch 39] Training on graph 40
INFO	__main__ |:|	[Epoch 39] Training on graph 50
INFO	__main__ |:|	[Epoch 39] Training on graph 60
INFO	__main__ |:|	[Epoch 39] Training on graph 0
INFO	__main__ |:|	[Epoch 39] Training on graph 10
INFO	__main__ |:|	[Epoch 39] Training on graph 20
INFO	__main__ |:|	[Epoch 39] Training on graph 30
INFO	__main__ |:|	[Epoch 39] Training on graph 40
INFO	__main__ |:|	[Epoch 39] Training on graph 50
INFO	__main__ |:|	[Epoch 39] took 2.82 minutes.
INFO	__main__ |:|	[Epoch 39] Train reward: -0.0164
INFO	__main__ |:|	[Epoch 40] Training on graph 0
INFO	__main__ |:|	[Epoch 40] Training on graph 10
INFO	__main__ |:|	[Epoch 40] Training on graph 20
INFO	__main__ |:|	[Epoch 40] Training on graph 30
INFO	__main__ |:|	[Epoch 40] Training on graph 40
INFO	__main__ |:|	[Epoch 40] Training on graph 50
INFO	__main__ |:|	[Epoch 40] Training on graph 60
INFO	__main__ |:|	[Epoch 40] Training on graph 0
INFO	__main__ |:|	[Epoch 40] Training on graph 10
INFO	__main__ |:|	[Epoch 40] Training on graph 20
INFO	__main__ |:|	[Epoch 40] Training on graph 30
INFO	__main__ |:|	[Epoch 40] Training on graph 40
INFO	__main__ |:|	[Epoch 40] Training on graph 50
INFO	__main__ |:|	[Epoch 40] took 2.79 minutes.
INFO	__main__ |:|	Evaluating on test set with 70 graphs...
INFO	__main__ |:|	[Epoch 40] Test evaluation took 2.57 minutes.
INFO	__main__ |:|	[Epoch 40] Train reward: 0.0013, Test reward: 0.0103 ± 0.1238
INFO	__main__ |:|	[Epoch 41] Training on graph 0
INFO	__main__ |:|	[Epoch 41] Training on graph 10
INFO	__main__ |:|	[Epoch 41] Training on graph 20
INFO	__main__ |:|	[Epoch 41] Training on graph 30
INFO	__main__ |:|	[Epoch 41] Training on graph 40
INFO	__main__ |:|	[Epoch 41] Training on graph 50
INFO	__main__ |:|	[Epoch 41] Training on graph 60
INFO	__main__ |:|	[Epoch 41] Training on graph 0
INFO	__main__ |:|	[Epoch 41] Training on graph 10
INFO	__main__ |:|	[Epoch 41] Training on graph 20
INFO	__main__ |:|	[Epoch 41] Training on graph 30
INFO	__main__ |:|	[Epoch 41] Training on graph 40
INFO	__main__ |:|	[Epoch 41] Training on graph 50
INFO	__main__ |:|	[Epoch 41] took 2.79 minutes.
INFO	__main__ |:|	[Epoch 41] Train reward: -0.0039
INFO	__main__ |:|	[Epoch 42] Training on graph 0
INFO	__main__ |:|	[Epoch 42] Training on graph 10
INFO	__main__ |:|	[Epoch 42] Training on graph 20
INFO	__main__ |:|	[Epoch 42] Training on graph 30
INFO	__main__ |:|	[Epoch 42] Training on graph 40
INFO	__main__ |:|	[Epoch 42] Training on graph 50
INFO	__main__ |:|	[Epoch 42] Training on graph 60
INFO	__main__ |:|	[Epoch 42] Training on graph 0
INFO	__main__ |:|	[Epoch 42] Training on graph 10
INFO	__main__ |:|	[Epoch 42] Training on graph 20
INFO	__main__ |:|	[Epoch 42] Training on graph 30
INFO	__main__ |:|	[Epoch 42] Training on graph 40
INFO	__main__ |:|	[Epoch 42] Training on graph 50
INFO	__main__ |:|	[Epoch 42] took 2.61 minutes.
INFO	__main__ |:|	[Epoch 42] Train reward: -0.0176
INFO	__main__ |:|	[Epoch 43] Training on graph 0
INFO	__main__ |:|	[Epoch 43] Training on graph 10
INFO	__main__ |:|	[Epoch 43] Training on graph 20
INFO	__main__ |:|	[Epoch 43] Training on graph 30
INFO	__main__ |:|	[Epoch 43] Training on graph 40
INFO	__main__ |:|	[Epoch 43] Training on graph 50
INFO	__main__ |:|	[Epoch 43] Training on graph 60
INFO	__main__ |:|	[Epoch 43] Training on graph 0
INFO	__main__ |:|	[Epoch 43] Training on graph 10
INFO	__main__ |:|	[Epoch 43] Training on graph 20
INFO	__main__ |:|	[Epoch 43] Training on graph 30
INFO	__main__ |:|	[Epoch 43] Training on graph 40
INFO	__main__ |:|	[Epoch 43] Training on graph 50
INFO	__main__ |:|	[Epoch 43] took 2.74 minutes.
INFO	__main__ |:|	[Epoch 43] Train reward: -0.0216
INFO	__main__ |:|	[Epoch 44] Training on graph 0
INFO	__main__ |:|	[Epoch 44] Training on graph 10
INFO	__main__ |:|	[Epoch 44] Training on graph 20
INFO	__main__ |:|	[Epoch 44] Training on graph 30
INFO	__main__ |:|	[Epoch 44] Training on graph 40
INFO	__main__ |:|	[Epoch 44] Training on graph 50
INFO	__main__ |:|	[Epoch 44] Training on graph 60
INFO	__main__ |:|	[Epoch 44] Training on graph 0
INFO	__main__ |:|	[Epoch 44] Training on graph 10
INFO	__main__ |:|	[Epoch 44] Training on graph 20
INFO	__main__ |:|	[Epoch 44] Training on graph 30
INFO	__main__ |:|	[Epoch 44] Training on graph 40
INFO	__main__ |:|	[Epoch 44] Training on graph 50
INFO	__main__ |:|	[Epoch 44] took 2.84 minutes.
INFO	__main__ |:|	[Epoch 44] Train reward: -0.0061
INFO	__main__ |:|	[Epoch 45] Training on graph 0
INFO	__main__ |:|	[Epoch 45] Training on graph 10
INFO	__main__ |:|	[Epoch 45] Training on graph 20
INFO	__main__ |:|	[Epoch 45] Training on graph 30
INFO	__main__ |:|	[Epoch 45] Training on graph 40
INFO	__main__ |:|	[Epoch 45] Training on graph 50
INFO	__main__ |:|	[Epoch 45] Training on graph 60
INFO	__main__ |:|	[Epoch 45] Training on graph 0
INFO	__main__ |:|	[Epoch 45] Training on graph 10
INFO	__main__ |:|	[Epoch 45] Training on graph 20
INFO	__main__ |:|	[Epoch 45] Training on graph 30
INFO	__main__ |:|	[Epoch 45] Training on graph 40
INFO	__main__ |:|	[Epoch 45] Training on graph 50
INFO	__main__ |:|	[Epoch 45] took 2.77 minutes.
INFO	__main__ |:|	Evaluating on test set with 70 graphs...
INFO	__main__ |:|	[Epoch 45] Test evaluation took 2.43 minutes.
INFO	__main__ |:|	[Epoch 45] Train reward: 0.0338, Test reward: 0.0050 ± 0.1622
INFO	__main__ |:|	[Epoch 46] Training on graph 0
INFO	__main__ |:|	[Epoch 46] Training on graph 10
INFO	__main__ |:|	[Epoch 46] Training on graph 20
INFO	__main__ |:|	[Epoch 46] Training on graph 30
INFO	__main__ |:|	[Epoch 46] Training on graph 40
INFO	__main__ |:|	[Epoch 46] Training on graph 50
INFO	__main__ |:|	[Epoch 46] Training on graph 60
INFO	__main__ |:|	[Epoch 46] Training on graph 0
INFO	__main__ |:|	[Epoch 46] Training on graph 10
INFO	__main__ |:|	[Epoch 46] Training on graph 20
INFO	__main__ |:|	[Epoch 46] Training on graph 30
INFO	__main__ |:|	[Epoch 46] Training on graph 40
INFO	__main__ |:|	[Epoch 46] Training on graph 50
INFO	__main__ |:|	[Epoch 46] took 2.71 minutes.
INFO	__main__ |:|	[Epoch 46] Train reward: 0.0155
INFO	__main__ |:|	[Epoch 47] Training on graph 0
INFO	__main__ |:|	[Epoch 47] Training on graph 10
INFO	__main__ |:|	[Epoch 47] Training on graph 20
INFO	__main__ |:|	[Epoch 47] Training on graph 30
INFO	__main__ |:|	[Epoch 47] Training on graph 40
INFO	__main__ |:|	[Epoch 47] Training on graph 50
INFO	__main__ |:|	[Epoch 47] Training on graph 60
INFO	__main__ |:|	[Epoch 47] Training on graph 0
INFO	__main__ |:|	[Epoch 47] Training on graph 10
INFO	__main__ |:|	[Epoch 47] Training on graph 20
INFO	__main__ |:|	[Epoch 47] Training on graph 30
INFO	__main__ |:|	[Epoch 47] Training on graph 40
INFO	__main__ |:|	[Epoch 47] Training on graph 50
INFO	__main__ |:|	[Epoch 47] took 2.61 minutes.
INFO	__main__ |:|	[Epoch 47] Train reward: 0.0179
INFO	__main__ |:|	[Epoch 48] Training on graph 0
INFO	__main__ |:|	[Epoch 48] Training on graph 10
INFO	__main__ |:|	[Epoch 48] Training on graph 20
INFO	__main__ |:|	[Epoch 48] Training on graph 30
INFO	__main__ |:|	[Epoch 48] Training on graph 40
INFO	__main__ |:|	[Epoch 48] Training on graph 50
INFO	__main__ |:|	[Epoch 48] Training on graph 60
INFO	__main__ |:|	[Epoch 48] Training on graph 0
INFO	__main__ |:|	[Epoch 48] Training on graph 10
INFO	__main__ |:|	[Epoch 48] Training on graph 20
INFO	__main__ |:|	[Epoch 48] Training on graph 30
INFO	__main__ |:|	[Epoch 48] Training on graph 40
INFO	__main__ |:|	[Epoch 48] Training on graph 50
INFO	__main__ |:|	[Epoch 48] took 2.80 minutes.
INFO	__main__ |:|	[Epoch 48] Train reward: 0.0134
INFO	__main__ |:|	[Epoch 49] Training on graph 0
INFO	__main__ |:|	[Epoch 49] Training on graph 10
INFO	__main__ |:|	[Epoch 49] Training on graph 20
INFO	__main__ |:|	[Epoch 49] Training on graph 30
INFO	__main__ |:|	[Epoch 49] Training on graph 40
INFO	__main__ |:|	[Epoch 49] Training on graph 50
INFO	__main__ |:|	[Epoch 49] Training on graph 60
INFO	__main__ |:|	[Epoch 49] Training on graph 0
INFO	__main__ |:|	[Epoch 49] Training on graph 10
INFO	__main__ |:|	[Epoch 49] Training on graph 20
INFO	__main__ |:|	[Epoch 49] Training on graph 30
INFO	__main__ |:|	[Epoch 49] Training on graph 40
INFO	__main__ |:|	[Epoch 49] Training on graph 50
INFO	__main__ |:|	[Epoch 49] took 2.84 minutes.
INFO	__main__ |:|	[Epoch 49] Train reward: 0.0301
INFO	__main__ |:|	[Epoch 50] Training on graph 0
INFO	__main__ |:|	[Epoch 50] Training on graph 10
INFO	__main__ |:|	[Epoch 50] Training on graph 20
INFO	__main__ |:|	[Epoch 50] Training on graph 30
INFO	__main__ |:|	[Epoch 50] Training on graph 40
INFO	__main__ |:|	[Epoch 50] Training on graph 50
INFO	__main__ |:|	[Epoch 50] Training on graph 60
INFO	__main__ |:|	[Epoch 50] Training on graph 0
INFO	__main__ |:|	[Epoch 50] Training on graph 10
INFO	__main__ |:|	[Epoch 50] Training on graph 20
INFO	__main__ |:|	[Epoch 50] Training on graph 30
INFO	__main__ |:|	[Epoch 50] Training on graph 40
INFO	__main__ |:|	[Epoch 50] Training on graph 50
INFO	__main__ |:|	[Epoch 50] took 2.77 minutes.
INFO	__main__ |:|	Evaluating on test set with 70 graphs...
INFO	__main__ |:|	[Epoch 50] Test evaluation took 2.98 minutes.
INFO	__main__ |:|	[Epoch 50] Train reward: 0.0181, Test reward: 0.0347 ± 0.1678
INFO	__main__ |:|	[Epoch 51] Training on graph 0
INFO	__main__ |:|	[Epoch 51] Training on graph 10
INFO	__main__ |:|	[Epoch 51] Training on graph 20
INFO	__main__ |:|	[Epoch 51] Training on graph 30
INFO	__main__ |:|	[Epoch 51] Training on graph 40
INFO	__main__ |:|	[Epoch 51] Training on graph 50
INFO	__main__ |:|	[Epoch 51] Training on graph 60
INFO	__main__ |:|	[Epoch 51] Training on graph 0
INFO	__main__ |:|	[Epoch 51] Training on graph 10
INFO	__main__ |:|	[Epoch 51] Training on graph 20
INFO	__main__ |:|	[Epoch 51] Training on graph 30
INFO	__main__ |:|	[Epoch 51] Training on graph 40
INFO	__main__ |:|	[Epoch 51] Training on graph 50
INFO	__main__ |:|	[Epoch 51] took 2.72 minutes.
INFO	__main__ |:|	[Epoch 51] Train reward: 0.0029
INFO	__main__ |:|	[Epoch 52] Training on graph 0
INFO	__main__ |:|	[Epoch 52] Training on graph 10
INFO	__main__ |:|	[Epoch 52] Training on graph 20
INFO	__main__ |:|	[Epoch 52] Training on graph 30
INFO	__main__ |:|	[Epoch 52] Training on graph 40
INFO	__main__ |:|	[Epoch 52] Training on graph 50
INFO	__main__ |:|	[Epoch 52] Training on graph 60
INFO	__main__ |:|	[Epoch 52] Training on graph 0
INFO	__main__ |:|	[Epoch 52] Training on graph 10
INFO	__main__ |:|	[Epoch 52] Training on graph 20
INFO	__main__ |:|	[Epoch 52] Training on graph 30
INFO	__main__ |:|	[Epoch 52] Training on graph 40
INFO	__main__ |:|	[Epoch 52] Training on graph 50
INFO	__main__ |:|	[Epoch 52] took 2.79 minutes.
INFO	__main__ |:|	[Epoch 52] Train reward: -0.0100
INFO	__main__ |:|	[Epoch 53] Training on graph 0
INFO	__main__ |:|	[Epoch 53] Training on graph 10
INFO	__main__ |:|	[Epoch 53] Training on graph 20
INFO	__main__ |:|	[Epoch 53] Training on graph 30
INFO	__main__ |:|	[Epoch 53] Training on graph 40
INFO	__main__ |:|	[Epoch 53] Training on graph 50
INFO	__main__ |:|	[Epoch 53] Training on graph 60
INFO	__main__ |:|	[Epoch 53] Training on graph 0
INFO	__main__ |:|	[Epoch 53] Training on graph 10
INFO	__main__ |:|	[Epoch 53] Training on graph 20
INFO	__main__ |:|	[Epoch 53] Training on graph 30
INFO	__main__ |:|	[Epoch 53] Training on graph 40
INFO	__main__ |:|	[Epoch 53] Training on graph 50
INFO	__main__ |:|	[Epoch 53] took 2.82 minutes.
INFO	__main__ |:|	[Epoch 53] Train reward: 0.0357
INFO	__main__ |:|	[Epoch 54] Training on graph 0
INFO	__main__ |:|	[Epoch 54] Training on graph 10
INFO	__main__ |:|	[Epoch 54] Training on graph 20
INFO	__main__ |:|	[Epoch 54] Training on graph 30
INFO	__main__ |:|	[Epoch 54] Training on graph 40
INFO	__main__ |:|	[Epoch 54] Training on graph 50
INFO	__main__ |:|	[Epoch 54] Training on graph 60
INFO	__main__ |:|	[Epoch 54] Training on graph 0
INFO	__main__ |:|	[Epoch 54] Training on graph 10
INFO	__main__ |:|	[Epoch 54] Training on graph 20
INFO	__main__ |:|	[Epoch 54] Training on graph 30
INFO	__main__ |:|	[Epoch 54] Training on graph 40
INFO	__main__ |:|	[Epoch 54] Training on graph 50
INFO	__main__ |:|	[Epoch 54] took 2.76 minutes.
INFO	__main__ |:|	[Epoch 54] Train reward: -0.0020
INFO	__main__ |:|	[Epoch 55] Training on graph 0
INFO	__main__ |:|	[Epoch 55] Training on graph 10
INFO	__main__ |:|	[Epoch 55] Training on graph 20
INFO	__main__ |:|	[Epoch 55] Training on graph 30
INFO	__main__ |:|	[Epoch 55] Training on graph 40
INFO	__main__ |:|	[Epoch 55] Training on graph 50
INFO	__main__ |:|	[Epoch 55] Training on graph 60
INFO	__main__ |:|	[Epoch 55] Training on graph 0
INFO	__main__ |:|	[Epoch 55] Training on graph 10
INFO	__main__ |:|	[Epoch 55] Training on graph 20
INFO	__main__ |:|	[Epoch 55] Training on graph 30
INFO	__main__ |:|	[Epoch 55] Training on graph 40
INFO	__main__ |:|	[Epoch 55] Training on graph 50
INFO	__main__ |:|	[Epoch 55] took 2.78 minutes.
INFO	__main__ |:|	Evaluating on test set with 70 graphs...
INFO	__main__ |:|	[Epoch 55] Test evaluation took 1.78 minutes.
INFO	__main__ |:|	[Epoch 55] Train reward: 0.0082, Test reward: -0.0032 ± 0.1405
INFO	__main__ |:|	[Epoch 56] Training on graph 0
INFO	__main__ |:|	[Epoch 56] Training on graph 10
INFO	__main__ |:|	[Epoch 56] Training on graph 20
INFO	__main__ |:|	[Epoch 56] Training on graph 30
INFO	__main__ |:|	[Epoch 56] Training on graph 40
INFO	__main__ |:|	[Epoch 56] Training on graph 50
INFO	__main__ |:|	[Epoch 56] Training on graph 60
INFO	__main__ |:|	[Epoch 56] Training on graph 0
INFO	__main__ |:|	[Epoch 56] Training on graph 10
INFO	__main__ |:|	[Epoch 56] Training on graph 20
INFO	__main__ |:|	[Epoch 56] Training on graph 30
INFO	__main__ |:|	[Epoch 56] Training on graph 40
INFO	__main__ |:|	[Epoch 56] Training on graph 50
INFO	__main__ |:|	[Epoch 56] took 2.69 minutes.
INFO	__main__ |:|	[Epoch 56] Train reward: 0.0058
INFO	__main__ |:|	[Epoch 57] Training on graph 0
INFO	__main__ |:|	[Epoch 57] Training on graph 10
INFO	__main__ |:|	[Epoch 57] Training on graph 20
INFO	__main__ |:|	[Epoch 57] Training on graph 30
INFO	__main__ |:|	[Epoch 57] Training on graph 40
INFO	__main__ |:|	[Epoch 57] Training on graph 50
INFO	__main__ |:|	[Epoch 57] Training on graph 60
INFO	__main__ |:|	[Epoch 57] Training on graph 0
INFO	__main__ |:|	[Epoch 57] Training on graph 10
INFO	__main__ |:|	[Epoch 57] Training on graph 20
INFO	__main__ |:|	[Epoch 57] Training on graph 30
INFO	__main__ |:|	[Epoch 57] Training on graph 40
INFO	__main__ |:|	[Epoch 57] Training on graph 50
INFO	__main__ |:|	[Epoch 57] took 2.83 minutes.
INFO	__main__ |:|	[Epoch 57] Train reward: -0.0070
INFO	__main__ |:|	[Epoch 58] Training on graph 0
INFO	__main__ |:|	[Epoch 58] Training on graph 10
INFO	__main__ |:|	[Epoch 58] Training on graph 20
INFO	__main__ |:|	[Epoch 58] Training on graph 30
INFO	__main__ |:|	[Epoch 58] Training on graph 40
INFO	__main__ |:|	[Epoch 58] Training on graph 50
INFO	__main__ |:|	[Epoch 58] Training on graph 60
INFO	__main__ |:|	[Epoch 58] Training on graph 0
INFO	__main__ |:|	[Epoch 58] Training on graph 10
INFO	__main__ |:|	[Epoch 58] Training on graph 20
INFO	__main__ |:|	[Epoch 58] Training on graph 30
INFO	__main__ |:|	[Epoch 58] Training on graph 40
INFO	__main__ |:|	[Epoch 58] Training on graph 50
INFO	__main__ |:|	[Epoch 58] took 2.78 minutes.
INFO	__main__ |:|	[Epoch 58] Train reward: -0.0139
INFO	__main__ |:|	[Epoch 59] Training on graph 0
INFO	__main__ |:|	[Epoch 59] Training on graph 10
INFO	__main__ |:|	[Epoch 59] Training on graph 20
INFO	__main__ |:|	[Epoch 59] Training on graph 30
INFO	__main__ |:|	[Epoch 59] Training on graph 40
INFO	__main__ |:|	[Epoch 59] Training on graph 50
INFO	__main__ |:|	[Epoch 59] Training on graph 60
INFO	__main__ |:|	[Epoch 59] Training on graph 0
INFO	__main__ |:|	[Epoch 59] Training on graph 10
INFO	__main__ |:|	[Epoch 59] Training on graph 20
INFO	__main__ |:|	[Epoch 59] Training on graph 30
INFO	__main__ |:|	[Epoch 59] Training on graph 40
INFO	__main__ |:|	[Epoch 59] Training on graph 50
INFO	__main__ |:|	[Epoch 59] took 2.80 minutes.
INFO	__main__ |:|	[Epoch 59] Train reward: 0.0208
INFO	__main__ |:|	[Epoch 60] Training on graph 0
INFO	__main__ |:|	[Epoch 60] Training on graph 10
INFO	__main__ |:|	[Epoch 60] Training on graph 20
INFO	__main__ |:|	[Epoch 60] Training on graph 30
INFO	__main__ |:|	[Epoch 60] Training on graph 40
INFO	__main__ |:|	[Epoch 60] Training on graph 50
INFO	__main__ |:|	[Epoch 60] Training on graph 60
INFO	__main__ |:|	[Epoch 60] Training on graph 0
INFO	__main__ |:|	[Epoch 60] Training on graph 10
INFO	__main__ |:|	[Epoch 60] Training on graph 20
INFO	__main__ |:|	[Epoch 60] Training on graph 30
INFO	__main__ |:|	[Epoch 60] Training on graph 40
INFO	__main__ |:|	[Epoch 60] Training on graph 50
INFO	__main__ |:|	[Epoch 60] took 2.80 minutes.
INFO	__main__ |:|	Evaluating on test set with 70 graphs...
INFO	__main__ |:|	[Epoch 60] Test evaluation took 2.19 minutes.
INFO	__main__ |:|	[Epoch 60] Train reward: -0.0091, Test reward: -0.0069 ± 0.1180
INFO	__main__ |:|	[Epoch 61] Training on graph 0
INFO	__main__ |:|	[Epoch 61] Training on graph 10
INFO	__main__ |:|	[Epoch 61] Training on graph 20
INFO	__main__ |:|	[Epoch 61] Training on graph 30
INFO	__main__ |:|	[Epoch 61] Training on graph 40
INFO	__main__ |:|	[Epoch 61] Training on graph 50
INFO	__main__ |:|	[Epoch 61] Training on graph 60
INFO	__main__ |:|	[Epoch 61] Training on graph 0
INFO	__main__ |:|	[Epoch 61] Training on graph 10
INFO	__main__ |:|	[Epoch 61] Training on graph 20
INFO	__main__ |:|	[Epoch 61] Training on graph 30
INFO	__main__ |:|	[Epoch 61] Training on graph 40
INFO	__main__ |:|	[Epoch 61] Training on graph 50
INFO	__main__ |:|	[Epoch 61] took 2.74 minutes.
INFO	__main__ |:|	[Epoch 61] Train reward: -0.0063
INFO	__main__ |:|	[Epoch 62] Training on graph 0
INFO	__main__ |:|	[Epoch 62] Training on graph 10
INFO	__main__ |:|	[Epoch 62] Training on graph 20
INFO	__main__ |:|	[Epoch 62] Training on graph 30
INFO	__main__ |:|	[Epoch 62] Training on graph 40
INFO	__main__ |:|	[Epoch 62] Training on graph 50
INFO	__main__ |:|	[Epoch 62] Training on graph 60
INFO	__main__ |:|	[Epoch 62] Training on graph 0
INFO	__main__ |:|	[Epoch 62] Training on graph 10
INFO	__main__ |:|	[Epoch 62] Training on graph 20
INFO	__main__ |:|	[Epoch 62] Training on graph 30
INFO	__main__ |:|	[Epoch 62] Training on graph 40
INFO	__main__ |:|	[Epoch 62] Training on graph 50
INFO	__main__ |:|	[Epoch 62] took 2.76 minutes.
INFO	__main__ |:|	[Epoch 62] Train reward: 0.0206
INFO	__main__ |:|	[Epoch 63] Training on graph 0
INFO	__main__ |:|	[Epoch 63] Training on graph 10
INFO	__main__ |:|	[Epoch 63] Training on graph 20
INFO	__main__ |:|	[Epoch 63] Training on graph 30
INFO	__main__ |:|	[Epoch 63] Training on graph 40
INFO	__main__ |:|	[Epoch 63] Training on graph 50
INFO	__main__ |:|	[Epoch 63] Training on graph 60
INFO	__main__ |:|	[Epoch 63] Training on graph 0
INFO	__main__ |:|	[Epoch 63] Training on graph 10
INFO	__main__ |:|	[Epoch 63] Training on graph 20
INFO	__main__ |:|	[Epoch 63] Training on graph 30
INFO	__main__ |:|	[Epoch 63] Training on graph 40
INFO	__main__ |:|	[Epoch 63] Training on graph 50
INFO	__main__ |:|	[Epoch 63] took 2.82 minutes.
INFO	__main__ |:|	[Epoch 63] Train reward: 0.0062
INFO	__main__ |:|	[Epoch 64] Training on graph 0
INFO	__main__ |:|	[Epoch 64] Training on graph 10
INFO	__main__ |:|	[Epoch 64] Training on graph 20
INFO	__main__ |:|	[Epoch 64] Training on graph 30
INFO	__main__ |:|	[Epoch 64] Training on graph 40
INFO	__main__ |:|	[Epoch 64] Training on graph 50
INFO	__main__ |:|	[Epoch 64] Training on graph 60
INFO	__main__ |:|	[Epoch 64] Training on graph 0
INFO	__main__ |:|	[Epoch 64] Training on graph 10
INFO	__main__ |:|	[Epoch 64] Training on graph 20
INFO	__main__ |:|	[Epoch 64] Training on graph 30
INFO	__main__ |:|	[Epoch 64] Training on graph 40
INFO	__main__ |:|	[Epoch 64] Training on graph 50
INFO	__main__ |:|	[Epoch 64] took 2.81 minutes.
INFO	__main__ |:|	[Epoch 64] Train reward: -0.0315
INFO	__main__ |:|	[Epoch 65] Training on graph 0
INFO	__main__ |:|	[Epoch 65] Training on graph 10
INFO	__main__ |:|	[Epoch 65] Training on graph 20
INFO	__main__ |:|	[Epoch 65] Training on graph 30
INFO	__main__ |:|	[Epoch 65] Training on graph 40
INFO	__main__ |:|	[Epoch 65] Training on graph 50
INFO	__main__ |:|	[Epoch 65] Training on graph 60
INFO	__main__ |:|	[Epoch 65] Training on graph 0
INFO	__main__ |:|	[Epoch 65] Training on graph 10
INFO	__main__ |:|	[Epoch 65] Training on graph 20
INFO	__main__ |:|	[Epoch 65] Training on graph 30
INFO	__main__ |:|	[Epoch 65] Training on graph 40
INFO	__main__ |:|	[Epoch 65] Training on graph 50
INFO	__main__ |:|	[Epoch 65] took 2.73 minutes.
INFO	__main__ |:|	Evaluating on test set with 70 graphs...
INFO	__main__ |:|	[Epoch 65] Test evaluation took 2.23 minutes.
INFO	__main__ |:|	[Epoch 65] Train reward: -0.0001, Test reward: 0.0183 ± 0.1396
INFO	__main__ |:|	[Epoch 66] Training on graph 0
INFO	__main__ |:|	[Epoch 66] Training on graph 10
INFO	__main__ |:|	[Epoch 66] Training on graph 20
INFO	__main__ |:|	[Epoch 66] Training on graph 30
INFO	__main__ |:|	[Epoch 66] Training on graph 40
INFO	__main__ |:|	[Epoch 66] Training on graph 50
INFO	__main__ |:|	[Epoch 66] Training on graph 60
INFO	__main__ |:|	[Epoch 66] Training on graph 0
INFO	__main__ |:|	[Epoch 66] Training on graph 10
INFO	__main__ |:|	[Epoch 66] Training on graph 20
INFO	__main__ |:|	[Epoch 66] Training on graph 30
INFO	__main__ |:|	[Epoch 66] Training on graph 40
INFO	__main__ |:|	[Epoch 66] Training on graph 50
INFO	__main__ |:|	[Epoch 66] took 2.82 minutes.
INFO	__main__ |:|	[Epoch 66] Train reward: -0.0030
INFO	__main__ |:|	[Epoch 67] Training on graph 0
INFO	__main__ |:|	[Epoch 67] Training on graph 10
INFO	__main__ |:|	[Epoch 67] Training on graph 20
INFO	__main__ |:|	[Epoch 67] Training on graph 30
INFO	__main__ |:|	[Epoch 67] Training on graph 40
INFO	__main__ |:|	[Epoch 67] Training on graph 50
INFO	__main__ |:|	[Epoch 67] Training on graph 60
INFO	__main__ |:|	[Epoch 67] Training on graph 0
INFO	__main__ |:|	[Epoch 67] Training on graph 10
INFO	__main__ |:|	[Epoch 67] Training on graph 20
INFO	__main__ |:|	[Epoch 67] Training on graph 30
INFO	__main__ |:|	[Epoch 67] Training on graph 40
INFO	__main__ |:|	[Epoch 67] Training on graph 50
INFO	__main__ |:|	[Epoch 67] took 2.78 minutes.
INFO	__main__ |:|	[Epoch 67] Train reward: 0.0343
INFO	__main__ |:|	[Epoch 68] Training on graph 0
INFO	__main__ |:|	[Epoch 68] Training on graph 10
INFO	__main__ |:|	[Epoch 68] Training on graph 20
INFO	__main__ |:|	[Epoch 68] Training on graph 30
INFO	__main__ |:|	[Epoch 68] Training on graph 40
INFO	__main__ |:|	[Epoch 68] Training on graph 50
INFO	__main__ |:|	[Epoch 68] Training on graph 60
INFO	__main__ |:|	[Epoch 68] Training on graph 0
INFO	__main__ |:|	[Epoch 68] Training on graph 10
INFO	__main__ |:|	[Epoch 68] Training on graph 20
INFO	__main__ |:|	[Epoch 68] Training on graph 30
INFO	__main__ |:|	[Epoch 68] Training on graph 40
INFO	__main__ |:|	[Epoch 68] Training on graph 50
INFO	__main__ |:|	[Epoch 68] took 2.80 minutes.
INFO	__main__ |:|	[Epoch 68] Train reward: 0.0004
INFO	__main__ |:|	[Epoch 69] Training on graph 0
INFO	__main__ |:|	[Epoch 69] Training on graph 10
INFO	__main__ |:|	[Epoch 69] Training on graph 20
INFO	__main__ |:|	[Epoch 69] Training on graph 30
INFO	__main__ |:|	[Epoch 69] Training on graph 40
INFO	__main__ |:|	[Epoch 69] Training on graph 50
INFO	__main__ |:|	[Epoch 69] Training on graph 60
INFO	__main__ |:|	[Epoch 69] Training on graph 0
INFO	__main__ |:|	[Epoch 69] Training on graph 10
INFO	__main__ |:|	[Epoch 69] Training on graph 20
INFO	__main__ |:|	[Epoch 69] Training on graph 30
INFO	__main__ |:|	[Epoch 69] Training on graph 40
INFO	__main__ |:|	[Epoch 69] Training on graph 50
INFO	__main__ |:|	[Epoch 69] took 2.81 minutes.
INFO	__main__ |:|	[Epoch 69] Train reward: 0.0024
INFO	__main__ |:|	[Epoch 70] Training on graph 0
INFO	__main__ |:|	[Epoch 70] Training on graph 10
INFO	__main__ |:|	[Epoch 70] Training on graph 20
INFO	__main__ |:|	[Epoch 70] Training on graph 30
INFO	__main__ |:|	[Epoch 70] Training on graph 40
INFO	__main__ |:|	[Epoch 70] Training on graph 50
INFO	__main__ |:|	[Epoch 70] Training on graph 60
INFO	__main__ |:|	[Epoch 70] Training on graph 0
INFO	__main__ |:|	[Epoch 70] Training on graph 10
INFO	__main__ |:|	[Epoch 70] Training on graph 20
INFO	__main__ |:|	[Epoch 70] Training on graph 30
INFO	__main__ |:|	[Epoch 70] Training on graph 40
INFO	__main__ |:|	[Epoch 70] Training on graph 50
INFO	__main__ |:|	[Epoch 70] took 2.61 minutes.
INFO	__main__ |:|	Evaluating on test set with 70 graphs...
INFO	__main__ |:|	[Epoch 70] Test evaluation took 2.23 minutes.
INFO	__main__ |:|	[Epoch 70] Train reward: -0.0220, Test reward: 0.0329 ± 0.1509
INFO	__main__ |:|	[Epoch 71] Training on graph 0
INFO	__main__ |:|	[Epoch 71] Training on graph 10
INFO	__main__ |:|	[Epoch 71] Training on graph 20
INFO	__main__ |:|	[Epoch 71] Training on graph 30
INFO	__main__ |:|	[Epoch 71] Training on graph 40
INFO	__main__ |:|	[Epoch 71] Training on graph 50
INFO	__main__ |:|	[Epoch 71] Training on graph 60
INFO	__main__ |:|	[Epoch 71] Training on graph 0
INFO	__main__ |:|	[Epoch 71] Training on graph 10
INFO	__main__ |:|	[Epoch 71] Training on graph 20
INFO	__main__ |:|	[Epoch 71] Training on graph 30
INFO	__main__ |:|	[Epoch 71] Training on graph 40
INFO	__main__ |:|	[Epoch 71] Training on graph 50
INFO	__main__ |:|	[Epoch 71] took 2.80 minutes.
INFO	__main__ |:|	[Epoch 71] Train reward: -0.0125
INFO	__main__ |:|	[Epoch 72] Training on graph 0
INFO	__main__ |:|	[Epoch 72] Training on graph 10
INFO	__main__ |:|	[Epoch 72] Training on graph 20
INFO	__main__ |:|	[Epoch 72] Training on graph 30
INFO	__main__ |:|	[Epoch 72] Training on graph 40
INFO	__main__ |:|	[Epoch 72] Training on graph 50
INFO	__main__ |:|	[Epoch 72] Training on graph 60
INFO	__main__ |:|	[Epoch 72] Training on graph 0
INFO	__main__ |:|	[Epoch 72] Training on graph 10
INFO	__main__ |:|	[Epoch 72] Training on graph 20
INFO	__main__ |:|	[Epoch 72] Training on graph 30
INFO	__main__ |:|	[Epoch 72] Training on graph 40
INFO	__main__ |:|	[Epoch 72] Training on graph 50
INFO	__main__ |:|	[Epoch 72] took 2.85 minutes.
INFO	__main__ |:|	[Epoch 72] Train reward: 0.0316
INFO	__main__ |:|	[Epoch 73] Training on graph 0
INFO	__main__ |:|	[Epoch 73] Training on graph 10
INFO	__main__ |:|	[Epoch 73] Training on graph 20
INFO	__main__ |:|	[Epoch 73] Training on graph 30
INFO	__main__ |:|	[Epoch 73] Training on graph 40
INFO	__main__ |:|	[Epoch 73] Training on graph 50
INFO	__main__ |:|	[Epoch 73] Training on graph 60
INFO	__main__ |:|	[Epoch 73] Training on graph 0
INFO	__main__ |:|	[Epoch 73] Training on graph 10
INFO	__main__ |:|	[Epoch 73] Training on graph 20
INFO	__main__ |:|	[Epoch 73] Training on graph 30
INFO	__main__ |:|	[Epoch 73] Training on graph 40
INFO	__main__ |:|	[Epoch 73] Training on graph 50
INFO	__main__ |:|	[Epoch 73] took 2.78 minutes.
INFO	__main__ |:|	[Epoch 73] Train reward: -0.0231
INFO	__main__ |:|	[Epoch 74] Training on graph 0
INFO	__main__ |:|	[Epoch 74] Training on graph 10
INFO	__main__ |:|	[Epoch 74] Training on graph 20
INFO	__main__ |:|	[Epoch 74] Training on graph 30
INFO	__main__ |:|	[Epoch 74] Training on graph 40
INFO	__main__ |:|	[Epoch 74] Training on graph 50
INFO	__main__ |:|	[Epoch 74] Training on graph 60
INFO	__main__ |:|	[Epoch 74] Training on graph 0
INFO	__main__ |:|	[Epoch 74] Training on graph 10
INFO	__main__ |:|	[Epoch 74] Training on graph 20
INFO	__main__ |:|	[Epoch 74] Training on graph 30
INFO	__main__ |:|	[Epoch 74] Training on graph 40
INFO	__main__ |:|	[Epoch 74] Training on graph 50
INFO	__main__ |:|	[Epoch 74] took 2.84 minutes.
INFO	__main__ |:|	[Epoch 74] Train reward: 0.0080
INFO	__main__ |:|	[Epoch 75] Training on graph 0
INFO	__main__ |:|	[Epoch 75] Training on graph 10
INFO	__main__ |:|	[Epoch 75] Training on graph 20
INFO	__main__ |:|	[Epoch 75] Training on graph 30
INFO	__main__ |:|	[Epoch 75] Training on graph 40
INFO	__main__ |:|	[Epoch 75] Training on graph 50
INFO	__main__ |:|	[Epoch 75] Training on graph 60
INFO	__main__ |:|	[Epoch 75] Training on graph 0
INFO	__main__ |:|	[Epoch 75] Training on graph 10
INFO	__main__ |:|	[Epoch 75] Training on graph 20
INFO	__main__ |:|	[Epoch 75] Training on graph 30
INFO	__main__ |:|	[Epoch 75] Training on graph 40
INFO	__main__ |:|	[Epoch 75] Training on graph 50
INFO	__main__ |:|	[Epoch 75] took 2.63 minutes.
INFO	__main__ |:|	Evaluating on test set with 70 graphs...
INFO	__main__ |:|	[Epoch 75] Test evaluation took 3.08 minutes.
INFO	__main__ |:|	[Epoch 75] Train reward: -0.0242, Test reward: 0.0288 ± 0.1227
INFO	__main__ |:|	[Epoch 76] Training on graph 0
INFO	__main__ |:|	[Epoch 76] Training on graph 10
INFO	__main__ |:|	[Epoch 76] Training on graph 20
INFO	__main__ |:|	[Epoch 76] Training on graph 30
INFO	__main__ |:|	[Epoch 76] Training on graph 40
INFO	__main__ |:|	[Epoch 76] Training on graph 50
INFO	__main__ |:|	[Epoch 76] Training on graph 60
INFO	__main__ |:|	[Epoch 76] Training on graph 0
INFO	__main__ |:|	[Epoch 76] Training on graph 10
INFO	__main__ |:|	[Epoch 76] Training on graph 20
INFO	__main__ |:|	[Epoch 76] Training on graph 30
INFO	__main__ |:|	[Epoch 76] Training on graph 40
INFO	__main__ |:|	[Epoch 76] Training on graph 50
INFO	__main__ |:|	[Epoch 76] took 2.79 minutes.
INFO	__main__ |:|	[Epoch 76] Train reward: -0.0033
INFO	__main__ |:|	[Epoch 77] Training on graph 0
INFO	__main__ |:|	[Epoch 77] Training on graph 10
INFO	__main__ |:|	[Epoch 77] Training on graph 20
INFO	__main__ |:|	[Epoch 77] Training on graph 30
INFO	__main__ |:|	[Epoch 77] Training on graph 40
INFO	__main__ |:|	[Epoch 77] Training on graph 50
INFO	__main__ |:|	[Epoch 77] Training on graph 60
INFO	__main__ |:|	[Epoch 77] Training on graph 0
INFO	__main__ |:|	[Epoch 77] Training on graph 10
INFO	__main__ |:|	[Epoch 77] Training on graph 20
INFO	__main__ |:|	[Epoch 77] Training on graph 30
INFO	__main__ |:|	[Epoch 77] Training on graph 40
INFO	__main__ |:|	[Epoch 77] Training on graph 50
INFO	__main__ |:|	[Epoch 77] took 2.83 minutes.
INFO	__main__ |:|	[Epoch 77] Train reward: -0.0107
INFO	__main__ |:|	[Epoch 78] Training on graph 0
INFO	__main__ |:|	[Epoch 78] Training on graph 10
INFO	__main__ |:|	[Epoch 78] Training on graph 20
INFO	__main__ |:|	[Epoch 78] Training on graph 30
INFO	__main__ |:|	[Epoch 78] Training on graph 40
INFO	__main__ |:|	[Epoch 78] Training on graph 50
INFO	__main__ |:|	[Epoch 78] Training on graph 60
INFO	__main__ |:|	[Epoch 78] Training on graph 0
INFO	__main__ |:|	[Epoch 78] Training on graph 10
INFO	__main__ |:|	[Epoch 78] Training on graph 20
INFO	__main__ |:|	[Epoch 78] Training on graph 30
INFO	__main__ |:|	[Epoch 78] Training on graph 40
INFO	__main__ |:|	[Epoch 78] Training on graph 50
INFO	__main__ |:|	[Epoch 78] took 2.83 minutes.
INFO	__main__ |:|	[Epoch 78] Train reward: -0.0143
INFO	__main__ |:|	[Epoch 79] Training on graph 0
INFO	__main__ |:|	[Epoch 79] Training on graph 10
INFO	__main__ |:|	[Epoch 79] Training on graph 20
INFO	__main__ |:|	[Epoch 79] Training on graph 30
INFO	__main__ |:|	[Epoch 79] Training on graph 40
INFO	__main__ |:|	[Epoch 79] Training on graph 50
INFO	__main__ |:|	[Epoch 79] Training on graph 60
INFO	__main__ |:|	[Epoch 79] Training on graph 0
INFO	__main__ |:|	[Epoch 79] Training on graph 10
INFO	__main__ |:|	[Epoch 79] Training on graph 20
INFO	__main__ |:|	[Epoch 79] Training on graph 30
INFO	__main__ |:|	[Epoch 79] Training on graph 40
INFO	__main__ |:|	[Epoch 79] Training on graph 50
INFO	__main__ |:|	[Epoch 79] took 2.81 minutes.
INFO	__main__ |:|	[Epoch 79] Train reward: 0.0439
INFO	__main__ |:|	[Epoch 80] Training on graph 0
INFO	__main__ |:|	[Epoch 80] Training on graph 10
INFO	__main__ |:|	[Epoch 80] Training on graph 20
INFO	__main__ |:|	[Epoch 80] Training on graph 30
INFO	__main__ |:|	[Epoch 80] Training on graph 40
INFO	__main__ |:|	[Epoch 80] Training on graph 50
INFO	__main__ |:|	[Epoch 80] Training on graph 60
INFO	__main__ |:|	[Epoch 80] Training on graph 0
INFO	__main__ |:|	[Epoch 80] Training on graph 10
INFO	__main__ |:|	[Epoch 80] Training on graph 20
INFO	__main__ |:|	[Epoch 80] Training on graph 30
INFO	__main__ |:|	[Epoch 80] Training on graph 40
INFO	__main__ |:|	[Epoch 80] Training on graph 50
INFO	__main__ |:|	[Epoch 80] took 2.56 minutes.
INFO	__main__ |:|	Evaluating on test set with 70 graphs...
INFO	__main__ |:|	[Epoch 80] Test evaluation took 2.20 minutes.
INFO	__main__ |:|	[Epoch 80] Train reward: -0.0075, Test reward: 0.0009 ± 0.1101
INFO	__main__ |:|	[Epoch 81] Training on graph 0
INFO	__main__ |:|	[Epoch 81] Training on graph 10
INFO	__main__ |:|	[Epoch 81] Training on graph 20
INFO	__main__ |:|	[Epoch 81] Training on graph 30
INFO	__main__ |:|	[Epoch 81] Training on graph 40
INFO	__main__ |:|	[Epoch 81] Training on graph 50
INFO	__main__ |:|	[Epoch 81] Training on graph 60
INFO	__main__ |:|	[Epoch 81] Training on graph 0
INFO	__main__ |:|	[Epoch 81] Training on graph 10
INFO	__main__ |:|	[Epoch 81] Training on graph 20
INFO	__main__ |:|	[Epoch 81] Training on graph 30
INFO	__main__ |:|	[Epoch 81] Training on graph 40
INFO	__main__ |:|	[Epoch 81] Training on graph 50
INFO	__main__ |:|	[Epoch 81] took 2.81 minutes.
INFO	__main__ |:|	[Epoch 81] Train reward: -0.0078
INFO	__main__ |:|	[Epoch 82] Training on graph 0
INFO	__main__ |:|	[Epoch 82] Training on graph 10
INFO	__main__ |:|	[Epoch 82] Training on graph 20
INFO	__main__ |:|	[Epoch 82] Training on graph 30
INFO	__main__ |:|	[Epoch 82] Training on graph 40
INFO	__main__ |:|	[Epoch 82] Training on graph 50
INFO	__main__ |:|	[Epoch 82] Training on graph 60
INFO	__main__ |:|	[Epoch 82] Training on graph 0
INFO	__main__ |:|	[Epoch 82] Training on graph 10
INFO	__main__ |:|	[Epoch 82] Training on graph 20
INFO	__main__ |:|	[Epoch 82] Training on graph 30
INFO	__main__ |:|	[Epoch 82] Training on graph 40
INFO	__main__ |:|	[Epoch 82] Training on graph 50
INFO	__main__ |:|	[Epoch 82] took 2.86 minutes.
INFO	__main__ |:|	[Epoch 82] Train reward: 0.0249
INFO	__main__ |:|	[Epoch 83] Training on graph 0
INFO	__main__ |:|	[Epoch 83] Training on graph 10
INFO	__main__ |:|	[Epoch 83] Training on graph 20
INFO	__main__ |:|	[Epoch 83] Training on graph 30
INFO	__main__ |:|	[Epoch 83] Training on graph 40
INFO	__main__ |:|	[Epoch 83] Training on graph 50
INFO	__main__ |:|	[Epoch 83] Training on graph 60
INFO	__main__ |:|	[Epoch 83] Training on graph 0
INFO	__main__ |:|	[Epoch 83] Training on graph 10
INFO	__main__ |:|	[Epoch 83] Training on graph 20
INFO	__main__ |:|	[Epoch 83] Training on graph 30
INFO	__main__ |:|	[Epoch 83] Training on graph 40
INFO	__main__ |:|	[Epoch 83] Training on graph 50
INFO	__main__ |:|	[Epoch 83] took 2.84 minutes.
INFO	__main__ |:|	[Epoch 83] Train reward: -0.0093
INFO	__main__ |:|	[Epoch 84] Training on graph 0
INFO	__main__ |:|	[Epoch 84] Training on graph 10
INFO	__main__ |:|	[Epoch 84] Training on graph 20
INFO	__main__ |:|	[Epoch 84] Training on graph 30
INFO	__main__ |:|	[Epoch 84] Training on graph 40
INFO	__main__ |:|	[Epoch 84] Training on graph 50
INFO	__main__ |:|	[Epoch 84] Training on graph 60
INFO	__main__ |:|	[Epoch 84] Training on graph 0
INFO	__main__ |:|	[Epoch 84] Training on graph 10
INFO	__main__ |:|	[Epoch 84] Training on graph 20
INFO	__main__ |:|	[Epoch 84] Training on graph 30
INFO	__main__ |:|	[Epoch 84] Training on graph 40
INFO	__main__ |:|	[Epoch 84] Training on graph 50
INFO	__main__ |:|	[Epoch 84] took 2.73 minutes.
INFO	__main__ |:|	[Epoch 84] Train reward: 0.0336
INFO	__main__ |:|	[Epoch 85] Training on graph 0
INFO	__main__ |:|	[Epoch 85] Training on graph 10
INFO	__main__ |:|	[Epoch 85] Training on graph 20
INFO	__main__ |:|	[Epoch 85] Training on graph 30
INFO	__main__ |:|	[Epoch 85] Training on graph 40
INFO	__main__ |:|	[Epoch 85] Training on graph 50
INFO	__main__ |:|	[Epoch 85] Training on graph 60
INFO	__main__ |:|	[Epoch 85] Training on graph 0
INFO	__main__ |:|	[Epoch 85] Training on graph 10
INFO	__main__ |:|	[Epoch 85] Training on graph 20
INFO	__main__ |:|	[Epoch 85] Training on graph 30
INFO	__main__ |:|	[Epoch 85] Training on graph 40
INFO	__main__ |:|	[Epoch 85] Training on graph 50
INFO	__main__ |:|	[Epoch 85] took 2.70 minutes.
INFO	__main__ |:|	Evaluating on test set with 70 graphs...
INFO	__main__ |:|	[Epoch 85] Test evaluation took 1.97 minutes.
INFO	__main__ |:|	[Epoch 85] Train reward: -0.0149, Test reward: 0.0141 ± 0.1244
INFO	__main__ |:|	[Epoch 86] Training on graph 0
INFO	__main__ |:|	[Epoch 86] Training on graph 10
INFO	__main__ |:|	[Epoch 86] Training on graph 20
INFO	__main__ |:|	[Epoch 86] Training on graph 30
INFO	__main__ |:|	[Epoch 86] Training on graph 40
INFO	__main__ |:|	[Epoch 86] Training on graph 50
INFO	__main__ |:|	[Epoch 86] Training on graph 60
INFO	__main__ |:|	[Epoch 86] Training on graph 0
INFO	__main__ |:|	[Epoch 86] Training on graph 10
INFO	__main__ |:|	[Epoch 86] Training on graph 20
INFO	__main__ |:|	[Epoch 86] Training on graph 30
INFO	__main__ |:|	[Epoch 86] Training on graph 40
INFO	__main__ |:|	[Epoch 86] Training on graph 50
INFO	__main__ |:|	[Epoch 86] took 2.84 minutes.
INFO	__main__ |:|	[Epoch 86] Train reward: -0.0133
INFO	__main__ |:|	[Epoch 87] Training on graph 0
INFO	__main__ |:|	[Epoch 87] Training on graph 10
INFO	__main__ |:|	[Epoch 87] Training on graph 20
INFO	__main__ |:|	[Epoch 87] Training on graph 30
INFO	__main__ |:|	[Epoch 87] Training on graph 40
INFO	__main__ |:|	[Epoch 87] Training on graph 50
INFO	__main__ |:|	[Epoch 87] Training on graph 60
INFO	__main__ |:|	[Epoch 87] Training on graph 0
INFO	__main__ |:|	[Epoch 87] Training on graph 10
INFO	__main__ |:|	[Epoch 87] Training on graph 20
INFO	__main__ |:|	[Epoch 87] Training on graph 30
INFO	__main__ |:|	[Epoch 87] Training on graph 40
INFO	__main__ |:|	[Epoch 87] Training on graph 50
INFO	__main__ |:|	[Epoch 87] took 2.79 minutes.
INFO	__main__ |:|	[Epoch 87] Train reward: -0.0276
INFO	__main__ |:|	[Epoch 88] Training on graph 0
INFO	__main__ |:|	[Epoch 88] Training on graph 10
INFO	__main__ |:|	[Epoch 88] Training on graph 20
INFO	__main__ |:|	[Epoch 88] Training on graph 30
INFO	__main__ |:|	[Epoch 88] Training on graph 40
INFO	__main__ |:|	[Epoch 88] Training on graph 50
INFO	__main__ |:|	[Epoch 88] Training on graph 60
INFO	__main__ |:|	[Epoch 88] Training on graph 0
INFO	__main__ |:|	[Epoch 88] Training on graph 10
INFO	__main__ |:|	[Epoch 88] Training on graph 20
INFO	__main__ |:|	[Epoch 88] Training on graph 30
INFO	__main__ |:|	[Epoch 88] Training on graph 40
INFO	__main__ |:|	[Epoch 88] Training on graph 50
INFO	__main__ |:|	[Epoch 88] took 2.86 minutes.
INFO	__main__ |:|	[Epoch 88] Train reward: -0.0166
INFO	__main__ |:|	[Epoch 89] Training on graph 0
INFO	__main__ |:|	[Epoch 89] Training on graph 10
INFO	__main__ |:|	[Epoch 89] Training on graph 20
INFO	__main__ |:|	[Epoch 89] Training on graph 30
INFO	__main__ |:|	[Epoch 89] Training on graph 40
INFO	__main__ |:|	[Epoch 89] Training on graph 50
INFO	__main__ |:|	[Epoch 89] Training on graph 60
INFO	__main__ |:|	[Epoch 89] Training on graph 0
INFO	__main__ |:|	[Epoch 89] Training on graph 10
INFO	__main__ |:|	[Epoch 89] Training on graph 20
INFO	__main__ |:|	[Epoch 89] Training on graph 30
INFO	__main__ |:|	[Epoch 89] Training on graph 40
INFO	__main__ |:|	[Epoch 89] Training on graph 50
INFO	__main__ |:|	[Epoch 89] took 2.70 minutes.
INFO	__main__ |:|	[Epoch 89] Train reward: -0.0329
INFO	__main__ |:|	[Epoch 90] Training on graph 0
INFO	__main__ |:|	[Epoch 90] Training on graph 10
INFO	__main__ |:|	[Epoch 90] Training on graph 20
INFO	__main__ |:|	[Epoch 90] Training on graph 30
INFO	__main__ |:|	[Epoch 90] Training on graph 40
INFO	__main__ |:|	[Epoch 90] Training on graph 50
INFO	__main__ |:|	[Epoch 90] Training on graph 60
INFO	__main__ |:|	[Epoch 90] Training on graph 0
INFO	__main__ |:|	[Epoch 90] Training on graph 10
INFO	__main__ |:|	[Epoch 90] Training on graph 20
INFO	__main__ |:|	[Epoch 90] Training on graph 30
INFO	__main__ |:|	[Epoch 90] Training on graph 40
INFO	__main__ |:|	[Epoch 90] Training on graph 50
INFO	__main__ |:|	[Epoch 90] took 2.73 minutes.
INFO	__main__ |:|	Evaluating on test set with 70 graphs...
INFO	__main__ |:|	[Epoch 90] Test evaluation took 1.84 minutes.
INFO	__main__ |:|	[Epoch 90] Train reward: -0.0118, Test reward: 0.0149 ± 0.1378
INFO	__main__ |:|	[Epoch 91] Training on graph 0
INFO	__main__ |:|	[Epoch 91] Training on graph 10
INFO	__main__ |:|	[Epoch 91] Training on graph 20
INFO	__main__ |:|	[Epoch 91] Training on graph 30
INFO	__main__ |:|	[Epoch 91] Training on graph 40
INFO	__main__ |:|	[Epoch 91] Training on graph 50
INFO	__main__ |:|	[Epoch 91] Training on graph 60
INFO	__main__ |:|	[Epoch 91] Training on graph 0
INFO	__main__ |:|	[Epoch 91] Training on graph 10
INFO	__main__ |:|	[Epoch 91] Training on graph 20
INFO	__main__ |:|	[Epoch 91] Training on graph 30
INFO	__main__ |:|	[Epoch 91] Training on graph 40
INFO	__main__ |:|	[Epoch 91] Training on graph 50
INFO	__main__ |:|	[Epoch 91] took 2.82 minutes.
INFO	__main__ |:|	[Epoch 91] Train reward: -0.0149
INFO	__main__ |:|	[Epoch 92] Training on graph 0
INFO	__main__ |:|	[Epoch 92] Training on graph 10
INFO	__main__ |:|	[Epoch 92] Training on graph 20
INFO	__main__ |:|	[Epoch 92] Training on graph 30
INFO	__main__ |:|	[Epoch 92] Training on graph 40
INFO	__main__ |:|	[Epoch 92] Training on graph 50
INFO	__main__ |:|	[Epoch 92] Training on graph 60
INFO	__main__ |:|	[Epoch 92] Training on graph 0
INFO	__main__ |:|	[Epoch 92] Training on graph 10
INFO	__main__ |:|	[Epoch 92] Training on graph 20
INFO	__main__ |:|	[Epoch 92] Training on graph 30
INFO	__main__ |:|	[Epoch 92] Training on graph 40
INFO	__main__ |:|	[Epoch 92] Training on graph 50
INFO	__main__ |:|	[Epoch 92] took 2.87 minutes.
INFO	__main__ |:|	[Epoch 92] Train reward: 0.0008
INFO	__main__ |:|	[Epoch 93] Training on graph 0
INFO	__main__ |:|	[Epoch 93] Training on graph 10
INFO	__main__ |:|	[Epoch 93] Training on graph 20
INFO	__main__ |:|	[Epoch 93] Training on graph 30
INFO	__main__ |:|	[Epoch 93] Training on graph 40
INFO	__main__ |:|	[Epoch 93] Training on graph 50
INFO	__main__ |:|	[Epoch 93] Training on graph 60
INFO	__main__ |:|	[Epoch 93] Training on graph 0
INFO	__main__ |:|	[Epoch 93] Training on graph 10
INFO	__main__ |:|	[Epoch 93] Training on graph 20
INFO	__main__ |:|	[Epoch 93] Training on graph 30
INFO	__main__ |:|	[Epoch 93] Training on graph 40
INFO	__main__ |:|	[Epoch 93] Training on graph 50
INFO	__main__ |:|	[Epoch 93] took 2.85 minutes.
INFO	__main__ |:|	[Epoch 93] Train reward: 0.0084
INFO	__main__ |:|	[Epoch 94] Training on graph 0
INFO	__main__ |:|	[Epoch 94] Training on graph 10
INFO	__main__ |:|	[Epoch 94] Training on graph 20
INFO	__main__ |:|	[Epoch 94] Training on graph 30
INFO	__main__ |:|	[Epoch 94] Training on graph 40
INFO	__main__ |:|	[Epoch 94] Training on graph 50
INFO	__main__ |:|	[Epoch 94] Training on graph 60
INFO	__main__ |:|	[Epoch 94] Training on graph 0
INFO	__main__ |:|	[Epoch 94] Training on graph 10
INFO	__main__ |:|	[Epoch 94] Training on graph 20
INFO	__main__ |:|	[Epoch 94] Training on graph 30
INFO	__main__ |:|	[Epoch 94] Training on graph 40
INFO	__main__ |:|	[Epoch 94] Training on graph 50
INFO	__main__ |:|	[Epoch 94] took 2.64 minutes.
INFO	__main__ |:|	[Epoch 94] Train reward: 0.0491
INFO	__main__ |:|	[Epoch 95] Training on graph 0
INFO	__main__ |:|	[Epoch 95] Training on graph 10
INFO	__main__ |:|	[Epoch 95] Training on graph 20
INFO	__main__ |:|	[Epoch 95] Training on graph 30
INFO	__main__ |:|	[Epoch 95] Training on graph 40
INFO	__main__ |:|	[Epoch 95] Training on graph 50
INFO	__main__ |:|	[Epoch 95] Training on graph 60
INFO	__main__ |:|	[Epoch 95] Training on graph 0
INFO	__main__ |:|	[Epoch 95] Training on graph 10
INFO	__main__ |:|	[Epoch 95] Training on graph 20
INFO	__main__ |:|	[Epoch 95] Training on graph 30
INFO	__main__ |:|	[Epoch 95] Training on graph 40
INFO	__main__ |:|	[Epoch 95] Training on graph 50
INFO	__main__ |:|	[Epoch 95] took 2.74 minutes.
INFO	__main__ |:|	Evaluating on test set with 70 graphs...
INFO	__main__ |:|	[Epoch 95] Test evaluation took 2.29 minutes.
INFO	__main__ |:|	[Epoch 95] Train reward: -0.0154, Test reward: -0.0017 ± 0.1146
INFO	__main__ |:|	[Epoch 96] Training on graph 0
INFO	__main__ |:|	[Epoch 96] Training on graph 10
INFO	__main__ |:|	[Epoch 96] Training on graph 20
INFO	__main__ |:|	[Epoch 96] Training on graph 30
INFO	__main__ |:|	[Epoch 96] Training on graph 40
INFO	__main__ |:|	[Epoch 96] Training on graph 50
INFO	__main__ |:|	[Epoch 96] Training on graph 60
INFO	__main__ |:|	[Epoch 96] Training on graph 0
INFO	__main__ |:|	[Epoch 96] Training on graph 10
INFO	__main__ |:|	[Epoch 96] Training on graph 20
INFO	__main__ |:|	[Epoch 96] Training on graph 30
INFO	__main__ |:|	[Epoch 96] Training on graph 40
INFO	__main__ |:|	[Epoch 96] Training on graph 50
INFO	__main__ |:|	[Epoch 96] took 2.78 minutes.
INFO	__main__ |:|	[Epoch 96] Train reward: 0.0171
INFO	__main__ |:|	[Epoch 97] Training on graph 0
INFO	__main__ |:|	[Epoch 97] Training on graph 10
INFO	__main__ |:|	[Epoch 97] Training on graph 20
INFO	__main__ |:|	[Epoch 97] Training on graph 30
INFO	__main__ |:|	[Epoch 97] Training on graph 40
INFO	__main__ |:|	[Epoch 97] Training on graph 50
INFO	__main__ |:|	[Epoch 97] Training on graph 60
INFO	__main__ |:|	[Epoch 97] Training on graph 0
INFO	__main__ |:|	[Epoch 97] Training on graph 10
INFO	__main__ |:|	[Epoch 97] Training on graph 20
INFO	__main__ |:|	[Epoch 97] Training on graph 30
INFO	__main__ |:|	[Epoch 97] Training on graph 40
INFO	__main__ |:|	[Epoch 97] Training on graph 50
INFO	__main__ |:|	[Epoch 97] took 2.86 minutes.
INFO	__main__ |:|	[Epoch 97] Train reward: 0.0620
INFO	__main__ |:|	[Epoch 98] Training on graph 0
INFO	__main__ |:|	[Epoch 98] Training on graph 10
INFO	__main__ |:|	[Epoch 98] Training on graph 20
INFO	__main__ |:|	[Epoch 98] Training on graph 30
INFO	__main__ |:|	[Epoch 98] Training on graph 40
INFO	__main__ |:|	[Epoch 98] Training on graph 50
INFO	__main__ |:|	[Epoch 98] Training on graph 60
INFO	__main__ |:|	[Epoch 98] Training on graph 0
INFO	__main__ |:|	[Epoch 98] Training on graph 10
INFO	__main__ |:|	[Epoch 98] Training on graph 20
INFO	__main__ |:|	[Epoch 98] Training on graph 30
INFO	__main__ |:|	[Epoch 98] Training on graph 40
INFO	__main__ |:|	[Epoch 98] Training on graph 50
INFO	__main__ |:|	[Epoch 98] took 2.73 minutes.
INFO	__main__ |:|	[Epoch 98] Train reward: -0.0078
INFO	__main__ |:|	[Epoch 99] Training on graph 0
INFO	__main__ |:|	[Epoch 99] Training on graph 10
INFO	__main__ |:|	[Epoch 99] Training on graph 20
INFO	__main__ |:|	[Epoch 99] Training on graph 30
INFO	__main__ |:|	[Epoch 99] Training on graph 40
INFO	__main__ |:|	[Epoch 99] Training on graph 50
INFO	__main__ |:|	[Epoch 99] Training on graph 60
INFO	__main__ |:|	[Epoch 99] Training on graph 0
INFO	__main__ |:|	[Epoch 99] Training on graph 10
INFO	__main__ |:|	[Epoch 99] Training on graph 20
INFO	__main__ |:|	[Epoch 99] Training on graph 30
INFO	__main__ |:|	[Epoch 99] Training on graph 40
INFO	__main__ |:|	[Epoch 99] Training on graph 50
INFO	__main__ |:|	[Epoch 99] took 2.73 minutes.
INFO	__main__ |:|	[Epoch 99] Train reward: 0.0052
INFO	__main__ |:|	[Epoch 100] Training on graph 0
INFO	__main__ |:|	[Epoch 100] Training on graph 10
INFO	__main__ |:|	[Epoch 100] Training on graph 20
INFO	__main__ |:|	[Epoch 100] Training on graph 30
INFO	__main__ |:|	[Epoch 100] Training on graph 40
INFO	__main__ |:|	[Epoch 100] Training on graph 50
INFO	__main__ |:|	[Epoch 100] Training on graph 60
INFO	__main__ |:|	[Epoch 100] Training on graph 0
INFO	__main__ |:|	[Epoch 100] Training on graph 10
INFO	__main__ |:|	[Epoch 100] Training on graph 20
INFO	__main__ |:|	[Epoch 100] Training on graph 30
INFO	__main__ |:|	[Epoch 100] Training on graph 40
INFO	__main__ |:|	[Epoch 100] Training on graph 50
INFO	__main__ |:|	[Epoch 100] took 2.81 minutes.
INFO	__main__ |:|	Evaluating on test set with 70 graphs...
INFO	__main__ |:|	[Epoch 100] Test evaluation took 2.19 minutes.
INFO	__main__ |:|	[Epoch 100] Train reward: 0.0197, Test reward: 0.0080 ± 0.1153
INFO	__main__ |:|	[Epoch 101] Training on graph 0
INFO	__main__ |:|	[Epoch 101] Training on graph 10
INFO	__main__ |:|	[Epoch 101] Training on graph 20
INFO	__main__ |:|	[Epoch 101] Training on graph 30
INFO	__main__ |:|	[Epoch 101] Training on graph 40
INFO	__main__ |:|	[Epoch 101] Training on graph 50
INFO	__main__ |:|	[Epoch 101] Training on graph 60
INFO	__main__ |:|	[Epoch 101] Training on graph 0
INFO	__main__ |:|	[Epoch 101] Training on graph 10
INFO	__main__ |:|	[Epoch 101] Training on graph 20
INFO	__main__ |:|	[Epoch 101] Training on graph 30
INFO	__main__ |:|	[Epoch 101] Training on graph 40
INFO	__main__ |:|	[Epoch 101] Training on graph 50
INFO	__main__ |:|	[Epoch 101] took 2.84 minutes.
INFO	__main__ |:|	[Epoch 101] Train reward: -0.0125
INFO	__main__ |:|	[Epoch 102] Training on graph 0
INFO	__main__ |:|	[Epoch 102] Training on graph 10
INFO	__main__ |:|	[Epoch 102] Training on graph 20
INFO	__main__ |:|	[Epoch 102] Training on graph 30
INFO	__main__ |:|	[Epoch 102] Training on graph 40
INFO	__main__ |:|	[Epoch 102] Training on graph 50
INFO	__main__ |:|	[Epoch 102] Training on graph 60
INFO	__main__ |:|	[Epoch 102] Training on graph 0
INFO	__main__ |:|	[Epoch 102] Training on graph 10
INFO	__main__ |:|	[Epoch 102] Training on graph 20
INFO	__main__ |:|	[Epoch 102] Training on graph 30
INFO	__main__ |:|	[Epoch 102] Training on graph 40
INFO	__main__ |:|	[Epoch 102] Training on graph 50
INFO	__main__ |:|	[Epoch 102] took 2.80 minutes.
INFO	__main__ |:|	[Epoch 102] Train reward: 0.0215
INFO	__main__ |:|	[Epoch 103] Training on graph 0
INFO	__main__ |:|	[Epoch 103] Training on graph 10
INFO	__main__ |:|	[Epoch 103] Training on graph 20
INFO	__main__ |:|	[Epoch 103] Training on graph 30
INFO	__main__ |:|	[Epoch 103] Training on graph 40
INFO	__main__ |:|	[Epoch 103] Training on graph 50
INFO	__main__ |:|	[Epoch 103] Training on graph 60
INFO	__main__ |:|	[Epoch 103] Training on graph 0
INFO	__main__ |:|	[Epoch 103] Training on graph 10
INFO	__main__ |:|	[Epoch 103] Training on graph 20
INFO	__main__ |:|	[Epoch 103] Training on graph 30
INFO	__main__ |:|	[Epoch 103] Training on graph 40
INFO	__main__ |:|	[Epoch 103] Training on graph 50
INFO	__main__ |:|	[Epoch 103] took 2.74 minutes.
INFO	__main__ |:|	[Epoch 103] Train reward: -0.0083
INFO	__main__ |:|	[Epoch 104] Training on graph 0
INFO	__main__ |:|	[Epoch 104] Training on graph 10
INFO	__main__ |:|	[Epoch 104] Training on graph 20
INFO	__main__ |:|	[Epoch 104] Training on graph 30
INFO	__main__ |:|	[Epoch 104] Training on graph 40
INFO	__main__ |:|	[Epoch 104] Training on graph 50
INFO	__main__ |:|	[Epoch 104] Training on graph 60
INFO	__main__ |:|	[Epoch 104] Training on graph 0
INFO	__main__ |:|	[Epoch 104] Training on graph 10
INFO	__main__ |:|	[Epoch 104] Training on graph 20
INFO	__main__ |:|	[Epoch 104] Training on graph 30
INFO	__main__ |:|	[Epoch 104] Training on graph 40
INFO	__main__ |:|	[Epoch 104] Training on graph 50
INFO	__main__ |:|	[Epoch 104] took 2.80 minutes.
INFO	__main__ |:|	[Epoch 104] Train reward: 0.0237
INFO	__main__ |:|	[Epoch 105] Training on graph 0
INFO	__main__ |:|	[Epoch 105] Training on graph 10
INFO	__main__ |:|	[Epoch 105] Training on graph 20
INFO	__main__ |:|	[Epoch 105] Training on graph 30
INFO	__main__ |:|	[Epoch 105] Training on graph 40
INFO	__main__ |:|	[Epoch 105] Training on graph 50
INFO	__main__ |:|	[Epoch 105] Training on graph 60
INFO	__main__ |:|	[Epoch 105] Training on graph 0
INFO	__main__ |:|	[Epoch 105] Training on graph 10
INFO	__main__ |:|	[Epoch 105] Training on graph 20
INFO	__main__ |:|	[Epoch 105] Training on graph 30
INFO	__main__ |:|	[Epoch 105] Training on graph 40
INFO	__main__ |:|	[Epoch 105] Training on graph 50
INFO	__main__ |:|	[Epoch 105] took 2.74 minutes.
INFO	__main__ |:|	Evaluating on test set with 70 graphs...
INFO	__main__ |:|	[Epoch 105] Test evaluation took 2.55 minutes.
INFO	__main__ |:|	[Epoch 105] Train reward: -0.0084, Test reward: 0.0354 ± 0.1639
INFO	__main__ |:|	Early stopping at epoch 105
INFO	__main__ |:|	Final training plots created successfully
Training progress plot saved to: outputs/2025-07-29_03-48-08_gnn_rl_model_TransformerConv_p1/training_progress_p1.png
Combined progress plot saved to: outputs/2025-07-29_03-48-08_gnn_rl_model_TransformerConv_p1/combined_progress_p1.png
